2026-04-13 10:48:15,895 - MainThread - sqlmesh.core.config.connection - INFO - Creating new DuckDB adapter for data files: {'ipl_pipeline.duckdb'} (connection.py:496)
2026-04-13 10:48:16,679 - MainThread - sqlmesh.core.config.connection - INFO - Creating new DuckDB adapter for in-memory database (connection.py:498)
2026-04-13 10:48:16,722 - MainThread - sqlmesh.core.config.connection - INFO - Using existing DuckDB adapter due to overlapping data file: ipl_pipeline.duckdb (connection.py:486)
2026-04-13 10:48:23,697 - MainThread - sqlmesh.core.plan.evaluator - INFO - Evaluating plan stage CreateSnapshotRecordsStage (evaluator.py:123)
2026-04-13 10:48:23,716 - MainThread - sqlmesh.core.plan.evaluator - INFO - Evaluating plan stage PhysicalLayerSchemaCreationStage (evaluator.py:123)
2026-04-13 10:48:23,720 - MainThread - sqlmesh.core.snapshot.evaluator - INFO - Creating schema 'ipl_pipeline.sqlmesh__ipl_data' (evaluator.py:1449)
2026-04-13 10:48:23,720 - MainThread - sqlmesh.core.engine_adapter.base - INFO - Executing SQL: /* SQLMESH_PLAN: 212c93b2d3a8467b97d8cf01ed6b4365 */ CREATE SCHEMA IF NOT EXISTS "ipl_pipeline"."sqlmesh__ipl_data" (base.py:2624)
2026-04-13 10:48:23,720 - MainThread - sqlmesh.core.snapshot.evaluator - INFO - Creating schema 'ipl_pipeline.sqlmesh__sqlmesh_example' (evaluator.py:1449)
2026-04-13 10:48:23,721 - MainThread - sqlmesh.core.engine_adapter.base - INFO - Executing SQL: /* SQLMESH_PLAN: 212c93b2d3a8467b97d8cf01ed6b4365 */ CREATE SCHEMA IF NOT EXISTS "ipl_pipeline"."sqlmesh__sqlmesh_example" (base.py:2624)
2026-04-13 10:48:23,721 - MainThread - sqlmesh.core.plan.evaluator - INFO - Evaluating plan stage BackfillStage (evaluator.py:123)
2026-04-13 10:48:23,723 - MainThread - sqlmesh.core.snapshot.evaluator - INFO - Listing data objects in schema ipl_pipeline.sqlmesh__ipl_data (evaluator.py:1616)
2026-04-13 10:48:23,723 - MainThread - sqlmesh.core.engine_adapter.base - INFO - Executing SQL: /* SQLMESH_PLAN: 212c93b2d3a8467b97d8cf01ed6b4365 */ SELECT CURRENT_CATALOG (base.py:2624)
2026-04-13 10:48:23,723 - MainThread - sqlmesh.core.engine_adapter.base - INFO - Executing SQL: /* SQLMESH_PLAN: 212c93b2d3a8467b97d8cf01ed6b4365 */ SELECT CURRENT_CATALOG (base.py:2624)
2026-04-13 10:48:23,724 - MainThread - sqlmesh.core.engine_adapter.base - INFO - Executing SQL: /* SQLMESH_PLAN: 212c93b2d3a8467b97d8cf01ed6b4365 */ SELECT table_name AS name, table_schema AS schema, CASE table_type WHEN 'BASE TABLE' THEN 'table' WHEN 'VIEW' THEN 'view' WHEN 'LOCAL TEMPORARY' THEN 'table' END AS type FROM system.information_schema.tables WHERE (table_catalog = 'ipl_pipeline' AND table_schema = 'sqlmesh__ipl_data') AND table_name IN ('ipl_data__team_performance__164525087') (base.py:2624)
2026-04-13 10:48:23,728 - MainThread - sqlmesh.core.snapshot.evaluator - INFO - Evaluating snapshot SnapshotId<"ipl_pipeline"."ipl_data"."team_performance": 496689351> (evaluator.py:711)
2026-04-13 10:48:23,729 - MainThread - sqlmesh.core.snapshot.evaluator - INFO - Inserting data for snapshot SnapshotId<"ipl_pipeline"."ipl_data"."team_performance": 496689351> (evaluator.py:952)
2026-04-13 10:48:23,737 - MainThread - sqlmesh.core.snapshot.evaluator - INFO - Inserting batch (2026-04-06 00:00:00, 2026-04-08 00:00:00) into ipl_pipeline.sqlmesh__ipl_data.ipl_data__team_performance__164525087' (evaluator.py:984)
2026-04-13 10:48:23,737 - MainThread - sqlmesh.core.engine_adapter.base - INFO - Executing SQL: /* SQLMESH_PLAN: 212c93b2d3a8467b97d8cf01ed6b4365 */ DESCRIBE "ipl_pipeline"."sqlmesh__ipl_data"."ipl_data__team_performance__164525087" (base.py:2624)
2026-04-13 10:48:23,738 - MainThread - sqlmesh.core.engine_adapter.base - INFO - Executing SQL: /* SQLMESH_PLAN: 212c93b2d3a8467b97d8cf01ed6b4365 */ SELECT CURRENT_CATALOG (base.py:2624)
2026-04-13 10:48:23,739 - MainThread - sqlmesh.core.engine_adapter.base - INFO - Executing SQL: /* SQLMESH_PLAN: 212c93b2d3a8467b97d8cf01ed6b4365 */ SELECT type FROM DUCKDB_DATABASES() WHERE database_name = 'ipl_pipeline' (base.py:2624)
2026-04-13 10:48:23,740 - MainThread - sqlmesh.core.engine_adapter.base - INFO - Executing SQL: /* SQLMESH_PLAN: 212c93b2d3a8467b97d8cf01ed6b4365 */ CREATE OR REPLACE TABLE "ipl_pipeline"."sqlmesh__ipl_data"."ipl_data__team_performance__164525087" AS WITH "all_matches" AS (SELECT "match_summary"."match_id" AS "match_id", "match_summary"."season" AS "season", "match_summary"."batting_team" AS "team", "match_summary"."match_won_by" AS "match_won_by", "match_summary"."win_outcome" AS "win_outcome" FROM "ipl_pipeline"."sqlmesh__ipl_data"."ipl_data__match_summary__3571401287" AS "match_summary" UNION ALL SELECT "match_summary"."match_id" AS "match_id", "match_summary"."season" AS "season", "match_summary"."bowling_team" AS "team", "match_summary"."match_won_by" AS "match_won_by", "match_summary"."win_outcome" AS "win_outcome" FROM "ipl_pipeline"."sqlmesh__ipl_data"."ipl_data__match_summary__3571401287" AS "match_summary") SELECT "all_matches"."season" AS "season", "all_matches"."team" AS "team", COUNT(DISTINCT "all_matches"."match_id") AS "matches_played", SUM(CASE WHEN "all_matches"."match_won_by" = "all_matches"."team" THEN 1 ELSE 0 END) AS "matches_won", SUM(CASE WHEN "all_matches"."match_won_by" <> "all_matches"."team" AND "all_matches"."win_outcome" <> 'no result' THEN 1 ELSE 0 END) AS "matches_lost", ROUND(SUM(CASE WHEN "all_matches"."match_won_by" = "all_matches"."team" THEN 1 ELSE 0 END) * 100.0 / COUNT(DISTINCT "all_matches"."match_id"), 2) AS "win_percentage" FROM "all_matches" AS "all_matches" GROUP BY "all_matches"."season", "all_matches"."team" (base.py:2624)
2026-04-13 10:48:23,759 - MainThread - sqlmesh.core.state_sync.db.facade - INFO - Adding interval (2026-04-06 00:00:00, 2026-04-08 00:00:00) for snapshot SnapshotId<"ipl_pipeline"."ipl_data"."team_performance": 496689351> (facade.py:637)
2026-04-13 10:48:23,759 - MainThread - sqlmesh.core.state_sync.db.interval - INFO - Pushing intervals for snapshot SnapshotId<"ipl_pipeline"."ipl_data"."team_performance": 496689351> (interval.py:215)
2026-04-13 10:48:23,781 - MainThread - sqlmesh.core.plan.evaluator - INFO - Evaluating plan stage EnvironmentRecordUpdateStage (evaluator.py:123)
2026-04-13 10:48:23,781 - MainThread - sqlmesh.core.state_sync.db.facade - INFO - Promoting environment 'prod' (facade.py:167)
2026-04-13 10:48:23,808 - MainThread - sqlmesh.core.plan.evaluator - INFO - Evaluating plan stage UnpauseStage (evaluator.py:123)
2026-04-13 10:48:23,817 - MainThread - sqlmesh.core.plan.evaluator - INFO - Evaluating plan stage VirtualLayerUpdateStage (evaluator.py:123)
2026-04-13 10:48:23,821 - MainThread - sqlmesh.core.snapshot.evaluator - INFO - Creating schema 'ipl_pipeline.ipl_data' (evaluator.py:1449)
2026-04-13 10:48:23,821 - MainThread - sqlmesh.core.engine_adapter.base - INFO - Executing SQL: /* SQLMESH_PLAN: 212c93b2d3a8467b97d8cf01ed6b4365 */ CREATE SCHEMA IF NOT EXISTS "ipl_pipeline"."ipl_data" (base.py:2624)
2026-04-13 10:48:23,822 - MainThread - sqlmesh.core.snapshot.evaluator - INFO - Listing data objects in schema ipl_pipeline.ipl_data (evaluator.py:1616)
2026-04-13 10:48:23,822 - MainThread - sqlmesh.core.engine_adapter.base - INFO - Executing SQL: /* SQLMESH_PLAN: 212c93b2d3a8467b97d8cf01ed6b4365 */ SELECT CURRENT_CATALOG (base.py:2624)
2026-04-13 10:48:23,822 - MainThread - sqlmesh.core.engine_adapter.base - INFO - Executing SQL: /* SQLMESH_PLAN: 212c93b2d3a8467b97d8cf01ed6b4365 */ SELECT CURRENT_CATALOG (base.py:2624)
2026-04-13 10:48:23,823 - MainThread - sqlmesh.core.engine_adapter.base - INFO - Executing SQL: /* SQLMESH_PLAN: 212c93b2d3a8467b97d8cf01ed6b4365 */ SELECT table_name AS name, table_schema AS schema, CASE table_type WHEN 'BASE TABLE' THEN 'table' WHEN 'VIEW' THEN 'view' WHEN 'LOCAL TEMPORARY' THEN 'table' END AS type FROM system.information_schema.tables WHERE (table_catalog = 'ipl_pipeline' AND table_schema = 'ipl_data') AND table_name IN ('team_performance') (base.py:2624)
2026-04-13 10:48:23,827 - MainThread - sqlmesh.core.snapshot.evaluator - INFO - Updating view 'ipl_pipeline.ipl_data.team_performance' to point at table 'ipl_pipeline.sqlmesh__ipl_data.ipl_data__team_performance__164525087' (evaluator.py:1988)
2026-04-13 10:48:23,828 - MainThread - sqlmesh.core.engine_adapter.base - INFO - Executing SQL: /* SQLMESH_PLAN: 212c93b2d3a8467b97d8cf01ed6b4365 */ CREATE OR REPLACE VIEW "ipl_pipeline"."ipl_data"."team_performance" AS SELECT * FROM "ipl_pipeline"."sqlmesh__ipl_data"."ipl_data__team_performance__164525087" (base.py:2624)
2026-04-13 10:48:23,835 - MainThread - sqlmesh.core.plan.evaluator - INFO - Evaluating plan stage FinalizeEnvironmentStage (evaluator.py:123)
2026-04-13 10:48:23,835 - MainThread - sqlmesh.core.state_sync.db.environment - INFO - Finalizing environment 'prod' (environment.py:141)
2026-04-13 10:48:23,885 - MainThread - root - INFO - Shutting down the event dispatcher (dispatcher.py:159)
