2026-04-07 14:53:32,773 - MainThread - sqlmesh.core.config.connection - INFO - Creating new DuckDB adapter for data files: {'ipl_pipeline.duckdb'} (connection.py:496)
2026-04-07 14:53:34,135 - MainThread - sqlmesh.core.config.connection - INFO - Creating new DuckDB adapter for in-memory database (connection.py:498)
2026-04-07 14:53:34,262 - MainThread - sqlmesh.core.config.connection - INFO - Using existing DuckDB adapter due to overlapping data file: ipl_pipeline.duckdb (connection.py:486)
2026-04-07 14:53:43,475 - MainThread - sqlmesh.core.plan.evaluator - INFO - Evaluating plan stage CreateSnapshotRecordsStage (evaluator.py:123)
2026-04-07 14:53:43,506 - MainThread - sqlmesh.core.plan.evaluator - INFO - Evaluating plan stage PhysicalLayerSchemaCreationStage (evaluator.py:123)
2026-04-07 14:53:43,506 - MainThread - sqlmesh.core.snapshot.evaluator - INFO - Creating schema 'ipl_pipeline.sqlmesh__sqlmesh_example' (evaluator.py:1449)
2026-04-07 14:53:43,506 - MainThread - sqlmesh.core.engine_adapter.base - INFO - Executing SQL: /* SQLMESH_PLAN: f1b438f89faf43e1b9cd0011236d3d8f */ CREATE SCHEMA IF NOT EXISTS "ipl_pipeline"."sqlmesh__sqlmesh_example" (base.py:2624)
2026-04-07 14:53:43,506 - MainThread - sqlmesh.core.snapshot.evaluator - INFO - Creating schema 'ipl_pipeline.sqlmesh__ipl_data' (evaluator.py:1449)
2026-04-07 14:53:43,506 - MainThread - sqlmesh.core.engine_adapter.base - INFO - Executing SQL: /* SQLMESH_PLAN: f1b438f89faf43e1b9cd0011236d3d8f */ CREATE SCHEMA IF NOT EXISTS "ipl_pipeline"."sqlmesh__ipl_data" (base.py:2624)
2026-04-07 14:53:43,506 - MainThread - sqlmesh.core.plan.evaluator - INFO - Evaluating plan stage BackfillStage (evaluator.py:123)
2026-04-07 14:53:43,506 - MainThread - sqlmesh.core.snapshot.evaluator - INFO - Listing data objects in schema ipl_pipeline.sqlmesh__ipl_data (evaluator.py:1616)
2026-04-07 14:53:43,506 - MainThread - sqlmesh.core.engine_adapter.base - INFO - Executing SQL: /* SQLMESH_PLAN: f1b438f89faf43e1b9cd0011236d3d8f */ SELECT CURRENT_CATALOG (base.py:2624)
2026-04-07 14:53:43,506 - MainThread - sqlmesh.core.engine_adapter.base - INFO - Executing SQL: /* SQLMESH_PLAN: f1b438f89faf43e1b9cd0011236d3d8f */ SELECT CURRENT_CATALOG (base.py:2624)
2026-04-07 14:53:43,515 - MainThread - sqlmesh.core.engine_adapter.base - INFO - Executing SQL: /* SQLMESH_PLAN: f1b438f89faf43e1b9cd0011236d3d8f */ SELECT table_name AS name, table_schema AS schema, CASE table_type WHEN 'BASE TABLE' THEN 'table' WHEN 'VIEW' THEN 'view' WHEN 'LOCAL TEMPORARY' THEN 'table' END AS type FROM system.information_schema.tables WHERE (table_catalog = 'ipl_pipeline' AND table_schema = 'sqlmesh__ipl_data') AND table_name IN ('ipl_data__match_summary__998378326') (base.py:2624)
2026-04-07 14:53:43,520 - MainThread - sqlmesh.core.snapshot.evaluator - INFO - Evaluating snapshot SnapshotId<"ipl_pipeline"."ipl_data"."match_summary": 4060814675> (evaluator.py:711)
2026-04-07 14:53:43,522 - MainThread - sqlmesh.core.snapshot.evaluator - INFO - Inserting data for snapshot SnapshotId<"ipl_pipeline"."ipl_data"."match_summary": 4060814675> (evaluator.py:952)
2026-04-07 14:53:43,522 - MainThread - sqlmesh.core.snapshot.evaluator - INFO - Inserting batch (2026-04-06 00:00:00, 2026-04-07 00:00:00) into ipl_pipeline.sqlmesh__ipl_data.ipl_data__match_summary__998378326' (evaluator.py:984)
2026-04-07 14:53:43,522 - MainThread - sqlmesh.core.engine_adapter.base - INFO - Executing SQL: /* SQLMESH_PLAN: f1b438f89faf43e1b9cd0011236d3d8f */ DESCRIBE "ipl_pipeline"."sqlmesh__ipl_data"."ipl_data__match_summary__998378326" (base.py:2624)
2026-04-07 14:53:43,522 - MainThread - sqlmesh.core.engine_adapter.base - INFO - Executing SQL: /* SQLMESH_PLAN: f1b438f89faf43e1b9cd0011236d3d8f */ SELECT CURRENT_CATALOG (base.py:2624)
2026-04-07 14:53:43,538 - MainThread - sqlmesh.core.engine_adapter.base - INFO - Executing SQL: /* SQLMESH_PLAN: f1b438f89faf43e1b9cd0011236d3d8f */ SELECT type FROM DUCKDB_DATABASES() WHERE database_name = 'ipl_pipeline' (base.py:2624)
2026-04-07 14:53:43,538 - MainThread - sqlmesh.core.engine_adapter.base - INFO - Executing SQL: /* SQLMESH_PLAN: f1b438f89faf43e1b9cd0011236d3d8f */ CREATE OR REPLACE TABLE "ipl_pipeline"."sqlmesh__ipl_data"."ipl_data__match_summary__998378326" AS SELECT "match_id" AS "match_id", "season" AS "season", "date" AS "date", "venue" AS "venue", "city" AS "city", "batting_team" AS "batting_team", "bowling_team" AS "bowling_team", "toss_winner" AS "toss_winner", "toss_decision" AS "toss_decision", "match_won_by" AS "match_won_by", "win_outcome" AS "win_outcome", "player_of_match" AS "player_of_match", "stage" AS "stage" FROM "ipl_pipeline"."ipl_data"."ipl_deliveries" AS "ipl_deliveries" WHERE "innings" = 1 AND "over" = 0 AND "ball_no" = 0.1 (base.py:2624)
2026-04-07 14:53:43,557 - MainThread - sqlmesh.core.state_sync.db.facade - INFO - Adding interval (2026-04-06 00:00:00, 2026-04-07 00:00:00) for snapshot SnapshotId<"ipl_pipeline"."ipl_data"."match_summary": 4060814675> (facade.py:637)
2026-04-07 14:53:43,557 - MainThread - sqlmesh.core.state_sync.db.interval - INFO - Pushing intervals for snapshot SnapshotId<"ipl_pipeline"."ipl_data"."match_summary": 4060814675> (interval.py:215)
2026-04-07 14:53:43,572 - MainThread - sqlmesh.core.plan.evaluator - INFO - Evaluating plan stage EnvironmentRecordUpdateStage (evaluator.py:123)
2026-04-07 14:53:43,572 - MainThread - sqlmesh.core.state_sync.db.facade - INFO - Promoting environment 'prod' (facade.py:167)
2026-04-07 14:53:43,600 - MainThread - sqlmesh.core.plan.evaluator - INFO - Evaluating plan stage UnpauseStage (evaluator.py:123)
2026-04-07 14:53:43,616 - MainThread - sqlmesh.core.plan.evaluator - INFO - Evaluating plan stage VirtualLayerUpdateStage (evaluator.py:123)
2026-04-07 14:53:43,616 - MainThread - sqlmesh.core.snapshot.evaluator - INFO - Creating schema 'ipl_pipeline.ipl_data' (evaluator.py:1449)
2026-04-07 14:53:43,616 - MainThread - sqlmesh.core.engine_adapter.base - INFO - Executing SQL: /* SQLMESH_PLAN: f1b438f89faf43e1b9cd0011236d3d8f */ CREATE SCHEMA IF NOT EXISTS "ipl_pipeline"."ipl_data" (base.py:2624)
2026-04-07 14:53:43,627 - MainThread - sqlmesh.core.snapshot.evaluator - INFO - Listing data objects in schema ipl_pipeline.ipl_data (evaluator.py:1616)
2026-04-07 14:53:43,627 - MainThread - sqlmesh.core.engine_adapter.base - INFO - Executing SQL: /* SQLMESH_PLAN: f1b438f89faf43e1b9cd0011236d3d8f */ SELECT CURRENT_CATALOG (base.py:2624)
2026-04-07 14:53:43,627 - MainThread - sqlmesh.core.engine_adapter.base - INFO - Executing SQL: /* SQLMESH_PLAN: f1b438f89faf43e1b9cd0011236d3d8f */ SELECT CURRENT_CATALOG (base.py:2624)
2026-04-07 14:53:43,627 - MainThread - sqlmesh.core.engine_adapter.base - INFO - Executing SQL: /* SQLMESH_PLAN: f1b438f89faf43e1b9cd0011236d3d8f */ SELECT table_name AS name, table_schema AS schema, CASE table_type WHEN 'BASE TABLE' THEN 'table' WHEN 'VIEW' THEN 'view' WHEN 'LOCAL TEMPORARY' THEN 'table' END AS type FROM system.information_schema.tables WHERE (table_catalog = 'ipl_pipeline' AND table_schema = 'ipl_data') AND table_name IN ('match_summary') (base.py:2624)
2026-04-07 14:53:43,627 - MainThread - sqlmesh.core.snapshot.evaluator - INFO - Updating view 'ipl_pipeline.ipl_data.match_summary' to point at table 'ipl_pipeline.sqlmesh__ipl_data.ipl_data__match_summary__998378326' (evaluator.py:1988)
2026-04-07 14:53:43,632 - MainThread - sqlmesh.core.engine_adapter.base - INFO - Executing SQL: /* SQLMESH_PLAN: f1b438f89faf43e1b9cd0011236d3d8f */ CREATE OR REPLACE VIEW "ipl_pipeline"."ipl_data"."match_summary" AS SELECT * FROM "ipl_pipeline"."sqlmesh__ipl_data"."ipl_data__match_summary__998378326" (base.py:2624)
2026-04-07 14:53:43,632 - MainThread - sqlmesh.core.plan.evaluator - INFO - Evaluating plan stage FinalizeEnvironmentStage (evaluator.py:123)
2026-04-07 14:53:43,632 - MainThread - sqlmesh.core.state_sync.db.environment - INFO - Finalizing environment 'prod' (environment.py:141)
2026-04-07 14:53:43,695 - MainThread - root - INFO - Shutting down the event dispatcher (dispatcher.py:159)
