2026-04-07 20:04:42,229 - MainThread - sqlmesh.core.config.connection - INFO - Creating new DuckDB adapter for data files: {'ipl_pipeline.duckdb'} (connection.py:496)
2026-04-07 20:04:42,355 - MainThread - sqlmesh.core.config.connection - INFO - Using existing DuckDB adapter due to overlapping data file: ipl_pipeline.duckdb (connection.py:486)
2026-04-07 20:04:42,374 - MainThread - sqlmesh.core.state_sync.common - INFO - Cleaned up 0 expired snapshots (janitor.py:181)
2026-04-07 20:04:42,398 - MainThread - sqlmesh.core.state_sync.db.interval - INFO - Compacting 7 intervals for 7 snapshots (interval.py:130)
2026-04-07 20:04:42,398 - MainThread - sqlmesh.core.state_sync.db.interval - INFO - Pushing intervals for snapshot SnapshotId<"ipl_pipeline"."ipl_data"."batting_stats": 2243697428> (interval.py:215)
2026-04-07 20:04:42,399 - MainThread - sqlmesh.core.state_sync.db.interval - INFO - Pushing intervals for snapshot SnapshotId<"ipl_pipeline"."ipl_data"."bowling_stats": 4129444290> (interval.py:215)
2026-04-07 20:04:42,399 - MainThread - sqlmesh.core.state_sync.db.interval - INFO - Pushing intervals for snapshot SnapshotId<"ipl_pipeline"."ipl_data"."match_summary": 2287823828> (interval.py:215)
2026-04-07 20:04:42,399 - MainThread - sqlmesh.core.state_sync.db.interval - INFO - Pushing intervals for snapshot SnapshotId<"ipl_pipeline"."ipl_data"."match_summary": 4060814675> (interval.py:215)
2026-04-07 20:04:42,399 - MainThread - sqlmesh.core.state_sync.db.interval - INFO - Pushing intervals for snapshot SnapshotId<"ipl_pipeline"."sqlmesh_example"."full_model": 3498316053> (interval.py:215)
2026-04-07 20:04:42,399 - MainThread - sqlmesh.core.state_sync.db.interval - INFO - Pushing intervals for snapshot SnapshotId<"ipl_pipeline"."sqlmesh_example"."incremental_model": 3888523954> (interval.py:215)
2026-04-07 20:04:42,400 - MainThread - sqlmesh.core.state_sync.db.interval - INFO - Pushing intervals for snapshot SnapshotId<"ipl_pipeline"."sqlmesh_example"."seed_model": 2354868438> (interval.py:215)
2026-04-07 20:04:42,702 - MainThread - sqlmesh.core.snapshot.evaluator - INFO - Listing data objects in schema ipl_pipeline.sqlmesh__sqlmesh_example (evaluator.py:1616)
2026-04-07 20:04:42,704 - MainThread - sqlmesh.core.engine_adapter.base - INFO - Executing SQL: SELECT CURRENT_CATALOG (base.py:2624)
2026-04-07 20:04:42,708 - MainThread - sqlmesh.core.engine_adapter.base - INFO - Executing SQL: SELECT CURRENT_CATALOG (base.py:2624)
2026-04-07 20:04:42,710 - MainThread - sqlmesh.core.engine_adapter.base - INFO - Executing SQL: SELECT table_name AS name, table_schema AS schema, CASE table_type WHEN 'BASE TABLE' THEN 'table' WHEN 'VIEW' THEN 'view' WHEN 'LOCAL TEMPORARY' THEN 'table' END AS type FROM system.information_schema.tables WHERE (table_catalog = 'ipl_pipeline' AND table_schema = 'sqlmesh__sqlmesh_example') AND table_name IN ('sqlmesh_example__full_model__635791289', 'sqlmesh_example__incremental_model__3572673861') (base.py:2624)
2026-04-07 20:04:42,730 - MainThread - sqlmesh.core.snapshot.evaluator - INFO - Listing data objects in schema ipl_pipeline.sqlmesh__ipl_data (evaluator.py:1616)
2026-04-07 20:04:42,731 - MainThread - sqlmesh.core.engine_adapter.base - INFO - Executing SQL: SELECT CURRENT_CATALOG (base.py:2624)
2026-04-07 20:04:42,732 - MainThread - sqlmesh.core.engine_adapter.base - INFO - Executing SQL: SELECT CURRENT_CATALOG (base.py:2624)
2026-04-07 20:04:42,735 - MainThread - sqlmesh.core.engine_adapter.base - INFO - Executing SQL: SELECT table_name AS name, table_schema AS schema, CASE table_type WHEN 'BASE TABLE' THEN 'table' WHEN 'VIEW' THEN 'view' WHEN 'LOCAL TEMPORARY' THEN 'table' END AS type FROM system.information_schema.tables WHERE (table_catalog = 'ipl_pipeline' AND table_schema = 'sqlmesh__ipl_data') AND table_name IN ('ipl_data__batting_stats__1777953385', 'ipl_data__bowling_stats__3047872613', 'ipl_data__match_summary__998378326') (base.py:2624)
2026-04-07 20:04:42,749 - MainThread - sqlmesh.core.snapshot.evaluator - INFO - Evaluating snapshot SnapshotId<"ipl_pipeline"."ipl_data"."batting_stats": 2243697428> (evaluator.py:711)
2026-04-07 20:04:42,750 - MainThread - sqlmesh.core.snapshot.evaluator - INFO - Inserting data for snapshot SnapshotId<"ipl_pipeline"."ipl_data"."batting_stats": 2243697428> (evaluator.py:952)
2026-04-07 20:04:42,765 - MainThread - sqlmesh.core.snapshot.evaluator - INFO - Inserting batch (2026-04-07 00:00:00, 2026-04-08 00:00:00) into ipl_pipeline.sqlmesh__ipl_data.ipl_data__batting_stats__1777953385' (evaluator.py:984)
2026-04-07 20:04:42,766 - MainThread - sqlmesh.core.engine_adapter.base - INFO - Executing SQL: DESCRIBE "ipl_pipeline"."sqlmesh__ipl_data"."ipl_data__batting_stats__1777953385" (base.py:2624)
2026-04-07 20:04:42,773 - MainThread - sqlmesh.core.engine_adapter.base - INFO - Executing SQL: SELECT CURRENT_CATALOG (base.py:2624)
2026-04-07 20:04:42,775 - MainThread - sqlmesh.core.engine_adapter.base - INFO - Executing SQL: SELECT type FROM DUCKDB_DATABASES() WHERE database_name = 'ipl_pipeline' (base.py:2624)
2026-04-07 20:04:42,782 - MainThread - sqlmesh.core.engine_adapter.base - INFO - Executing SQL: CREATE OR REPLACE TABLE "ipl_pipeline"."sqlmesh__ipl_data"."ipl_data__batting_stats__1777953385" AS SELECT CAST("season" AS TEXT) AS "season", CAST("batter" AS TEXT) AS "batter", CAST("batting_team" AS TEXT) AS "batting_team", CAST("balls_faced" AS BIGINT) AS "balls_faced", CAST("total_runs" AS INT128) AS "total_runs", CAST("fours" AS INT128) AS "fours", CAST("sixes" AS INT128) AS "sixes", CAST("strike_rate" AS DOUBLE) AS "strike_rate" FROM (SELECT "season" AS "season", "batter" AS "batter", "batting_team" AS "batting_team", COUNT(*) AS "balls_faced", SUM("runs_batter") AS "total_runs", SUM(CASE WHEN "runs_batter" = 4 THEN 1 ELSE 0 END) AS "fours", SUM(CASE WHEN "runs_batter" = 6 THEN 1 ELSE 0 END) AS "sixes", ROUND(SUM("runs_batter") * 100.0 / COUNT(*), 2) AS "strike_rate" FROM "ipl_pipeline"."ipl_data"."ipl_deliveries" AS "ipl_deliveries" WHERE "valid_ball" = 1 GROUP BY "season", "batter", "batting_team") AS "_subquery" (base.py:2624)
2026-04-07 20:04:42,852 - MainThread - sqlmesh.core.state_sync.db.facade - INFO - Adding interval (2026-04-07 00:00:00, 2026-04-08 00:00:00) for snapshot SnapshotId<"ipl_pipeline"."ipl_data"."batting_stats": 2243697428> (facade.py:637)
2026-04-07 20:04:42,852 - MainThread - sqlmesh.core.state_sync.db.interval - INFO - Pushing intervals for snapshot SnapshotId<"ipl_pipeline"."ipl_data"."batting_stats": 2243697428> (interval.py:215)
2026-04-07 20:04:42,888 - MainThread - sqlmesh.core.snapshot.evaluator - INFO - Evaluating snapshot SnapshotId<"ipl_pipeline"."ipl_data"."bowling_stats": 4129444290> (evaluator.py:711)
2026-04-07 20:04:42,889 - MainThread - sqlmesh.core.snapshot.evaluator - INFO - Inserting data for snapshot SnapshotId<"ipl_pipeline"."ipl_data"."bowling_stats": 4129444290> (evaluator.py:952)
2026-04-07 20:04:42,896 - MainThread - sqlmesh.core.snapshot.evaluator - INFO - Inserting batch (2026-04-07 00:00:00, 2026-04-08 00:00:00) into ipl_pipeline.sqlmesh__ipl_data.ipl_data__bowling_stats__3047872613' (evaluator.py:984)
2026-04-07 20:04:42,896 - MainThread - sqlmesh.core.engine_adapter.base - INFO - Executing SQL: DESCRIBE "ipl_pipeline"."sqlmesh__ipl_data"."ipl_data__bowling_stats__3047872613" (base.py:2624)
2026-04-07 20:04:42,901 - MainThread - sqlmesh.core.engine_adapter.base - INFO - Executing SQL: SELECT CURRENT_CATALOG (base.py:2624)
2026-04-07 20:04:42,902 - MainThread - sqlmesh.core.engine_adapter.base - INFO - Executing SQL: SELECT type FROM DUCKDB_DATABASES() WHERE database_name = 'ipl_pipeline' (base.py:2624)
2026-04-07 20:04:42,906 - MainThread - sqlmesh.core.engine_adapter.base - INFO - Executing SQL: CREATE OR REPLACE TABLE "ipl_pipeline"."sqlmesh__ipl_data"."ipl_data__bowling_stats__3047872613" AS SELECT CAST("season" AS TEXT) AS "season", CAST("bowler" AS TEXT) AS "bowler", CAST("bowling_team" AS TEXT) AS "bowling_team", CAST("balls_bowled" AS BIGINT) AS "balls_bowled", CAST("runs_conceded" AS INT128) AS "runs_conceded", CAST("wickets" AS INT128) AS "wickets", CAST("economy" AS DOUBLE) AS "economy" FROM (SELECT "season" AS "season", "bowler" AS "bowler", "bowling_team" AS "bowling_team", COUNT(*) AS "balls_bowled", SUM("runs_bowler") AS "runs_conceded", SUM("bowler_wicket") AS "wickets", ROUND(SUM("runs_bowler") * 6.0 / COUNT(*), 2) AS "economy" FROM "ipl_pipeline"."ipl_data"."ipl_deliveries" AS "ipl_deliveries" WHERE "valid_ball" = 1 GROUP BY "season", "bowler", "bowling_team") AS "_subquery" (base.py:2624)
2026-04-07 20:04:42,947 - MainThread - sqlmesh.core.state_sync.db.facade - INFO - Adding interval (2026-04-07 00:00:00, 2026-04-08 00:00:00) for snapshot SnapshotId<"ipl_pipeline"."ipl_data"."bowling_stats": 4129444290> (facade.py:637)
2026-04-07 20:04:42,947 - MainThread - sqlmesh.core.state_sync.db.interval - INFO - Pushing intervals for snapshot SnapshotId<"ipl_pipeline"."ipl_data"."bowling_stats": 4129444290> (interval.py:215)
2026-04-07 20:04:42,985 - MainThread - sqlmesh.core.snapshot.evaluator - INFO - Evaluating snapshot SnapshotId<"ipl_pipeline"."ipl_data"."match_summary": 4060814675> (evaluator.py:711)
2026-04-07 20:04:42,987 - MainThread - sqlmesh.core.snapshot.evaluator - INFO - Inserting data for snapshot SnapshotId<"ipl_pipeline"."ipl_data"."match_summary": 4060814675> (evaluator.py:952)
2026-04-07 20:04:43,001 - MainThread - sqlmesh.core.snapshot.evaluator - INFO - Inserting batch (2026-04-07 00:00:00, 2026-04-08 00:00:00) into ipl_pipeline.sqlmesh__ipl_data.ipl_data__match_summary__998378326' (evaluator.py:984)
2026-04-07 20:04:43,003 - MainThread - sqlmesh.core.engine_adapter.base - INFO - Executing SQL: DESCRIBE "ipl_pipeline"."sqlmesh__ipl_data"."ipl_data__match_summary__998378326" (base.py:2624)
2026-04-07 20:04:43,010 - MainThread - sqlmesh.core.engine_adapter.base - INFO - Executing SQL: SELECT CURRENT_CATALOG (base.py:2624)
2026-04-07 20:04:43,012 - MainThread - sqlmesh.core.engine_adapter.base - INFO - Executing SQL: SELECT type FROM DUCKDB_DATABASES() WHERE database_name = 'ipl_pipeline' (base.py:2624)
2026-04-07 20:04:43,018 - MainThread - sqlmesh.core.engine_adapter.base - INFO - Executing SQL: CREATE OR REPLACE TABLE "ipl_pipeline"."sqlmesh__ipl_data"."ipl_data__match_summary__998378326" AS SELECT CAST("match_id" AS BIGINT) AS "match_id", CAST("season" AS TEXT) AS "season", CAST("date" AS TEXT) AS "date", CAST("venue" AS TEXT) AS "venue", CAST("city" AS TEXT) AS "city", CAST("batting_team" AS TEXT) AS "batting_team", CAST("bowling_team" AS TEXT) AS "bowling_team", CAST("toss_winner" AS TEXT) AS "toss_winner", CAST("toss_decision" AS TEXT) AS "toss_decision", CAST("match_won_by" AS TEXT) AS "match_won_by", CAST("win_outcome" AS TEXT) AS "win_outcome", CAST("player_of_match" AS TEXT) AS "player_of_match", CAST("stage" AS TEXT) AS "stage" FROM (SELECT "match_id" AS "match_id", "season" AS "season", "date" AS "date", "venue" AS "venue", "city" AS "city", "batting_team" AS "batting_team", "bowling_team" AS "bowling_team", "toss_winner" AS "toss_winner", "toss_decision" AS "toss_decision", "match_won_by" AS "match_won_by", "win_outcome" AS "win_outcome", "player_of_match" AS "player_of_match", "stage" AS "stage" FROM "ipl_pipeline"."ipl_data"."ipl_deliveries" AS "ipl_deliveries" WHERE "innings" = 1 AND "over" = 0 AND "ball_no" = 0.1) AS "_subquery" (base.py:2624)
2026-04-07 20:04:43,057 - MainThread - sqlmesh.core.state_sync.db.facade - INFO - Adding interval (2026-04-07 00:00:00, 2026-04-08 00:00:00) for snapshot SnapshotId<"ipl_pipeline"."ipl_data"."match_summary": 4060814675> (facade.py:637)
2026-04-07 20:04:43,059 - MainThread - sqlmesh.core.state_sync.db.interval - INFO - Pushing intervals for snapshot SnapshotId<"ipl_pipeline"."ipl_data"."match_summary": 4060814675> (interval.py:215)
2026-04-07 20:04:43,095 - MainThread - sqlmesh.core.snapshot.evaluator - INFO - Evaluating snapshot SnapshotId<"ipl_pipeline"."sqlmesh_example"."incremental_model": 3888523954> (evaluator.py:711)
2026-04-07 20:04:43,096 - MainThread - sqlmesh.core.snapshot.evaluator - INFO - Inserting data for snapshot SnapshotId<"ipl_pipeline"."sqlmesh_example"."incremental_model": 3888523954> (evaluator.py:952)
2026-04-07 20:04:43,117 - MainThread - sqlmesh.core.snapshot.evaluator - INFO - Inserting batch (2026-04-07 00:00:00, 2026-04-08 00:00:00) into ipl_pipeline.sqlmesh__sqlmesh_example.sqlmesh_example__incremental_model__3572673861' (evaluator.py:984)
2026-04-07 20:04:43,124 - MainThread - sqlmesh.core.engine_adapter.base - INFO - Executing SQL: DELETE FROM "ipl_pipeline"."sqlmesh__sqlmesh_example"."sqlmesh_example__incremental_model__3572673861" WHERE "event_date" BETWEEN CAST('2026-04-07' AS DATE) AND CAST('2026-04-07' AS DATE) (base.py:2624)
2026-04-07 20:04:43,132 - MainThread - sqlmesh.core.engine_adapter.base - INFO - Executing SQL: INSERT INTO "ipl_pipeline"."sqlmesh__sqlmesh_example"."sqlmesh_example__incremental_model__3572673861" ("id", "item_id", "event_date") SELECT "id", "item_id", "event_date" FROM (SELECT "seed_model"."id" AS "id", "seed_model"."item_id" AS "item_id", "seed_model"."event_date" AS "event_date" FROM "ipl_pipeline"."sqlmesh__sqlmesh_example"."sqlmesh_example__seed_model__2437004170" AS "seed_model" WHERE "seed_model"."event_date" <= CAST('2026-04-07' AS DATE) AND "seed_model"."event_date" >= CAST('2026-04-07' AS DATE)) AS "_subquery" WHERE "event_date" BETWEEN CAST('2026-04-07' AS DATE) AND CAST('2026-04-07' AS DATE) (base.py:2624)
2026-04-07 20:04:43,133 - MainThread - sqlmesh.core.state_sync.db.facade - INFO - Adding interval (2026-04-07 00:00:00, 2026-04-08 00:00:00) for snapshot SnapshotId<"ipl_pipeline"."sqlmesh_example"."incremental_model": 3888523954> (facade.py:637)
2026-04-07 20:04:43,133 - MainThread - sqlmesh.core.state_sync.db.interval - INFO - Pushing intervals for snapshot SnapshotId<"ipl_pipeline"."sqlmesh_example"."incremental_model": 3888523954> (interval.py:215)
2026-04-07 20:04:43,162 - MainThread - sqlmesh.core.snapshot.evaluator - INFO - Evaluating snapshot SnapshotId<"ipl_pipeline"."sqlmesh_example"."full_model": 3498316053> (evaluator.py:711)
2026-04-07 20:04:43,164 - MainThread - sqlmesh.core.snapshot.evaluator - INFO - Inserting data for snapshot SnapshotId<"ipl_pipeline"."sqlmesh_example"."full_model": 3498316053> (evaluator.py:952)
2026-04-07 20:04:43,176 - MainThread - sqlmesh.core.snapshot.evaluator - INFO - Inserting batch (2026-04-07 00:00:00, 2026-04-08 00:00:00) into ipl_pipeline.sqlmesh__sqlmesh_example.sqlmesh_example__full_model__635791289' (evaluator.py:984)
2026-04-07 20:04:43,182 - MainThread - sqlmesh.core.engine_adapter.base - INFO - Executing SQL: SELECT CURRENT_CATALOG (base.py:2624)
2026-04-07 20:04:43,184 - MainThread - sqlmesh.core.engine_adapter.base - INFO - Executing SQL: SELECT type FROM DUCKDB_DATABASES() WHERE database_name = 'ipl_pipeline' (base.py:2624)
2026-04-07 20:04:43,187 - MainThread - sqlmesh.core.engine_adapter.base - INFO - Executing SQL: CREATE OR REPLACE TABLE "ipl_pipeline"."sqlmesh__sqlmesh_example"."sqlmesh_example__full_model__635791289" AS SELECT CAST("item_id" AS INT) AS "item_id", CAST("num_orders" AS BIGINT) AS "num_orders" FROM (SELECT "incremental_model"."item_id" AS "item_id", COUNT(DISTINCT "incremental_model"."id") AS "num_orders" FROM "ipl_pipeline"."sqlmesh__sqlmesh_example"."sqlmesh_example__incremental_model__3572673861" AS "incremental_model" GROUP BY "incremental_model"."item_id") AS "_subquery" (base.py:2624)
2026-04-07 20:04:43,199 - MainThread - sqlmesh.core.snapshot.evaluator - INFO - Auditing snapshot SnapshotId<"ipl_pipeline"."sqlmesh_example"."full_model": 3498316053> (evaluator.py:603)
2026-04-07 20:04:43,200 - MainThread - sqlmesh.core.engine_adapter.base - INFO - Executing SQL: DESCRIBE "ipl_pipeline"."sqlmesh__sqlmesh_example"."sqlmesh_example__full_model__635791289" (base.py:2624)
2026-04-07 20:04:43,206 - MainThread - sqlmesh.core.engine_adapter.base - INFO - Executing SQL: SELECT COUNT(*) FROM (SELECT * FROM "ipl_pipeline"."sqlmesh__sqlmesh_example"."sqlmesh_example__full_model__635791289" AS "sqlmesh_example__full_model__635791289" WHERE "item_id" < 0) AS "audit" (base.py:2624)
2026-04-07 20:04:43,207 - MainThread - sqlmesh.core.state_sync.db.facade - INFO - Adding interval (2026-04-07 00:00:00, 2026-04-08 00:00:00) for snapshot SnapshotId<"ipl_pipeline"."sqlmesh_example"."full_model": 3498316053> (facade.py:637)
2026-04-07 20:04:43,207 - MainThread - sqlmesh.core.state_sync.db.interval - INFO - Pushing intervals for snapshot SnapshotId<"ipl_pipeline"."sqlmesh_example"."full_model": 3498316053> (interval.py:215)
2026-04-07 20:04:43,322 - MainThread - root - INFO - Shutting down the event dispatcher (dispatcher.py:159)
