2026-04-07 14:57:50,985 - MainThread - sqlmesh.core.config.connection - INFO - Creating new DuckDB adapter for data files: {'ipl_pipeline.duckdb'} (connection.py:496)
2026-04-07 14:57:51,881 - MainThread - sqlmesh.core.config.connection - INFO - Creating new DuckDB adapter for in-memory database (connection.py:498)
2026-04-07 14:57:51,913 - MainThread - sqlmesh.core.config.connection - INFO - Using existing DuckDB adapter due to overlapping data file: ipl_pipeline.duckdb (connection.py:486)
2026-04-07 14:57:56,190 - MainThread - sqlmesh.core.plan.evaluator - INFO - Evaluating plan stage CreateSnapshotRecordsStage (evaluator.py:123)
2026-04-07 14:57:56,206 - MainThread - sqlmesh.core.plan.evaluator - INFO - Evaluating plan stage PhysicalLayerSchemaCreationStage (evaluator.py:123)
2026-04-07 14:57:56,206 - MainThread - sqlmesh.core.snapshot.evaluator - INFO - Creating schema 'ipl_pipeline.sqlmesh__sqlmesh_example' (evaluator.py:1449)
2026-04-07 14:57:56,206 - MainThread - sqlmesh.core.engine_adapter.base - INFO - Executing SQL: /* SQLMESH_PLAN: 5bd104a488474162962d17d4633df341 */ CREATE SCHEMA IF NOT EXISTS "ipl_pipeline"."sqlmesh__sqlmesh_example" (base.py:2624)
2026-04-07 14:57:56,206 - MainThread - sqlmesh.core.snapshot.evaluator - INFO - Creating schema 'ipl_pipeline.sqlmesh__ipl_data' (evaluator.py:1449)
2026-04-07 14:57:56,206 - MainThread - sqlmesh.core.engine_adapter.base - INFO - Executing SQL: /* SQLMESH_PLAN: 5bd104a488474162962d17d4633df341 */ CREATE SCHEMA IF NOT EXISTS "ipl_pipeline"."sqlmesh__ipl_data" (base.py:2624)
2026-04-07 14:57:56,206 - MainThread - sqlmesh.core.plan.evaluator - INFO - Evaluating plan stage BackfillStage (evaluator.py:123)
2026-04-07 14:57:56,206 - MainThread - sqlmesh.core.snapshot.evaluator - INFO - Listing data objects in schema ipl_pipeline.sqlmesh__ipl_data (evaluator.py:1616)
2026-04-07 14:57:56,206 - MainThread - sqlmesh.core.engine_adapter.base - INFO - Executing SQL: /* SQLMESH_PLAN: 5bd104a488474162962d17d4633df341 */ SELECT CURRENT_CATALOG (base.py:2624)
2026-04-07 14:57:56,206 - MainThread - sqlmesh.core.engine_adapter.base - INFO - Executing SQL: /* SQLMESH_PLAN: 5bd104a488474162962d17d4633df341 */ SELECT CURRENT_CATALOG (base.py:2624)
2026-04-07 14:57:56,206 - MainThread - sqlmesh.core.engine_adapter.base - INFO - Executing SQL: /* SQLMESH_PLAN: 5bd104a488474162962d17d4633df341 */ SELECT table_name AS name, table_schema AS schema, CASE table_type WHEN 'BASE TABLE' THEN 'table' WHEN 'VIEW' THEN 'view' WHEN 'LOCAL TEMPORARY' THEN 'table' END AS type FROM system.information_schema.tables WHERE (table_catalog = 'ipl_pipeline' AND table_schema = 'sqlmesh__ipl_data') AND table_name IN ('ipl_data__batting_stats__1777953385', 'ipl_data__bowling_stats__3047872613') (base.py:2624)
2026-04-07 14:57:56,224 - MainThread - sqlmesh.core.snapshot.evaluator - INFO - Evaluating snapshot SnapshotId<"ipl_pipeline"."ipl_data"."batting_stats": 2243697428> (evaluator.py:711)
2026-04-07 14:57:56,224 - MainThread - sqlmesh.core.snapshot.evaluator - INFO - Inserting data for snapshot SnapshotId<"ipl_pipeline"."ipl_data"."batting_stats": 2243697428> (evaluator.py:952)
2026-04-07 14:57:56,224 - MainThread - sqlmesh.core.snapshot.evaluator - INFO - Inserting batch (2026-04-06 00:00:00, 2026-04-07 00:00:00) into ipl_pipeline.sqlmesh__ipl_data.ipl_data__batting_stats__1777953385' (evaluator.py:984)
2026-04-07 14:57:56,224 - MainThread - sqlmesh.core.engine_adapter.base - INFO - Executing SQL: /* SQLMESH_PLAN: 5bd104a488474162962d17d4633df341 */ DESCRIBE "ipl_pipeline"."sqlmesh__ipl_data"."ipl_data__batting_stats__1777953385" (base.py:2624)
2026-04-07 14:57:56,224 - MainThread - sqlmesh.core.engine_adapter.base - INFO - Executing SQL: /* SQLMESH_PLAN: 5bd104a488474162962d17d4633df341 */ SELECT CURRENT_CATALOG (base.py:2624)
2026-04-07 14:57:56,224 - MainThread - sqlmesh.core.engine_adapter.base - INFO - Executing SQL: /* SQLMESH_PLAN: 5bd104a488474162962d17d4633df341 */ SELECT type FROM DUCKDB_DATABASES() WHERE database_name = 'ipl_pipeline' (base.py:2624)
2026-04-07 14:57:56,224 - MainThread - sqlmesh.core.engine_adapter.base - INFO - Executing SQL: /* SQLMESH_PLAN: 5bd104a488474162962d17d4633df341 */ CREATE OR REPLACE TABLE "ipl_pipeline"."sqlmesh__ipl_data"."ipl_data__batting_stats__1777953385" AS SELECT "season" AS "season", "batter" AS "batter", "batting_team" AS "batting_team", COUNT(*) AS "balls_faced", SUM("runs_batter") AS "total_runs", SUM(CASE WHEN "runs_batter" = 4 THEN 1 ELSE 0 END) AS "fours", SUM(CASE WHEN "runs_batter" = 6 THEN 1 ELSE 0 END) AS "sixes", ROUND(SUM("runs_batter") * 100.0 / COUNT(*), 2) AS "strike_rate" FROM "ipl_pipeline"."ipl_data"."ipl_deliveries" AS "ipl_deliveries" WHERE "valid_ball" = 1 GROUP BY "season", "batter", "batting_team" (base.py:2624)
2026-04-07 14:57:56,256 - MainThread - sqlmesh.core.state_sync.db.facade - INFO - Adding interval (2026-04-06 00:00:00, 2026-04-07 00:00:00) for snapshot SnapshotId<"ipl_pipeline"."ipl_data"."batting_stats": 2243697428> (facade.py:637)
2026-04-07 14:57:56,256 - MainThread - sqlmesh.core.state_sync.db.interval - INFO - Pushing intervals for snapshot SnapshotId<"ipl_pipeline"."ipl_data"."batting_stats": 2243697428> (interval.py:215)
2026-04-07 14:57:56,269 - MainThread - sqlmesh.core.snapshot.evaluator - INFO - Evaluating snapshot SnapshotId<"ipl_pipeline"."ipl_data"."bowling_stats": 4129444290> (evaluator.py:711)
2026-04-07 14:57:56,269 - MainThread - sqlmesh.core.snapshot.evaluator - INFO - Inserting data for snapshot SnapshotId<"ipl_pipeline"."ipl_data"."bowling_stats": 4129444290> (evaluator.py:952)
2026-04-07 14:57:56,269 - MainThread - sqlmesh.core.snapshot.evaluator - INFO - Inserting batch (2026-04-06 00:00:00, 2026-04-07 00:00:00) into ipl_pipeline.sqlmesh__ipl_data.ipl_data__bowling_stats__3047872613' (evaluator.py:984)
2026-04-07 14:57:56,269 - MainThread - sqlmesh.core.engine_adapter.base - INFO - Executing SQL: /* SQLMESH_PLAN: 5bd104a488474162962d17d4633df341 */ DESCRIBE "ipl_pipeline"."sqlmesh__ipl_data"."ipl_data__bowling_stats__3047872613" (base.py:2624)
2026-04-07 14:57:56,285 - MainThread - sqlmesh.core.engine_adapter.base - INFO - Executing SQL: /* SQLMESH_PLAN: 5bd104a488474162962d17d4633df341 */ SELECT CURRENT_CATALOG (base.py:2624)
2026-04-07 14:57:56,285 - MainThread - sqlmesh.core.engine_adapter.base - INFO - Executing SQL: /* SQLMESH_PLAN: 5bd104a488474162962d17d4633df341 */ SELECT type FROM DUCKDB_DATABASES() WHERE database_name = 'ipl_pipeline' (base.py:2624)
2026-04-07 14:57:56,285 - MainThread - sqlmesh.core.engine_adapter.base - INFO - Executing SQL: /* SQLMESH_PLAN: 5bd104a488474162962d17d4633df341 */ CREATE OR REPLACE TABLE "ipl_pipeline"."sqlmesh__ipl_data"."ipl_data__bowling_stats__3047872613" AS SELECT "season" AS "season", "bowler" AS "bowler", "bowling_team" AS "bowling_team", COUNT(*) AS "balls_bowled", SUM("runs_bowler") AS "runs_conceded", SUM("bowler_wicket") AS "wickets", ROUND(SUM("runs_bowler") * 6.0 / COUNT(*), 2) AS "economy" FROM "ipl_pipeline"."ipl_data"."ipl_deliveries" AS "ipl_deliveries" WHERE "valid_ball" = 1 GROUP BY "season", "bowler", "bowling_team" (base.py:2624)
2026-04-07 14:57:56,301 - MainThread - sqlmesh.core.state_sync.db.facade - INFO - Adding interval (2026-04-06 00:00:00, 2026-04-07 00:00:00) for snapshot SnapshotId<"ipl_pipeline"."ipl_data"."bowling_stats": 4129444290> (facade.py:637)
2026-04-07 14:57:56,301 - MainThread - sqlmesh.core.state_sync.db.interval - INFO - Pushing intervals for snapshot SnapshotId<"ipl_pipeline"."ipl_data"."bowling_stats": 4129444290> (interval.py:215)
2026-04-07 14:57:56,317 - MainThread - sqlmesh.core.plan.evaluator - INFO - Evaluating plan stage EnvironmentRecordUpdateStage (evaluator.py:123)
2026-04-07 14:57:56,317 - MainThread - sqlmesh.core.state_sync.db.facade - INFO - Promoting environment 'prod' (facade.py:167)
2026-04-07 14:57:56,349 - MainThread - sqlmesh.core.plan.evaluator - INFO - Evaluating plan stage UnpauseStage (evaluator.py:123)
2026-04-07 14:57:56,356 - MainThread - sqlmesh.core.plan.evaluator - INFO - Evaluating plan stage VirtualLayerUpdateStage (evaluator.py:123)
2026-04-07 14:57:56,356 - MainThread - sqlmesh.core.snapshot.evaluator - INFO - Creating schema 'ipl_pipeline.ipl_data' (evaluator.py:1449)
2026-04-07 14:57:56,356 - MainThread - sqlmesh.core.engine_adapter.base - INFO - Executing SQL: /* SQLMESH_PLAN: 5bd104a488474162962d17d4633df341 */ CREATE SCHEMA IF NOT EXISTS "ipl_pipeline"."ipl_data" (base.py:2624)
2026-04-07 14:57:56,356 - MainThread - sqlmesh.core.snapshot.evaluator - INFO - Listing data objects in schema ipl_pipeline.ipl_data (evaluator.py:1616)
2026-04-07 14:57:56,356 - MainThread - sqlmesh.core.engine_adapter.base - INFO - Executing SQL: /* SQLMESH_PLAN: 5bd104a488474162962d17d4633df341 */ SELECT CURRENT_CATALOG (base.py:2624)
2026-04-07 14:57:56,356 - MainThread - sqlmesh.core.engine_adapter.base - INFO - Executing SQL: /* SQLMESH_PLAN: 5bd104a488474162962d17d4633df341 */ SELECT CURRENT_CATALOG (base.py:2624)
2026-04-07 14:57:56,364 - MainThread - sqlmesh.core.engine_adapter.base - INFO - Executing SQL: /* SQLMESH_PLAN: 5bd104a488474162962d17d4633df341 */ SELECT table_name AS name, table_schema AS schema, CASE table_type WHEN 'BASE TABLE' THEN 'table' WHEN 'VIEW' THEN 'view' WHEN 'LOCAL TEMPORARY' THEN 'table' END AS type FROM system.information_schema.tables WHERE (table_catalog = 'ipl_pipeline' AND table_schema = 'ipl_data') AND table_name IN ('batting_stats', 'bowling_stats') (base.py:2624)
2026-04-07 14:57:56,364 - MainThread - sqlmesh.core.snapshot.evaluator - INFO - Updating view 'ipl_pipeline.ipl_data.batting_stats' to point at table 'ipl_pipeline.sqlmesh__ipl_data.ipl_data__batting_stats__1777953385' (evaluator.py:1988)
2026-04-07 14:57:56,364 - MainThread - sqlmesh.core.engine_adapter.base - INFO - Executing SQL: /* SQLMESH_PLAN: 5bd104a488474162962d17d4633df341 */ CREATE OR REPLACE VIEW "ipl_pipeline"."ipl_data"."batting_stats" AS SELECT * FROM "ipl_pipeline"."sqlmesh__ipl_data"."ipl_data__batting_stats__1777953385" (base.py:2624)
2026-04-07 14:57:56,364 - MainThread - sqlmesh.core.snapshot.evaluator - INFO - Updating view 'ipl_pipeline.ipl_data.bowling_stats' to point at table 'ipl_pipeline.sqlmesh__ipl_data.ipl_data__bowling_stats__3047872613' (evaluator.py:1988)
2026-04-07 14:57:56,364 - MainThread - sqlmesh.core.engine_adapter.base - INFO - Executing SQL: /* SQLMESH_PLAN: 5bd104a488474162962d17d4633df341 */ CREATE OR REPLACE VIEW "ipl_pipeline"."ipl_data"."bowling_stats" AS SELECT * FROM "ipl_pipeline"."sqlmesh__ipl_data"."ipl_data__bowling_stats__3047872613" (base.py:2624)
2026-04-07 14:57:56,364 - MainThread - sqlmesh.core.plan.evaluator - INFO - Evaluating plan stage FinalizeEnvironmentStage (evaluator.py:123)
2026-04-07 14:57:56,364 - MainThread - sqlmesh.core.state_sync.db.environment - INFO - Finalizing environment 'prod' (environment.py:141)
2026-04-07 14:57:56,429 - MainThread - root - INFO - Shutting down the event dispatcher (dispatcher.py:159)
