2026-04-07 00:08:17,644 - MainThread - sqlmesh.core.config.connection - INFO - Creating new DuckDB adapter for data files: {'ipl_pipeline.duckdb'} (connection.py:496)
2026-04-07 00:08:19,101 - MainThread - sqlmesh.core.config.connection - INFO - Creating new DuckDB adapter for in-memory database (connection.py:498)
2026-04-07 00:08:19,215 - MainThread - sqlmesh.core.config.connection - INFO - Using existing DuckDB adapter due to overlapping data file: ipl_pipeline.duckdb (connection.py:486)
2026-04-07 00:08:19,245 - MainThread - sqlmesh.core.state_sync.db.migrator - INFO - Applying migration <module 'sqlmesh.migrations.v0000_baseline' from 'D:\\Projects\\IPL_Analytics\\venv\\Lib\\site-packages\\sqlmesh\\migrations\\v0000_baseline.py'> (migrator.py:185)
2026-04-07 00:08:19,270 - MainThread - sqlmesh.core.state_sync.db.migrator - INFO - Applying migration <module 'sqlmesh.migrations.v0061_mysql_fix_blob_text_type' from 'D:\\Projects\\IPL_Analytics\\venv\\Lib\\site-packages\\sqlmesh\\migrations\\v0061_mysql_fix_blob_text_type.py'> (migrator.py:185)
2026-04-07 00:08:19,270 - MainThread - sqlmesh.core.state_sync.db.migrator - INFO - Applying migration <module 'sqlmesh.migrations.v0062_add_model_gateway' from 'D:\\Projects\\IPL_Analytics\\venv\\Lib\\site-packages\\sqlmesh\\migrations\\v0062_add_model_gateway.py'> (migrator.py:185)
2026-04-07 00:08:19,270 - MainThread - sqlmesh.core.state_sync.db.migrator - INFO - Applying migration <module 'sqlmesh.migrations.v0063_change_signals' from 'D:\\Projects\\IPL_Analytics\\venv\\Lib\\site-packages\\sqlmesh\\migrations\\v0063_change_signals.py'> (migrator.py:185)
2026-04-07 00:08:19,270 - MainThread - sqlmesh.core.state_sync.db.migrator - INFO - Applying migration <module 'sqlmesh.migrations.v0064_join_when_matched_strings' from 'D:\\Projects\\IPL_Analytics\\venv\\Lib\\site-packages\\sqlmesh\\migrations\\v0064_join_when_matched_strings.py'> (migrator.py:185)
2026-04-07 00:08:19,270 - MainThread - sqlmesh.core.state_sync.db.migrator - INFO - Applying migration <module 'sqlmesh.migrations.v0065_add_model_optimize' from 'D:\\Projects\\IPL_Analytics\\venv\\Lib\\site-packages\\sqlmesh\\migrations\\v0065_add_model_optimize.py'> (migrator.py:185)
2026-04-07 00:08:19,270 - MainThread - sqlmesh.core.state_sync.db.migrator - INFO - Applying migration <module 'sqlmesh.migrations.v0066_add_auto_restatements' from 'D:\\Projects\\IPL_Analytics\\venv\\Lib\\site-packages\\sqlmesh\\migrations\\v0066_add_auto_restatements.py'> (migrator.py:185)
2026-04-07 00:08:19,287 - MainThread - sqlmesh.core.state_sync.db.migrator - INFO - Applying migration <module 'sqlmesh.migrations.v0067_add_tsql_date_full_precision' from 'D:\\Projects\\IPL_Analytics\\venv\\Lib\\site-packages\\sqlmesh\\migrations\\v0067_add_tsql_date_full_precision.py'> (migrator.py:185)
2026-04-07 00:08:19,287 - MainThread - sqlmesh.core.state_sync.db.migrator - INFO - Applying migration <module 'sqlmesh.migrations.v0068_include_unrendered_query_in_metadata_hash' from 'D:\\Projects\\IPL_Analytics\\venv\\Lib\\site-packages\\sqlmesh\\migrations\\v0068_include_unrendered_query_in_metadata_hash.py'> (migrator.py:185)
2026-04-07 00:08:19,287 - MainThread - sqlmesh.core.state_sync.db.migrator - INFO - Applying migration <module 'sqlmesh.migrations.v0069_update_dev_table_suffix' from 'D:\\Projects\\IPL_Analytics\\venv\\Lib\\site-packages\\sqlmesh\\migrations\\v0069_update_dev_table_suffix.py'> (migrator.py:185)
2026-04-07 00:08:19,287 - MainThread - sqlmesh.core.state_sync.db.migrator - INFO - Applying migration <module 'sqlmesh.migrations.v0070_include_grains_in_metadata_hash' from 'D:\\Projects\\IPL_Analytics\\venv\\Lib\\site-packages\\sqlmesh\\migrations\\v0070_include_grains_in_metadata_hash.py'> (migrator.py:185)
2026-04-07 00:08:19,287 - MainThread - sqlmesh.core.state_sync.db.migrator - INFO - Applying migration <module 'sqlmesh.migrations.v0071_add_dev_version_to_intervals' from 'D:\\Projects\\IPL_Analytics\\venv\\Lib\\site-packages\\sqlmesh\\migrations\\v0071_add_dev_version_to_intervals.py'> (migrator.py:185)
2026-04-07 00:08:19,287 - MainThread - sqlmesh.core.state_sync.db.migrator - INFO - Applying migration <module 'sqlmesh.migrations.v0072_add_environment_statements' from 'D:\\Projects\\IPL_Analytics\\venv\\Lib\\site-packages\\sqlmesh\\migrations\\v0072_add_environment_statements.py'> (migrator.py:185)
2026-04-07 00:08:19,292 - MainThread - sqlmesh.core.state_sync.db.migrator - INFO - Applying migration <module 'sqlmesh.migrations.v0073_remove_symbolic_disable_restatement' from 'D:\\Projects\\IPL_Analytics\\venv\\Lib\\site-packages\\sqlmesh\\migrations\\v0073_remove_symbolic_disable_restatement.py'> (migrator.py:185)
2026-04-07 00:08:19,292 - MainThread - sqlmesh.core.state_sync.db.migrator - INFO - Applying migration <module 'sqlmesh.migrations.v0074_add_partition_by_time_column_property' from 'D:\\Projects\\IPL_Analytics\\venv\\Lib\\site-packages\\sqlmesh\\migrations\\v0074_add_partition_by_time_column_property.py'> (migrator.py:185)
2026-04-07 00:08:19,292 - MainThread - sqlmesh.core.state_sync.db.migrator - INFO - Applying migration <module 'sqlmesh.migrations.v0075_remove_validate_query' from 'D:\\Projects\\IPL_Analytics\\venv\\Lib\\site-packages\\sqlmesh\\migrations\\v0075_remove_validate_query.py'> (migrator.py:185)
2026-04-07 00:08:19,292 - MainThread - sqlmesh.core.state_sync.db.migrator - INFO - Applying migration <module 'sqlmesh.migrations.v0076_add_cron_tz' from 'D:\\Projects\\IPL_Analytics\\venv\\Lib\\site-packages\\sqlmesh\\migrations\\v0076_add_cron_tz.py'> (migrator.py:185)
2026-04-07 00:08:19,292 - MainThread - sqlmesh.core.state_sync.db.migrator - INFO - Applying migration <module 'sqlmesh.migrations.v0077_fix_column_type_hash_calculation' from 'D:\\Projects\\IPL_Analytics\\venv\\Lib\\site-packages\\sqlmesh\\migrations\\v0077_fix_column_type_hash_calculation.py'> (migrator.py:185)
2026-04-07 00:08:19,292 - MainThread - sqlmesh.core.state_sync.db.migrator - INFO - Applying migration <module 'sqlmesh.migrations.v0078_warn_if_non_migratable_python_env' from 'D:\\Projects\\IPL_Analytics\\venv\\Lib\\site-packages\\sqlmesh\\migrations\\v0078_warn_if_non_migratable_python_env.py'> (migrator.py:185)
2026-04-07 00:08:19,292 - MainThread - sqlmesh.core.state_sync.db.migrator - INFO - Applying migration <module 'sqlmesh.migrations.v0079_add_gateway_managed_property' from 'D:\\Projects\\IPL_Analytics\\venv\\Lib\\site-packages\\sqlmesh\\migrations\\v0079_add_gateway_managed_property.py'> (migrator.py:185)
2026-04-07 00:08:19,292 - MainThread - sqlmesh.core.state_sync.db.migrator - INFO - Applying migration <module 'sqlmesh.migrations.v0080_add_batch_size_to_scd_type_2_models' from 'D:\\Projects\\IPL_Analytics\\venv\\Lib\\site-packages\\sqlmesh\\migrations\\v0080_add_batch_size_to_scd_type_2_models.py'> (migrator.py:185)
2026-04-07 00:08:19,292 - MainThread - sqlmesh.core.state_sync.db.migrator - INFO - Applying migration <module 'sqlmesh.migrations.v0081_update_partitioned_by' from 'D:\\Projects\\IPL_Analytics\\venv\\Lib\\site-packages\\sqlmesh\\migrations\\v0081_update_partitioned_by.py'> (migrator.py:185)
2026-04-07 00:08:19,292 - MainThread - sqlmesh.core.state_sync.db.migrator - INFO - Applying migration <module 'sqlmesh.migrations.v0082_warn_if_incorrectly_duplicated_statements' from 'D:\\Projects\\IPL_Analytics\\venv\\Lib\\site-packages\\sqlmesh\\migrations\\v0082_warn_if_incorrectly_duplicated_statements.py'> (migrator.py:185)
2026-04-07 00:08:19,292 - MainThread - sqlmesh.core.state_sync.db.migrator - INFO - Applying migration <module 'sqlmesh.migrations.v0083_use_sql_for_scd_time_data_type_data_hash' from 'D:\\Projects\\IPL_Analytics\\venv\\Lib\\site-packages\\sqlmesh\\migrations\\v0083_use_sql_for_scd_time_data_type_data_hash.py'> (migrator.py:185)
2026-04-07 00:08:19,292 - MainThread - sqlmesh.core.state_sync.db.migrator - INFO - Applying migration <module 'sqlmesh.migrations.v0084_normalize_quote_when_matched_and_merge_filter' from 'D:\\Projects\\IPL_Analytics\\venv\\Lib\\site-packages\\sqlmesh\\migrations\\v0084_normalize_quote_when_matched_and_merge_filter.py'> (migrator.py:185)
2026-04-07 00:08:19,292 - MainThread - sqlmesh.core.state_sync.db.migrator - INFO - Applying migration <module 'sqlmesh.migrations.v0085_deterministic_repr' from 'D:\\Projects\\IPL_Analytics\\venv\\Lib\\site-packages\\sqlmesh\\migrations\\v0085_deterministic_repr.py'> (migrator.py:185)
2026-04-07 00:08:19,292 - MainThread - sqlmesh.core.state_sync.db.migrator - INFO - Applying migration <module 'sqlmesh.migrations.v0086_check_deterministic_bug' from 'D:\\Projects\\IPL_Analytics\\venv\\Lib\\site-packages\\sqlmesh\\migrations\\v0086_check_deterministic_bug.py'> (migrator.py:185)
2026-04-07 00:08:19,292 - MainThread - sqlmesh.core.state_sync.db.migrator - INFO - Applying migration <module 'sqlmesh.migrations.v0087_normalize_blueprint_variables' from 'D:\\Projects\\IPL_Analytics\\venv\\Lib\\site-packages\\sqlmesh\\migrations\\v0087_normalize_blueprint_variables.py'> (migrator.py:185)
2026-04-07 00:08:19,292 - MainThread - sqlmesh.core.state_sync.db.migrator - INFO - Applying migration <module 'sqlmesh.migrations.v0088_warn_about_variable_python_env_diffs' from 'D:\\Projects\\IPL_Analytics\\venv\\Lib\\site-packages\\sqlmesh\\migrations\\v0088_warn_about_variable_python_env_diffs.py'> (migrator.py:185)
2026-04-07 00:08:19,292 - MainThread - sqlmesh.core.state_sync.db.migrator - INFO - Applying migration <module 'sqlmesh.migrations.v0089_add_virtual_environment_mode' from 'D:\\Projects\\IPL_Analytics\\venv\\Lib\\site-packages\\sqlmesh\\migrations\\v0089_add_virtual_environment_mode.py'> (migrator.py:185)
2026-04-07 00:08:19,292 - MainThread - sqlmesh.core.state_sync.db.migrator - INFO - Applying migration <module 'sqlmesh.migrations.v0090_add_forward_only_column' from 'D:\\Projects\\IPL_Analytics\\venv\\Lib\\site-packages\\sqlmesh\\migrations\\v0090_add_forward_only_column.py'> (migrator.py:185)
2026-04-07 00:08:19,292 - MainThread - sqlmesh.core.state_sync.db.migrator - INFO - Applying migration <module 'sqlmesh.migrations.v0091_on_additive_change' from 'D:\\Projects\\IPL_Analytics\\venv\\Lib\\site-packages\\sqlmesh\\migrations\\v0091_on_additive_change.py'> (migrator.py:185)
2026-04-07 00:08:19,292 - MainThread - sqlmesh.core.state_sync.db.migrator - INFO - Applying migration <module 'sqlmesh.migrations.v0092_warn_about_dbt_data_type_diff' from 'D:\\Projects\\IPL_Analytics\\venv\\Lib\\site-packages\\sqlmesh\\migrations\\v0092_warn_about_dbt_data_type_diff.py'> (migrator.py:185)
2026-04-07 00:08:19,292 - MainThread - sqlmesh.core.state_sync.db.migrator - INFO - Applying migration <module 'sqlmesh.migrations.v0093_use_raw_sql_in_fingerprint' from 'D:\\Projects\\IPL_Analytics\\venv\\Lib\\site-packages\\sqlmesh\\migrations\\v0093_use_raw_sql_in_fingerprint.py'> (migrator.py:185)
2026-04-07 00:08:19,292 - MainThread - sqlmesh.core.state_sync.db.migrator - INFO - Applying migration <module 'sqlmesh.migrations.v0094_add_dev_version_and_fingerprint_columns' from 'D:\\Projects\\IPL_Analytics\\venv\\Lib\\site-packages\\sqlmesh\\migrations\\v0094_add_dev_version_and_fingerprint_columns.py'> (migrator.py:185)
2026-04-07 00:08:19,306 - MainThread - sqlmesh.core.state_sync.db.migrator - INFO - Applying migration <module 'sqlmesh.migrations.v0095_warn_about_dbt_raw_sql_diff' from 'D:\\Projects\\IPL_Analytics\\venv\\Lib\\site-packages\\sqlmesh\\migrations\\v0095_warn_about_dbt_raw_sql_diff.py'> (migrator.py:185)
2026-04-07 00:08:19,306 - MainThread - sqlmesh.core.state_sync.db.migrator - INFO - Applying migration <module 'sqlmesh.migrations.v0096_remove_plan_dags_table' from 'D:\\Projects\\IPL_Analytics\\venv\\Lib\\site-packages\\sqlmesh\\migrations\\v0096_remove_plan_dags_table.py'> (migrator.py:185)
2026-04-07 00:08:19,306 - MainThread - sqlmesh.core.state_sync.db.migrator - INFO - Applying migration <module 'sqlmesh.migrations.v0097_add_dbt_name_in_node' from 'D:\\Projects\\IPL_Analytics\\venv\\Lib\\site-packages\\sqlmesh\\migrations\\v0097_add_dbt_name_in_node.py'> (migrator.py:185)
2026-04-07 00:08:19,306 - MainThread - sqlmesh.core.state_sync.db.migrator - INFO - Applying migration <module 'sqlmesh.migrations.v0098_add_dbt_node_info_in_node' from 'D:\\Projects\\IPL_Analytics\\venv\\Lib\\site-packages\\sqlmesh\\migrations\\v0098_add_dbt_node_info_in_node.py'> (migrator.py:185)
2026-04-07 00:08:19,306 - MainThread - sqlmesh.core.state_sync.db.migrator - INFO - Applying migration <module 'sqlmesh.migrations.v0099_add_last_altered_to_intervals' from 'D:\\Projects\\IPL_Analytics\\venv\\Lib\\site-packages\\sqlmesh\\migrations\\v0099_add_last_altered_to_intervals.py'> (migrator.py:185)
2026-04-07 00:08:19,306 - MainThread - sqlmesh.core.state_sync.db.migrator - INFO - Applying migration <module 'sqlmesh.migrations.v0100_add_grants_and_grants_target_layer' from 'D:\\Projects\\IPL_Analytics\\venv\\Lib\\site-packages\\sqlmesh\\migrations\\v0100_add_grants_and_grants_target_layer.py'> (migrator.py:185)
2026-04-07 00:08:19,306 - MainThread - sqlmesh.core.state_sync.db.migrator - INFO - Fetching environments (migrator.py:207)
2026-04-07 00:08:19,306 - MainThread - sqlmesh.core.state_sync.db.migrator - INFO - Migrating snapshot rows... (migrator.py:224)
2026-04-07 00:08:19,315 - MainThread - sqlmesh.core.state_sync.db.migrator - INFO - No changes to snapshots detected (migrator.py:217)
2026-04-07 00:10:48,427 - MainThread - sqlmesh.core.plan.evaluator - INFO - Evaluating plan stage CreateSnapshotRecordsStage (evaluator.py:123)
2026-04-07 00:10:48,470 - MainThread - sqlmesh.core.plan.evaluator - INFO - Evaluating plan stage PhysicalLayerSchemaCreationStage (evaluator.py:123)
2026-04-07 00:10:48,474 - MainThread - sqlmesh.core.snapshot.evaluator - INFO - Creating schema 'ipl_pipeline.sqlmesh__ipl_data' (evaluator.py:1449)
2026-04-07 00:10:48,474 - MainThread - sqlmesh.core.engine_adapter.base - INFO - Executing SQL: /* SQLMESH_PLAN: 41549b20ad93489890a646c6039fc7b0 */ CREATE SCHEMA IF NOT EXISTS "ipl_pipeline"."sqlmesh__ipl_data" (base.py:2624)
2026-04-07 00:10:48,476 - MainThread - sqlmesh.core.snapshot.evaluator - INFO - Creating schema 'ipl_pipeline.sqlmesh__sqlmesh_example' (evaluator.py:1449)
2026-04-07 00:10:48,476 - MainThread - sqlmesh.core.engine_adapter.base - INFO - Executing SQL: /* SQLMESH_PLAN: 41549b20ad93489890a646c6039fc7b0 */ CREATE SCHEMA IF NOT EXISTS "ipl_pipeline"."sqlmesh__sqlmesh_example" (base.py:2624)
2026-04-07 00:10:48,481 - MainThread - sqlmesh.core.plan.evaluator - INFO - Evaluating plan stage BackfillStage (evaluator.py:123)
2026-04-07 00:10:48,491 - MainThread - sqlmesh.core.snapshot.evaluator - INFO - Listing data objects in schema ipl_pipeline.sqlmesh__ipl_data (evaluator.py:1616)
2026-04-07 00:10:48,491 - MainThread - sqlmesh.core.engine_adapter.base - INFO - Executing SQL: /* SQLMESH_PLAN: 41549b20ad93489890a646c6039fc7b0 */ SELECT CURRENT_CATALOG (base.py:2624)
2026-04-07 00:10:48,492 - MainThread - sqlmesh.core.engine_adapter.base - INFO - Executing SQL: /* SQLMESH_PLAN: 41549b20ad93489890a646c6039fc7b0 */ SELECT CURRENT_CATALOG (base.py:2624)
2026-04-07 00:10:48,494 - MainThread - sqlmesh.core.engine_adapter.base - INFO - Executing SQL: /* SQLMESH_PLAN: 41549b20ad93489890a646c6039fc7b0 */ SELECT table_name AS name, table_schema AS schema, CASE table_type WHEN 'BASE TABLE' THEN 'table' WHEN 'VIEW' THEN 'view' WHEN 'LOCAL TEMPORARY' THEN 'table' END AS type FROM system.information_schema.tables WHERE (table_catalog = 'ipl_pipeline' AND table_schema = 'sqlmesh__ipl_data') AND table_name IN ('ipl_data__match_summary__2633039') (base.py:2624)
2026-04-07 00:10:48,502 - MainThread - sqlmesh.core.snapshot.evaluator - INFO - Listing data objects in schema ipl_pipeline.sqlmesh__sqlmesh_example (evaluator.py:1616)
2026-04-07 00:10:48,502 - MainThread - sqlmesh.core.engine_adapter.base - INFO - Executing SQL: /* SQLMESH_PLAN: 41549b20ad93489890a646c6039fc7b0 */ SELECT CURRENT_CATALOG (base.py:2624)
2026-04-07 00:10:48,504 - MainThread - sqlmesh.core.engine_adapter.base - INFO - Executing SQL: /* SQLMESH_PLAN: 41549b20ad93489890a646c6039fc7b0 */ SELECT CURRENT_CATALOG (base.py:2624)
2026-04-07 00:10:48,506 - MainThread - sqlmesh.core.engine_adapter.base - INFO - Executing SQL: /* SQLMESH_PLAN: 41549b20ad93489890a646c6039fc7b0 */ SELECT table_name AS name, table_schema AS schema, CASE table_type WHEN 'BASE TABLE' THEN 'table' WHEN 'VIEW' THEN 'view' WHEN 'LOCAL TEMPORARY' THEN 'table' END AS type FROM system.information_schema.tables WHERE (table_catalog = 'ipl_pipeline' AND table_schema = 'sqlmesh__sqlmesh_example') AND table_name IN ('sqlmesh_example__seed_model__2437004170', 'sqlmesh_example__full_model__635791289', 'sqlmesh_example__incremental_model__3572673861') (base.py:2624)
2026-04-07 00:10:48,511 - MainThread - sqlmesh.core.snapshot.evaluator - INFO - Evaluating snapshot SnapshotId<"ipl_pipeline"."ipl_data"."match_summary": 2287823828> (evaluator.py:711)
2026-04-07 00:10:48,511 - MainThread - sqlmesh.core.snapshot.evaluator - INFO - Inserting data for snapshot SnapshotId<"ipl_pipeline"."ipl_data"."match_summary": 2287823828> (evaluator.py:952)
2026-04-07 00:10:48,516 - MainThread - sqlmesh.core.snapshot.evaluator - INFO - Inserting batch (2026-04-06 00:00:00, 2026-04-07 00:00:00) into ipl_pipeline.sqlmesh__ipl_data.ipl_data__match_summary__2633039' (evaluator.py:984)
2026-04-07 00:10:48,517 - MainThread - sqlmesh.core.engine_adapter.base - INFO - Executing SQL: /* SQLMESH_PLAN: 41549b20ad93489890a646c6039fc7b0 */ DESCRIBE "ipl_pipeline"."sqlmesh__ipl_data"."ipl_data__match_summary__2633039" (base.py:2624)
2026-04-07 00:10:48,517 - MainThread - sqlmesh.core.engine_adapter.base - INFO - Executing SQL: /* SQLMESH_PLAN: 41549b20ad93489890a646c6039fc7b0 */ SELECT CURRENT_CATALOG (base.py:2624)
2026-04-07 00:10:48,520 - MainThread - sqlmesh.core.engine_adapter.base - INFO - Executing SQL: /* SQLMESH_PLAN: 41549b20ad93489890a646c6039fc7b0 */ SELECT type FROM DUCKDB_DATABASES() WHERE database_name = 'ipl_pipeline' (base.py:2624)
2026-04-07 00:10:48,520 - MainThread - sqlmesh.core.engine_adapter.base - INFO - Executing SQL: /* SQLMESH_PLAN: 41549b20ad93489890a646c6039fc7b0 */ CREATE OR REPLACE TABLE "ipl_pipeline"."sqlmesh__ipl_data"."ipl_data__match_summary__2633039" AS SELECT "match_id" AS "match_id", "season" AS "season", "date" AS "date", "venue" AS "venue", "city" AS "city", "batting_team" AS "batting_team", "bowling_team" AS "bowling_team", "toss_winner" AS "toss_winner", "toss_decision" AS "toss_decision", "match_won_by" AS "match_won_by", "win_outcome" AS "win_outcome", "player_of_match" AS "player_of_match", "stage" AS "stage" FROM "ipl_pipeline"."ipl_data"."ipl_deliveries" AS "ipl_deliveries" WHERE "innings" = 1 AND "over" = 1 AND "ball_no" = 1 (base.py:2624)
2026-04-07 00:10:48,527 - MainThread - sqlmesh.core.state_sync.db.facade - INFO - Adding interval (2026-04-06 00:00:00, 2026-04-07 00:00:00) for snapshot SnapshotId<"ipl_pipeline"."ipl_data"."match_summary": 2287823828> (facade.py:637)
2026-04-07 00:10:48,527 - MainThread - sqlmesh.core.state_sync.db.interval - INFO - Pushing intervals for snapshot SnapshotId<"ipl_pipeline"."ipl_data"."match_summary": 2287823828> (interval.py:215)
2026-04-07 00:10:48,555 - MainThread - sqlmesh.core.snapshot.evaluator - INFO - Evaluating snapshot SnapshotId<"ipl_pipeline"."sqlmesh_example"."seed_model": 2354868438> (evaluator.py:711)
2026-04-07 00:10:48,555 - MainThread - sqlmesh.core.snapshot.evaluator - INFO - Creating table 'ipl_pipeline.sqlmesh__sqlmesh_example.sqlmesh_example__seed_model__2437004170' (evaluator.py:2042)
2026-04-07 00:10:48,557 - MainThread - sqlmesh.core.engine_adapter.base - INFO - Executing SQL: /* SQLMESH_PLAN: 41549b20ad93489890a646c6039fc7b0 */ SELECT CURRENT_CATALOG (base.py:2624)
2026-04-07 00:10:48,558 - MainThread - sqlmesh.core.engine_adapter.base - INFO - Executing SQL: /* SQLMESH_PLAN: 41549b20ad93489890a646c6039fc7b0 */ SELECT type FROM DUCKDB_DATABASES() WHERE database_name = 'ipl_pipeline' (base.py:2624)
2026-04-07 00:10:48,560 - MainThread - sqlmesh.core.engine_adapter.base - INFO - Executing SQL: /* SQLMESH_PLAN: 41549b20ad93489890a646c6039fc7b0 */ CREATE TABLE IF NOT EXISTS "ipl_pipeline"."sqlmesh__sqlmesh_example"."sqlmesh_example__seed_model__2437004170" ("id" INT, "item_id" INT, "event_date" DATE) (base.py:2624)
2026-04-07 00:10:48,623 - MainThread - sqlmesh.core.engine_adapter.base - INFO - Executing SQL: /* SQLMESH_PLAN: 41549b20ad93489890a646c6039fc7b0 */ SELECT CURRENT_CATALOG (base.py:2624)
2026-04-07 00:10:48,623 - MainThread - sqlmesh.core.engine_adapter.base - INFO - Executing SQL: /* SQLMESH_PLAN: 41549b20ad93489890a646c6039fc7b0 */ SELECT CURRENT_CATALOG (base.py:2624)
2026-04-07 00:10:48,627 - MainThread - sqlmesh.core.engine_adapter.base - INFO - Executing SQL: /* SQLMESH_PLAN: 41549b20ad93489890a646c6039fc7b0 */ SELECT table_name AS name, table_schema AS schema, CASE table_type WHEN 'BASE TABLE' THEN 'table' WHEN 'VIEW' THEN 'view' WHEN 'LOCAL TEMPORARY' THEN 'table' END AS type FROM system.information_schema.tables WHERE (table_catalog = 'ipl_pipeline' AND table_schema = 'sqlmesh__sqlmesh_example') AND table_name IN ('sqlmesh_example__seed_model__2437004170') (base.py:2624)
2026-04-07 00:10:48,637 - MainThread - sqlmesh.core.engine_adapter.base - INFO - Executing SQL: /* SQLMESH_PLAN: 41549b20ad93489890a646c6039fc7b0 */ SELECT CURRENT_CATALOG (base.py:2624)
2026-04-07 00:10:48,640 - MainThread - sqlmesh.core.engine_adapter.base - INFO - Executing SQL: /* SQLMESH_PLAN: 41549b20ad93489890a646c6039fc7b0 */ SELECT type FROM DUCKDB_DATABASES() WHERE database_name = 'ipl_pipeline' (base.py:2624)
2026-04-07 00:10:48,642 - MainThread - sqlmesh.core.engine_adapter.base - INFO - Executing SQL: /* SQLMESH_PLAN: 41549b20ad93489890a646c6039fc7b0 */ CREATE OR REPLACE TABLE "ipl_pipeline"."sqlmesh__sqlmesh_example"."sqlmesh_example__seed_model__2437004170" AS SELECT CAST("id" AS INT) AS "id", CAST("item_id" AS INT) AS "item_id", CAST("event_date" AS DATE) AS "event_date" FROM (SELECT "id", "item_id", "event_date" FROM "ipl_pipeline"."sqlmesh__sqlmesh_example"."__temp_sqlmesh_example__seed_model__2437004170_p42v5mvg") AS "_subquery" (base.py:2624)
2026-04-07 00:10:48,642 - MainThread - sqlmesh.core.engine_adapter.base - INFO - Executing SQL: /* SQLMESH_PLAN: 41549b20ad93489890a646c6039fc7b0 */ DROP TABLE IF EXISTS "ipl_pipeline"."sqlmesh__sqlmesh_example"."__temp_sqlmesh_example__seed_model__2437004170_p42v5mvg" (base.py:2624)
2026-04-07 00:10:48,648 - MainThread - sqlmesh.core.state_sync.db.facade - INFO - Adding interval (2026-04-06 00:00:00, 2026-04-07 00:00:00) for snapshot SnapshotId<"ipl_pipeline"."sqlmesh_example"."seed_model": 2354868438> (facade.py:637)
2026-04-07 00:10:48,648 - MainThread - sqlmesh.core.state_sync.db.interval - INFO - Pushing intervals for snapshot SnapshotId<"ipl_pipeline"."sqlmesh_example"."seed_model": 2354868438> (interval.py:215)
2026-04-07 00:10:48,670 - MainThread - sqlmesh.core.snapshot.evaluator - INFO - Creating a physical table for snapshot SnapshotId<"ipl_pipeline"."sqlmesh_example"."incremental_model": 3888523954> (evaluator.py:870)
2026-04-07 00:10:48,682 - MainThread - sqlmesh.core.snapshot.evaluator - INFO - Creating table 'ipl_pipeline.sqlmesh__sqlmesh_example.sqlmesh_example__incremental_model__3572673861' (evaluator.py:2042)
2026-04-07 00:10:48,684 - MainThread - sqlmesh.core.engine_adapter.base - INFO - Executing SQL: /* SQLMESH_PLAN: 41549b20ad93489890a646c6039fc7b0 */ SELECT CURRENT_CATALOG (base.py:2624)
2026-04-07 00:10:48,685 - MainThread - sqlmesh.core.engine_adapter.base - INFO - Executing SQL: /* SQLMESH_PLAN: 41549b20ad93489890a646c6039fc7b0 */ SELECT type FROM DUCKDB_DATABASES() WHERE database_name = 'ipl_pipeline' (base.py:2624)
2026-04-07 00:10:48,686 - MainThread - sqlmesh.core.engine_adapter.base - INFO - Executing SQL: /* SQLMESH_PLAN: 41549b20ad93489890a646c6039fc7b0 */ CREATE TABLE IF NOT EXISTS "ipl_pipeline"."sqlmesh__sqlmesh_example"."sqlmesh_example__incremental_model__3572673861" ("id" INT, "item_id" INT, "event_date" DATE) (base.py:2624)
2026-04-07 00:10:48,686 - MainThread - sqlmesh.core.snapshot.evaluator - INFO - Dry running model 'sqlmesh_example.incremental_model' (evaluator.py:2064)
2026-04-07 00:10:48,686 - MainThread - sqlmesh.core.engine_adapter.base - INFO - Executing SQL: /* SQLMESH_PLAN: 41549b20ad93489890a646c6039fc7b0 */ SELECT "seed_model"."id" AS "id", "seed_model"."item_id" AS "item_id", "seed_model"."event_date" AS "event_date" FROM "ipl_pipeline"."sqlmesh__sqlmesh_example"."sqlmesh_example__seed_model__2437004170" AS "seed_model" WHERE ("seed_model"."event_date" <= CAST('1970-01-01' AS DATE) AND "seed_model"."event_date" >= CAST('1970-01-01' AS DATE)) AND FALSE LIMIT 0 (base.py:2624)
2026-04-07 00:10:48,693 - MainThread - sqlmesh.core.snapshot.evaluator - INFO - Evaluating snapshot SnapshotId<"ipl_pipeline"."sqlmesh_example"."incremental_model": 3888523954> (evaluator.py:711)
2026-04-07 00:10:48,693 - MainThread - sqlmesh.core.snapshot.evaluator - INFO - Inserting data for snapshot SnapshotId<"ipl_pipeline"."sqlmesh_example"."incremental_model": 3888523954> (evaluator.py:952)
2026-04-07 00:10:48,701 - MainThread - sqlmesh.core.snapshot.evaluator - INFO - Inserting batch (2020-01-01 00:00:00, 2026-04-07 00:00:00) into ipl_pipeline.sqlmesh__sqlmesh_example.sqlmesh_example__incremental_model__3572673861' (evaluator.py:984)
2026-04-07 00:10:48,701 - MainThread - sqlmesh.core.engine_adapter.base - INFO - Executing SQL: /* SQLMESH_PLAN: 41549b20ad93489890a646c6039fc7b0 */ DELETE FROM "ipl_pipeline"."sqlmesh__sqlmesh_example"."sqlmesh_example__incremental_model__3572673861" WHERE "event_date" BETWEEN CAST('2020-01-01' AS DATE) AND CAST('2026-04-06' AS DATE) (base.py:2624)
2026-04-07 00:10:48,701 - MainThread - sqlmesh.core.engine_adapter.base - INFO - Executing SQL: /* SQLMESH_PLAN: 41549b20ad93489890a646c6039fc7b0 */ INSERT INTO "ipl_pipeline"."sqlmesh__sqlmesh_example"."sqlmesh_example__incremental_model__3572673861" ("id", "item_id", "event_date") SELECT "id", "item_id", "event_date" FROM (SELECT "seed_model"."id" AS "id", "seed_model"."item_id" AS "item_id", "seed_model"."event_date" AS "event_date" FROM "ipl_pipeline"."sqlmesh__sqlmesh_example"."sqlmesh_example__seed_model__2437004170" AS "seed_model" WHERE "seed_model"."event_date" <= CAST('2026-04-06' AS DATE) AND "seed_model"."event_date" >= CAST('2020-01-01' AS DATE)) AS "_subquery" WHERE "event_date" BETWEEN CAST('2020-01-01' AS DATE) AND CAST('2026-04-06' AS DATE) (base.py:2624)
2026-04-07 00:10:48,701 - MainThread - sqlmesh.core.state_sync.db.facade - INFO - Adding interval (2020-01-01 00:00:00, 2026-04-07 00:00:00) for snapshot SnapshotId<"ipl_pipeline"."sqlmesh_example"."incremental_model": 3888523954> (facade.py:637)
2026-04-07 00:10:48,701 - MainThread - sqlmesh.core.state_sync.db.interval - INFO - Pushing intervals for snapshot SnapshotId<"ipl_pipeline"."sqlmesh_example"."incremental_model": 3888523954> (interval.py:215)
2026-04-07 00:10:48,727 - MainThread - sqlmesh.core.snapshot.evaluator - INFO - Evaluating snapshot SnapshotId<"ipl_pipeline"."sqlmesh_example"."full_model": 3498316053> (evaluator.py:711)
2026-04-07 00:10:48,727 - MainThread - sqlmesh.core.snapshot.evaluator - INFO - Inserting data for snapshot SnapshotId<"ipl_pipeline"."sqlmesh_example"."full_model": 3498316053> (evaluator.py:952)
2026-04-07 00:10:48,727 - MainThread - sqlmesh.core.snapshot.evaluator - INFO - Inserting batch (2026-04-06 00:00:00, 2026-04-07 00:00:00) into ipl_pipeline.sqlmesh__sqlmesh_example.sqlmesh_example__full_model__635791289' (evaluator.py:984)
2026-04-07 00:10:48,727 - MainThread - sqlmesh.core.engine_adapter.base - INFO - Executing SQL: /* SQLMESH_PLAN: 41549b20ad93489890a646c6039fc7b0 */ SELECT CURRENT_CATALOG (base.py:2624)
2026-04-07 00:10:48,742 - MainThread - sqlmesh.core.engine_adapter.base - INFO - Executing SQL: /* SQLMESH_PLAN: 41549b20ad93489890a646c6039fc7b0 */ SELECT type FROM DUCKDB_DATABASES() WHERE database_name = 'ipl_pipeline' (base.py:2624)
2026-04-07 00:10:48,742 - MainThread - sqlmesh.core.engine_adapter.base - INFO - Executing SQL: /* SQLMESH_PLAN: 41549b20ad93489890a646c6039fc7b0 */ CREATE OR REPLACE TABLE "ipl_pipeline"."sqlmesh__sqlmesh_example"."sqlmesh_example__full_model__635791289" AS SELECT CAST("item_id" AS INT) AS "item_id", CAST("num_orders" AS BIGINT) AS "num_orders" FROM (SELECT "incremental_model"."item_id" AS "item_id", COUNT(DISTINCT "incremental_model"."id") AS "num_orders" FROM "ipl_pipeline"."sqlmesh__sqlmesh_example"."sqlmesh_example__incremental_model__3572673861" AS "incremental_model" GROUP BY "incremental_model"."item_id") AS "_subquery" (base.py:2624)
2026-04-07 00:10:48,742 - MainThread - sqlmesh.core.snapshot.evaluator - INFO - Auditing snapshot SnapshotId<"ipl_pipeline"."sqlmesh_example"."full_model": 3498316053> (evaluator.py:603)
2026-04-07 00:10:48,742 - MainThread - sqlmesh.core.engine_adapter.base - INFO - Executing SQL: /* SQLMESH_PLAN: 41549b20ad93489890a646c6039fc7b0 */ DESCRIBE "ipl_pipeline"."sqlmesh__sqlmesh_example"."sqlmesh_example__full_model__635791289" (base.py:2624)
2026-04-07 00:10:48,742 - MainThread - sqlmesh.core.engine_adapter.base - INFO - Executing SQL: /* SQLMESH_PLAN: 41549b20ad93489890a646c6039fc7b0 */ SELECT COUNT(*) FROM (SELECT * FROM "ipl_pipeline"."sqlmesh__sqlmesh_example"."sqlmesh_example__full_model__635791289" AS "sqlmesh_example__full_model__635791289" WHERE "item_id" < 0) AS "audit" (base.py:2624)
2026-04-07 00:10:48,742 - MainThread - sqlmesh.core.state_sync.db.facade - INFO - Adding interval (2026-04-06 00:00:00, 2026-04-07 00:00:00) for snapshot SnapshotId<"ipl_pipeline"."sqlmesh_example"."full_model": 3498316053> (facade.py:637)
2026-04-07 00:10:48,742 - MainThread - sqlmesh.core.state_sync.db.interval - INFO - Pushing intervals for snapshot SnapshotId<"ipl_pipeline"."sqlmesh_example"."full_model": 3498316053> (interval.py:215)
2026-04-07 00:10:48,776 - MainThread - sqlmesh.core.plan.evaluator - INFO - Evaluating plan stage EnvironmentRecordUpdateStage (evaluator.py:123)
2026-04-07 00:10:48,776 - MainThread - sqlmesh.core.state_sync.db.facade - INFO - Promoting environment 'prod' (facade.py:167)
2026-04-07 00:10:48,803 - MainThread - sqlmesh.core.plan.evaluator - INFO - Evaluating plan stage UnpauseStage (evaluator.py:123)
2026-04-07 00:10:48,807 - MainThread - sqlmesh.core.plan.evaluator - INFO - Evaluating plan stage VirtualLayerUpdateStage (evaluator.py:123)
2026-04-07 00:10:48,823 - MainThread - sqlmesh.core.snapshot.evaluator - INFO - Creating schema 'ipl_pipeline.sqlmesh_example' (evaluator.py:1449)
2026-04-07 00:10:48,825 - MainThread - sqlmesh.core.engine_adapter.base - INFO - Executing SQL: /* SQLMESH_PLAN: 41549b20ad93489890a646c6039fc7b0 */ CREATE SCHEMA IF NOT EXISTS "ipl_pipeline"."sqlmesh_example" (base.py:2624)
2026-04-07 00:10:48,825 - MainThread - sqlmesh.core.snapshot.evaluator - INFO - Creating schema 'ipl_pipeline.ipl_data' (evaluator.py:1449)
2026-04-07 00:10:48,825 - MainThread - sqlmesh.core.engine_adapter.base - INFO - Executing SQL: /* SQLMESH_PLAN: 41549b20ad93489890a646c6039fc7b0 */ CREATE SCHEMA IF NOT EXISTS "ipl_pipeline"."ipl_data" (base.py:2624)
2026-04-07 00:10:48,825 - MainThread - sqlmesh.core.snapshot.evaluator - INFO - Listing data objects in schema ipl_pipeline.sqlmesh_example (evaluator.py:1616)
2026-04-07 00:10:48,825 - MainThread - sqlmesh.core.engine_adapter.base - INFO - Executing SQL: /* SQLMESH_PLAN: 41549b20ad93489890a646c6039fc7b0 */ SELECT CURRENT_CATALOG (base.py:2624)
2026-04-07 00:10:48,825 - MainThread - sqlmesh.core.engine_adapter.base - INFO - Executing SQL: /* SQLMESH_PLAN: 41549b20ad93489890a646c6039fc7b0 */ SELECT CURRENT_CATALOG (base.py:2624)
2026-04-07 00:10:48,825 - MainThread - sqlmesh.core.engine_adapter.base - INFO - Executing SQL: /* SQLMESH_PLAN: 41549b20ad93489890a646c6039fc7b0 */ SELECT table_name AS name, table_schema AS schema, CASE table_type WHEN 'BASE TABLE' THEN 'table' WHEN 'VIEW' THEN 'view' WHEN 'LOCAL TEMPORARY' THEN 'table' END AS type FROM system.information_schema.tables WHERE (table_catalog = 'ipl_pipeline' AND table_schema = 'sqlmesh_example') AND table_name IN ('full_model', 'incremental_model', 'seed_model') (base.py:2624)
2026-04-07 00:10:48,825 - MainThread - sqlmesh.core.snapshot.evaluator - INFO - Listing data objects in schema ipl_pipeline.ipl_data (evaluator.py:1616)
2026-04-07 00:10:48,825 - MainThread - sqlmesh.core.engine_adapter.base - INFO - Executing SQL: /* SQLMESH_PLAN: 41549b20ad93489890a646c6039fc7b0 */ SELECT CURRENT_CATALOG (base.py:2624)
2026-04-07 00:10:48,825 - MainThread - sqlmesh.core.engine_adapter.base - INFO - Executing SQL: /* SQLMESH_PLAN: 41549b20ad93489890a646c6039fc7b0 */ SELECT CURRENT_CATALOG (base.py:2624)
2026-04-07 00:10:48,840 - MainThread - sqlmesh.core.engine_adapter.base - INFO - Executing SQL: /* SQLMESH_PLAN: 41549b20ad93489890a646c6039fc7b0 */ SELECT table_name AS name, table_schema AS schema, CASE table_type WHEN 'BASE TABLE' THEN 'table' WHEN 'VIEW' THEN 'view' WHEN 'LOCAL TEMPORARY' THEN 'table' END AS type FROM system.information_schema.tables WHERE (table_catalog = 'ipl_pipeline' AND table_schema = 'ipl_data') AND table_name IN ('match_summary') (base.py:2624)
2026-04-07 00:10:48,842 - MainThread - sqlmesh.core.snapshot.evaluator - INFO - Updating view 'ipl_pipeline.ipl_data.match_summary' to point at table 'ipl_pipeline.sqlmesh__ipl_data.ipl_data__match_summary__2633039' (evaluator.py:1988)
2026-04-07 00:10:48,842 - MainThread - sqlmesh.core.engine_adapter.base - INFO - Executing SQL: /* SQLMESH_PLAN: 41549b20ad93489890a646c6039fc7b0 */ CREATE OR REPLACE VIEW "ipl_pipeline"."ipl_data"."match_summary" AS SELECT * FROM "ipl_pipeline"."sqlmesh__ipl_data"."ipl_data__match_summary__2633039" (base.py:2624)
2026-04-07 00:10:48,842 - MainThread - sqlmesh.core.snapshot.evaluator - INFO - Updating view 'ipl_pipeline.sqlmesh_example.seed_model' to point at table 'ipl_pipeline.sqlmesh__sqlmesh_example.sqlmesh_example__seed_model__2437004170' (evaluator.py:1988)
2026-04-07 00:10:48,842 - MainThread - sqlmesh.core.engine_adapter.base - INFO - Executing SQL: /* SQLMESH_PLAN: 41549b20ad93489890a646c6039fc7b0 */ CREATE OR REPLACE VIEW "ipl_pipeline"."sqlmesh_example"."seed_model" AS SELECT * FROM "ipl_pipeline"."sqlmesh__sqlmesh_example"."sqlmesh_example__seed_model__2437004170" (base.py:2624)
2026-04-07 00:10:48,853 - MainThread - sqlmesh.core.snapshot.evaluator - INFO - Updating view 'ipl_pipeline.sqlmesh_example.incremental_model' to point at table 'ipl_pipeline.sqlmesh__sqlmesh_example.sqlmesh_example__incremental_model__3572673861' (evaluator.py:1988)
2026-04-07 00:10:48,853 - MainThread - sqlmesh.core.engine_adapter.base - INFO - Executing SQL: /* SQLMESH_PLAN: 41549b20ad93489890a646c6039fc7b0 */ CREATE OR REPLACE VIEW "ipl_pipeline"."sqlmesh_example"."incremental_model" AS SELECT * FROM "ipl_pipeline"."sqlmesh__sqlmesh_example"."sqlmesh_example__incremental_model__3572673861" (base.py:2624)
2026-04-07 00:10:48,853 - MainThread - sqlmesh.core.snapshot.evaluator - INFO - Updating view 'ipl_pipeline.sqlmesh_example.full_model' to point at table 'ipl_pipeline.sqlmesh__sqlmesh_example.sqlmesh_example__full_model__635791289' (evaluator.py:1988)
2026-04-07 00:10:48,853 - MainThread - sqlmesh.core.engine_adapter.base - INFO - Executing SQL: /* SQLMESH_PLAN: 41549b20ad93489890a646c6039fc7b0 */ CREATE OR REPLACE VIEW "ipl_pipeline"."sqlmesh_example"."full_model" AS SELECT * FROM "ipl_pipeline"."sqlmesh__sqlmesh_example"."sqlmesh_example__full_model__635791289" (base.py:2624)
2026-04-07 00:10:48,874 - MainThread - sqlmesh.core.plan.evaluator - INFO - Evaluating plan stage FinalizeEnvironmentStage (evaluator.py:123)
2026-04-07 00:10:48,874 - MainThread - sqlmesh.core.state_sync.db.environment - INFO - Finalizing environment 'prod' (environment.py:141)
2026-04-07 00:10:48,916 - MainThread - root - INFO - Shutting down the event dispatcher (dispatcher.py:159)
