2026-04-15 20:16:07,271 - MainThread - sqlmesh.core.config.connection - INFO - Creating new DuckDB adapter for data files: {'ipl_pipeline.duckdb'} (connection.py:496)
2026-04-15 20:16:10,123 - MainThread - sqlmesh.core.config.connection - INFO - Creating new DuckDB adapter for in-memory database (connection.py:498)
2026-04-15 20:16:10,266 - MainThread - sqlmesh.core.config.connection - INFO - Using existing DuckDB adapter due to overlapping data file: ipl_pipeline.duckdb (connection.py:486)
2026-04-15 20:16:47,304 - MainThread - sqlmesh.core.plan.evaluator - INFO - Evaluating plan stage CreateSnapshotRecordsStage (evaluator.py:123)
2026-04-15 20:16:47,345 - MainThread - sqlmesh.core.plan.evaluator - INFO - Evaluating plan stage PhysicalLayerSchemaCreationStage (evaluator.py:123)
2026-04-15 20:16:47,347 - MainThread - sqlmesh.core.snapshot.evaluator - INFO - Creating schema 'ipl_pipeline.sqlmesh__sqlmesh_example' (evaluator.py:1449)
2026-04-15 20:16:47,348 - MainThread - sqlmesh.core.engine_adapter.base - INFO - Executing SQL: /* SQLMESH_PLAN: a2f6430d447b4c209678b4fce2552b34 */ CREATE SCHEMA IF NOT EXISTS "ipl_pipeline"."sqlmesh__sqlmesh_example" (base.py:2624)
2026-04-15 20:16:47,348 - MainThread - sqlmesh.core.snapshot.evaluator - INFO - Creating schema 'ipl_pipeline.sqlmesh__ipl_data' (evaluator.py:1449)
2026-04-15 20:16:47,349 - MainThread - sqlmesh.core.engine_adapter.base - INFO - Executing SQL: /* SQLMESH_PLAN: a2f6430d447b4c209678b4fce2552b34 */ CREATE SCHEMA IF NOT EXISTS "ipl_pipeline"."sqlmesh__ipl_data" (base.py:2624)
2026-04-15 20:16:47,349 - MainThread - sqlmesh.core.plan.evaluator - INFO - Evaluating plan stage BackfillStage (evaluator.py:123)
2026-04-15 20:16:47,351 - MainThread - sqlmesh.core.snapshot.evaluator - INFO - Listing data objects in schema ipl_pipeline.sqlmesh__ipl_data (evaluator.py:1616)
2026-04-15 20:16:47,351 - MainThread - sqlmesh.core.engine_adapter.base - INFO - Executing SQL: /* SQLMESH_PLAN: a2f6430d447b4c209678b4fce2552b34 */ SELECT CURRENT_CATALOG (base.py:2624)
2026-04-15 20:16:47,352 - MainThread - sqlmesh.core.engine_adapter.base - INFO - Executing SQL: /* SQLMESH_PLAN: a2f6430d447b4c209678b4fce2552b34 */ SELECT CURRENT_CATALOG (base.py:2624)
2026-04-15 20:16:47,353 - MainThread - sqlmesh.core.engine_adapter.base - INFO - Executing SQL: /* SQLMESH_PLAN: a2f6430d447b4c209678b4fce2552b34 */ SELECT table_name AS name, table_schema AS schema, CASE table_type WHEN 'BASE TABLE' THEN 'table' WHEN 'VIEW' THEN 'view' WHEN 'LOCAL TEMPORARY' THEN 'table' END AS type FROM system.information_schema.tables WHERE (table_catalog = 'ipl_pipeline' AND table_schema = 'sqlmesh__ipl_data') AND table_name IN ('ipl_data__match_summary__1564997367', 'ipl_data__team_performance__3245373984', 'ipl_data__venue_stats__1044725666') (base.py:2624)
2026-04-15 20:16:47,359 - MainThread - sqlmesh.core.snapshot.evaluator - INFO - Evaluating snapshot SnapshotId<"ipl_pipeline"."ipl_data"."match_summary": 3229321965> (evaluator.py:711)
2026-04-15 20:16:47,360 - MainThread - sqlmesh.core.snapshot.evaluator - INFO - Inserting data for snapshot SnapshotId<"ipl_pipeline"."ipl_data"."match_summary": 3229321965> (evaluator.py:952)
2026-04-15 20:16:47,364 - MainThread - sqlmesh.core.snapshot.evaluator - INFO - Inserting batch (2026-04-06 00:00:00, 2026-04-08 00:00:00) into ipl_pipeline.sqlmesh__ipl_data.ipl_data__match_summary__1564997367' (evaluator.py:984)
2026-04-15 20:16:47,365 - MainThread - sqlmesh.core.engine_adapter.base - INFO - Executing SQL: /* SQLMESH_PLAN: a2f6430d447b4c209678b4fce2552b34 */ DESCRIBE "ipl_pipeline"."sqlmesh__ipl_data"."ipl_data__match_summary__1564997367" (base.py:2624)
2026-04-15 20:16:47,376 - MainThread - sqlmesh.core.engine_adapter.base - INFO - Executing SQL: /* SQLMESH_PLAN: a2f6430d447b4c209678b4fce2552b34 */ SELECT CURRENT_CATALOG (base.py:2624)
2026-04-15 20:16:47,377 - MainThread - sqlmesh.core.engine_adapter.base - INFO - Executing SQL: /* SQLMESH_PLAN: a2f6430d447b4c209678b4fce2552b34 */ SELECT type FROM DUCKDB_DATABASES() WHERE database_name = 'ipl_pipeline' (base.py:2624)
2026-04-15 20:16:47,379 - MainThread - sqlmesh.core.engine_adapter.base - INFO - Executing SQL: /* SQLMESH_PLAN: a2f6430d447b4c209678b4fce2552b34 */ CREATE OR REPLACE TABLE "ipl_pipeline"."sqlmesh__ipl_data"."ipl_data__match_summary__1564997367" AS SELECT "match_id" AS "match_id", "season" AS "season", "date" AS "date", "venue" AS "venue", "city" AS "city", CASE WHEN "batting_team" = 'Royal Challengers Bengaluru' THEN 'Royal Challengers Bangalore' WHEN "batting_team" = 'Rising Pune Supergiant' THEN 'Rising Pune Supergiants' WHEN "batting_team" = 'Delhi Daredevils' THEN 'Delhi Capitals' WHEN "batting_team" = 'Kings XI Punjab' THEN 'Punjab Kings' ELSE "batting_team" END AS "batting_team", CASE WHEN "bowling_team" = 'Royal Challengers Bengaluru' THEN 'Royal Challengers Bangalore' WHEN "bowling_team" = 'Rising Pune Supergiant' THEN 'Rising Pune Supergiants' WHEN "bowling_team" = 'Delhi Daredevils' THEN 'Delhi Capitals' WHEN "bowling_team" = 'Kings XI Punjab' THEN 'Punjab Kings' ELSE "bowling_team" END AS "bowling_team", "toss_winner" AS "toss_winner", "toss_decision" AS "toss_decision", CASE WHEN "match_won_by" = 'Royal Challengers Bengaluru' THEN 'Royal Challengers Bangalore' WHEN "match_won_by" = 'Rising Pune Supergiant' THEN 'Rising Pune Supergiants' WHEN "match_won_by" = 'Delhi Daredevils' THEN 'Delhi Capitals' WHEN "match_won_by" = 'Kings XI Punjab' THEN 'Punjab Kings' ELSE "match_won_by" END AS "match_won_by", "win_outcome" AS "win_outcome", "player_of_match" AS "player_of_match", "stage" AS "stage" FROM "ipl_pipeline"."ipl_data"."ipl_deliveries" AS "ipl_deliveries" WHERE "innings" = 1 AND "over" = 0 AND "ball_no" = 0.1 (base.py:2624)
2026-04-15 20:16:47,407 - MainThread - sqlmesh.core.state_sync.db.facade - INFO - Adding interval (2026-04-06 00:00:00, 2026-04-08 00:00:00) for snapshot SnapshotId<"ipl_pipeline"."ipl_data"."match_summary": 3229321965> (facade.py:637)
2026-04-15 20:16:47,407 - MainThread - sqlmesh.core.state_sync.db.interval - INFO - Pushing intervals for snapshot SnapshotId<"ipl_pipeline"."ipl_data"."match_summary": 3229321965> (interval.py:215)
2026-04-15 20:16:47,425 - MainThread - sqlmesh.core.snapshot.evaluator - INFO - Evaluating snapshot SnapshotId<"ipl_pipeline"."ipl_data"."team_performance": 2343732152> (evaluator.py:711)
2026-04-15 20:16:47,425 - MainThread - sqlmesh.core.snapshot.evaluator - INFO - Inserting data for snapshot SnapshotId<"ipl_pipeline"."ipl_data"."team_performance": 2343732152> (evaluator.py:952)
2026-04-15 20:16:47,435 - MainThread - sqlmesh.core.snapshot.evaluator - INFO - Inserting batch (2026-04-06 00:00:00, 2026-04-08 00:00:00) into ipl_pipeline.sqlmesh__ipl_data.ipl_data__team_performance__3245373984' (evaluator.py:984)
2026-04-15 20:16:47,435 - MainThread - sqlmesh.core.engine_adapter.base - INFO - Executing SQL: /* SQLMESH_PLAN: a2f6430d447b4c209678b4fce2552b34 */ DESCRIBE "ipl_pipeline"."sqlmesh__ipl_data"."ipl_data__team_performance__3245373984" (base.py:2624)
2026-04-15 20:16:47,437 - MainThread - sqlmesh.core.engine_adapter.base - INFO - Executing SQL: /* SQLMESH_PLAN: a2f6430d447b4c209678b4fce2552b34 */ SELECT CURRENT_CATALOG (base.py:2624)
2026-04-15 20:16:47,437 - MainThread - sqlmesh.core.engine_adapter.base - INFO - Executing SQL: /* SQLMESH_PLAN: a2f6430d447b4c209678b4fce2552b34 */ SELECT type FROM DUCKDB_DATABASES() WHERE database_name = 'ipl_pipeline' (base.py:2624)
2026-04-15 20:16:47,439 - MainThread - sqlmesh.core.engine_adapter.base - INFO - Executing SQL: /* SQLMESH_PLAN: a2f6430d447b4c209678b4fce2552b34 */ CREATE OR REPLACE TABLE "ipl_pipeline"."sqlmesh__ipl_data"."ipl_data__team_performance__3245373984" AS WITH "all_matches" AS (SELECT "match_summary"."match_id" AS "match_id", "match_summary"."season" AS "season", "match_summary"."batting_team" AS "team", "match_summary"."match_won_by" AS "match_won_by", "match_summary"."win_outcome" AS "win_outcome" FROM "ipl_pipeline"."sqlmesh__ipl_data"."ipl_data__match_summary__1564997367" AS "match_summary" UNION ALL SELECT "match_summary"."match_id" AS "match_id", "match_summary"."season" AS "season", "match_summary"."bowling_team" AS "team", "match_summary"."match_won_by" AS "match_won_by", "match_summary"."win_outcome" AS "win_outcome" FROM "ipl_pipeline"."sqlmesh__ipl_data"."ipl_data__match_summary__1564997367" AS "match_summary") SELECT "all_matches"."season" AS "season", "all_matches"."team" AS "team", COUNT(DISTINCT "all_matches"."match_id") AS "matches_played", SUM(CASE WHEN "all_matches"."match_won_by" = "all_matches"."team" THEN 1 ELSE 0 END) AS "matches_won", SUM(CASE WHEN "all_matches"."match_won_by" <> "all_matches"."team" AND "all_matches"."win_outcome" <> 'no result' THEN 1 ELSE 0 END) AS "matches_lost", ROUND(SUM(CASE WHEN "all_matches"."match_won_by" = "all_matches"."team" THEN 1 ELSE 0 END) * 100.0 / COUNT(DISTINCT "all_matches"."match_id"), 2) AS "win_percentage" FROM "all_matches" AS "all_matches" GROUP BY "all_matches"."season", "all_matches"."team" (base.py:2624)
2026-04-15 20:16:47,468 - MainThread - sqlmesh.core.state_sync.db.facade - INFO - Adding interval (2026-04-06 00:00:00, 2026-04-08 00:00:00) for snapshot SnapshotId<"ipl_pipeline"."ipl_data"."team_performance": 2343732152> (facade.py:637)
2026-04-15 20:16:47,468 - MainThread - sqlmesh.core.state_sync.db.interval - INFO - Pushing intervals for snapshot SnapshotId<"ipl_pipeline"."ipl_data"."team_performance": 2343732152> (interval.py:215)
2026-04-15 20:16:47,483 - MainThread - sqlmesh.core.snapshot.evaluator - INFO - Evaluating snapshot SnapshotId<"ipl_pipeline"."ipl_data"."venue_stats": 3199615937> (evaluator.py:711)
2026-04-15 20:16:47,483 - MainThread - sqlmesh.core.snapshot.evaluator - INFO - Inserting data for snapshot SnapshotId<"ipl_pipeline"."ipl_data"."venue_stats": 3199615937> (evaluator.py:952)
2026-04-15 20:16:47,489 - MainThread - sqlmesh.core.snapshot.evaluator - INFO - Inserting batch (2026-04-06 00:00:00, 2026-04-08 00:00:00) into ipl_pipeline.sqlmesh__ipl_data.ipl_data__venue_stats__1044725666' (evaluator.py:984)
2026-04-15 20:16:47,489 - MainThread - sqlmesh.core.engine_adapter.base - INFO - Executing SQL: /* SQLMESH_PLAN: a2f6430d447b4c209678b4fce2552b34 */ DESCRIBE "ipl_pipeline"."sqlmesh__ipl_data"."ipl_data__venue_stats__1044725666" (base.py:2624)
2026-04-15 20:16:47,490 - MainThread - sqlmesh.core.engine_adapter.base - INFO - Executing SQL: /* SQLMESH_PLAN: a2f6430d447b4c209678b4fce2552b34 */ SELECT CURRENT_CATALOG (base.py:2624)
2026-04-15 20:16:47,491 - MainThread - sqlmesh.core.engine_adapter.base - INFO - Executing SQL: /* SQLMESH_PLAN: a2f6430d447b4c209678b4fce2552b34 */ SELECT type FROM DUCKDB_DATABASES() WHERE database_name = 'ipl_pipeline' (base.py:2624)
2026-04-15 20:16:47,492 - MainThread - sqlmesh.core.engine_adapter.base - INFO - Executing SQL: /* SQLMESH_PLAN: a2f6430d447b4c209678b4fce2552b34 */ CREATE OR REPLACE TABLE "ipl_pipeline"."sqlmesh__ipl_data"."ipl_data__venue_stats__1044725666" AS SELECT "match_summary"."venue" AS "venue", "match_summary"."city" AS "city", COUNT(DISTINCT "match_summary"."match_id") AS "total_matches", SUM(CASE WHEN "match_summary"."win_outcome" LIKE '%wickets%' THEN 1 ELSE 0 END) AS "chases_won", SUM(CASE WHEN "match_summary"."win_outcome" LIKE '%runs%' THEN 1 ELSE 0 END) AS "defended", ROUND(SUM(CASE WHEN "match_summary"."win_outcome" LIKE '%wickets%' THEN 1 ELSE 0 END) * 100.0 / NULLIF(COUNT(DISTINCT "match_summary"."match_id"), 0), 2) AS "chase_success_rate" FROM "ipl_pipeline"."sqlmesh__ipl_data"."ipl_data__match_summary__1564997367" AS "match_summary" GROUP BY "match_summary"."venue", "match_summary"."city" (base.py:2624)
2026-04-15 20:16:47,512 - MainThread - sqlmesh.core.state_sync.db.facade - INFO - Adding interval (2026-04-06 00:00:00, 2026-04-08 00:00:00) for snapshot SnapshotId<"ipl_pipeline"."ipl_data"."venue_stats": 3199615937> (facade.py:637)
2026-04-15 20:16:47,512 - MainThread - sqlmesh.core.state_sync.db.interval - INFO - Pushing intervals for snapshot SnapshotId<"ipl_pipeline"."ipl_data"."venue_stats": 3199615937> (interval.py:215)
2026-04-15 20:16:47,531 - MainThread - sqlmesh.core.plan.evaluator - INFO - Evaluating plan stage EnvironmentRecordUpdateStage (evaluator.py:123)
2026-04-15 20:16:47,531 - MainThread - sqlmesh.core.state_sync.db.facade - INFO - Promoting environment 'prod' (facade.py:167)
2026-04-15 20:16:47,561 - MainThread - sqlmesh.core.plan.evaluator - INFO - Evaluating plan stage UnpauseStage (evaluator.py:123)
2026-04-15 20:16:47,569 - MainThread - sqlmesh.core.plan.evaluator - INFO - Evaluating plan stage VirtualLayerUpdateStage (evaluator.py:123)
2026-04-15 20:16:47,572 - MainThread - sqlmesh.core.snapshot.evaluator - INFO - Creating schema 'ipl_pipeline.ipl_data' (evaluator.py:1449)
2026-04-15 20:16:47,573 - MainThread - sqlmesh.core.engine_adapter.base - INFO - Executing SQL: /* SQLMESH_PLAN: a2f6430d447b4c209678b4fce2552b34 */ CREATE SCHEMA IF NOT EXISTS "ipl_pipeline"."ipl_data" (base.py:2624)
2026-04-15 20:16:47,574 - MainThread - sqlmesh.core.snapshot.evaluator - INFO - Listing data objects in schema ipl_pipeline.ipl_data (evaluator.py:1616)
2026-04-15 20:16:47,574 - MainThread - sqlmesh.core.engine_adapter.base - INFO - Executing SQL: /* SQLMESH_PLAN: a2f6430d447b4c209678b4fce2552b34 */ SELECT CURRENT_CATALOG (base.py:2624)
2026-04-15 20:16:47,574 - MainThread - sqlmesh.core.engine_adapter.base - INFO - Executing SQL: /* SQLMESH_PLAN: a2f6430d447b4c209678b4fce2552b34 */ SELECT CURRENT_CATALOG (base.py:2624)
2026-04-15 20:16:47,575 - MainThread - sqlmesh.core.engine_adapter.base - INFO - Executing SQL: /* SQLMESH_PLAN: a2f6430d447b4c209678b4fce2552b34 */ SELECT table_name AS name, table_schema AS schema, CASE table_type WHEN 'BASE TABLE' THEN 'table' WHEN 'VIEW' THEN 'view' WHEN 'LOCAL TEMPORARY' THEN 'table' END AS type FROM system.information_schema.tables WHERE (table_catalog = 'ipl_pipeline' AND table_schema = 'ipl_data') AND table_name IN ('team_performance', 'venue_stats', 'match_summary') (base.py:2624)
2026-04-15 20:16:47,578 - MainThread - sqlmesh.core.snapshot.evaluator - INFO - Updating view 'ipl_pipeline.ipl_data.match_summary' to point at table 'ipl_pipeline.sqlmesh__ipl_data.ipl_data__match_summary__1564997367' (evaluator.py:1988)
2026-04-15 20:16:47,579 - MainThread - sqlmesh.core.engine_adapter.base - INFO - Executing SQL: /* SQLMESH_PLAN: a2f6430d447b4c209678b4fce2552b34 */ CREATE OR REPLACE VIEW "ipl_pipeline"."ipl_data"."match_summary" AS SELECT * FROM "ipl_pipeline"."sqlmesh__ipl_data"."ipl_data__match_summary__1564997367" (base.py:2624)
2026-04-15 20:16:47,583 - MainThread - sqlmesh.core.snapshot.evaluator - INFO - Updating view 'ipl_pipeline.ipl_data.team_performance' to point at table 'ipl_pipeline.sqlmesh__ipl_data.ipl_data__team_performance__3245373984' (evaluator.py:1988)
2026-04-15 20:16:47,584 - MainThread - sqlmesh.core.engine_adapter.base - INFO - Executing SQL: /* SQLMESH_PLAN: a2f6430d447b4c209678b4fce2552b34 */ CREATE OR REPLACE VIEW "ipl_pipeline"."ipl_data"."team_performance" AS SELECT * FROM "ipl_pipeline"."sqlmesh__ipl_data"."ipl_data__team_performance__3245373984" (base.py:2624)
2026-04-15 20:16:47,588 - MainThread - sqlmesh.core.snapshot.evaluator - INFO - Updating view 'ipl_pipeline.ipl_data.venue_stats' to point at table 'ipl_pipeline.sqlmesh__ipl_data.ipl_data__venue_stats__1044725666' (evaluator.py:1988)
2026-04-15 20:16:47,589 - MainThread - sqlmesh.core.engine_adapter.base - INFO - Executing SQL: /* SQLMESH_PLAN: a2f6430d447b4c209678b4fce2552b34 */ CREATE OR REPLACE VIEW "ipl_pipeline"."ipl_data"."venue_stats" AS SELECT * FROM "ipl_pipeline"."sqlmesh__ipl_data"."ipl_data__venue_stats__1044725666" (base.py:2624)
2026-04-15 20:16:47,594 - MainThread - sqlmesh.core.plan.evaluator - INFO - Evaluating plan stage FinalizeEnvironmentStage (evaluator.py:123)
2026-04-15 20:16:47,594 - MainThread - sqlmesh.core.state_sync.db.environment - INFO - Finalizing environment 'prod' (environment.py:141)
2026-04-15 20:16:47,665 - MainThread - root - INFO - Shutting down the event dispatcher (dispatcher.py:159)
