2026-04-10 21:07:33,067 - MainThread - sqlmesh.core.config.connection - INFO - Creating new DuckDB adapter for data files: {'ipl_pipeline.duckdb'} (connection.py:496)
2026-04-10 21:07:33,672 - MainThread - sqlmesh.core.config.connection - INFO - Creating new DuckDB adapter for in-memory database (connection.py:498)
2026-04-10 21:07:33,755 - MainThread - sqlmesh.core.config.connection - INFO - Using existing DuckDB adapter due to overlapping data file: ipl_pipeline.duckdb (connection.py:486)
2026-04-10 21:07:39,894 - MainThread - sqlmesh.core.plan.evaluator - INFO - Evaluating plan stage CreateSnapshotRecordsStage (evaluator.py:123)
2026-04-10 21:07:39,916 - MainThread - sqlmesh.core.plan.evaluator - INFO - Evaluating plan stage PhysicalLayerSchemaCreationStage (evaluator.py:123)
2026-04-10 21:07:39,916 - MainThread - sqlmesh.core.snapshot.evaluator - INFO - Creating schema 'ipl_pipeline.sqlmesh__ipl_data' (evaluator.py:1449)
2026-04-10 21:07:39,916 - MainThread - sqlmesh.core.engine_adapter.base - INFO - Executing SQL: /* SQLMESH_PLAN: 951d33c8e94d4a6ca9f76474e91c65dd */ CREATE SCHEMA IF NOT EXISTS "ipl_pipeline"."sqlmesh__ipl_data" (base.py:2624)
2026-04-10 21:07:39,916 - MainThread - sqlmesh.core.snapshot.evaluator - INFO - Creating schema 'ipl_pipeline.sqlmesh__sqlmesh_example' (evaluator.py:1449)
2026-04-10 21:07:39,916 - MainThread - sqlmesh.core.engine_adapter.base - INFO - Executing SQL: /* SQLMESH_PLAN: 951d33c8e94d4a6ca9f76474e91c65dd */ CREATE SCHEMA IF NOT EXISTS "ipl_pipeline"."sqlmesh__sqlmesh_example" (base.py:2624)
2026-04-10 21:07:39,916 - MainThread - sqlmesh.core.plan.evaluator - INFO - Evaluating plan stage BackfillStage (evaluator.py:123)
2026-04-10 21:07:39,916 - MainThread - sqlmesh.core.snapshot.evaluator - INFO - Listing data objects in schema ipl_pipeline.sqlmesh__ipl_data (evaluator.py:1616)
2026-04-10 21:07:39,916 - MainThread - sqlmesh.core.engine_adapter.base - INFO - Executing SQL: /* SQLMESH_PLAN: 951d33c8e94d4a6ca9f76474e91c65dd */ SELECT CURRENT_CATALOG (base.py:2624)
2026-04-10 21:07:39,916 - MainThread - sqlmesh.core.engine_adapter.base - INFO - Executing SQL: /* SQLMESH_PLAN: 951d33c8e94d4a6ca9f76474e91c65dd */ SELECT CURRENT_CATALOG (base.py:2624)
2026-04-10 21:07:39,916 - MainThread - sqlmesh.core.engine_adapter.base - INFO - Executing SQL: /* SQLMESH_PLAN: 951d33c8e94d4a6ca9f76474e91c65dd */ SELECT table_name AS name, table_schema AS schema, CASE table_type WHEN 'BASE TABLE' THEN 'table' WHEN 'VIEW' THEN 'view' WHEN 'LOCAL TEMPORARY' THEN 'table' END AS type FROM system.information_schema.tables WHERE (table_catalog = 'ipl_pipeline' AND table_schema = 'sqlmesh__ipl_data') AND table_name IN ('ipl_data__venue_stats__3049989477', 'ipl_data__team_performance__202801577') (base.py:2624)
2026-04-10 21:07:39,932 - MainThread - sqlmesh.core.snapshot.evaluator - INFO - Evaluating snapshot SnapshotId<"ipl_pipeline"."ipl_data"."team_performance": 318747166> (evaluator.py:711)
2026-04-10 21:07:39,932 - MainThread - sqlmesh.core.snapshot.evaluator - INFO - Inserting data for snapshot SnapshotId<"ipl_pipeline"."ipl_data"."team_performance": 318747166> (evaluator.py:952)
2026-04-10 21:07:39,932 - MainThread - sqlmesh.core.snapshot.evaluator - INFO - Inserting batch (2026-04-06 00:00:00, 2026-04-08 00:00:00) into ipl_pipeline.sqlmesh__ipl_data.ipl_data__team_performance__202801577' (evaluator.py:984)
2026-04-10 21:07:39,932 - MainThread - sqlmesh.core.engine_adapter.base - INFO - Executing SQL: /* SQLMESH_PLAN: 951d33c8e94d4a6ca9f76474e91c65dd */ DESCRIBE "ipl_pipeline"."sqlmesh__ipl_data"."ipl_data__team_performance__202801577" (base.py:2624)
2026-04-10 21:07:39,949 - MainThread - sqlmesh.core.engine_adapter.base - INFO - Executing SQL: /* SQLMESH_PLAN: 951d33c8e94d4a6ca9f76474e91c65dd */ SELECT CURRENT_CATALOG (base.py:2624)
2026-04-10 21:07:39,949 - MainThread - sqlmesh.core.engine_adapter.base - INFO - Executing SQL: /* SQLMESH_PLAN: 951d33c8e94d4a6ca9f76474e91c65dd */ SELECT type FROM DUCKDB_DATABASES() WHERE database_name = 'ipl_pipeline' (base.py:2624)
2026-04-10 21:07:39,949 - MainThread - sqlmesh.core.engine_adapter.base - INFO - Executing SQL: /* SQLMESH_PLAN: 951d33c8e94d4a6ca9f76474e91c65dd */ CREATE OR REPLACE TABLE "ipl_pipeline"."sqlmesh__ipl_data"."ipl_data__team_performance__202801577" AS SELECT "match_summary"."season" AS "season", "match_summary"."batting_team" AS "team", COUNT(DISTINCT "match_summary"."match_id") AS "matches_played", SUM(CASE WHEN "match_summary"."match_won_by" = "match_summary"."batting_team" THEN 1 ELSE 0 END) AS "matches_won", SUM(CASE WHEN "match_summary"."match_won_by" <> "match_summary"."batting_team" AND "match_summary"."win_outcome" <> 'no result' THEN 1 ELSE 0 END) AS "matches_lost", ROUND(SUM(CASE WHEN "match_summary"."match_won_by" = "match_summary"."batting_team" THEN 1 ELSE 0 END) * 100.0 / COUNT(DISTINCT "match_summary"."match_id"), 2) AS "win_percentage" FROM "ipl_pipeline"."sqlmesh__ipl_data"."ipl_data__match_summary__1402446713" AS "match_summary" GROUP BY "match_summary"."season", "match_summary"."batting_team" (base.py:2624)
2026-04-10 21:07:39,980 - MainThread - sqlmesh.core.state_sync.db.facade - INFO - Adding interval (2026-04-06 00:00:00, 2026-04-08 00:00:00) for snapshot SnapshotId<"ipl_pipeline"."ipl_data"."team_performance": 318747166> (facade.py:637)
2026-04-10 21:07:39,980 - MainThread - sqlmesh.core.state_sync.db.interval - INFO - Pushing intervals for snapshot SnapshotId<"ipl_pipeline"."ipl_data"."team_performance": 318747166> (interval.py:215)
2026-04-10 21:07:39,999 - MainThread - sqlmesh.core.snapshot.evaluator - INFO - Evaluating snapshot SnapshotId<"ipl_pipeline"."ipl_data"."venue_stats": 3219890324> (evaluator.py:711)
2026-04-10 21:07:39,999 - MainThread - sqlmesh.core.snapshot.evaluator - INFO - Inserting data for snapshot SnapshotId<"ipl_pipeline"."ipl_data"."venue_stats": 3219890324> (evaluator.py:952)
2026-04-10 21:07:40,003 - MainThread - sqlmesh.core.snapshot.evaluator - INFO - Inserting batch (2026-04-06 00:00:00, 2026-04-08 00:00:00) into ipl_pipeline.sqlmesh__ipl_data.ipl_data__venue_stats__3049989477' (evaluator.py:984)
2026-04-10 21:07:40,003 - MainThread - sqlmesh.core.engine_adapter.base - INFO - Executing SQL: /* SQLMESH_PLAN: 951d33c8e94d4a6ca9f76474e91c65dd */ DESCRIBE "ipl_pipeline"."sqlmesh__ipl_data"."ipl_data__venue_stats__3049989477" (base.py:2624)
2026-04-10 21:07:40,003 - MainThread - sqlmesh.core.engine_adapter.base - INFO - Executing SQL: /* SQLMESH_PLAN: 951d33c8e94d4a6ca9f76474e91c65dd */ SELECT CURRENT_CATALOG (base.py:2624)
2026-04-10 21:07:40,003 - MainThread - sqlmesh.core.engine_adapter.base - INFO - Executing SQL: /* SQLMESH_PLAN: 951d33c8e94d4a6ca9f76474e91c65dd */ SELECT type FROM DUCKDB_DATABASES() WHERE database_name = 'ipl_pipeline' (base.py:2624)
2026-04-10 21:07:40,003 - MainThread - sqlmesh.core.engine_adapter.base - INFO - Executing SQL: /* SQLMESH_PLAN: 951d33c8e94d4a6ca9f76474e91c65dd */ CREATE OR REPLACE TABLE "ipl_pipeline"."sqlmesh__ipl_data"."ipl_data__venue_stats__3049989477" AS SELECT "match_summary"."venue" AS "venue", "match_summary"."city" AS "city", COUNT(DISTINCT "match_summary"."match_id") AS "total_matches", SUM(CASE WHEN "match_summary"."win_outcome" LIKE '%wickets%' THEN 1 ELSE 0 END) AS "chases_won", SUM(CASE WHEN "match_summary"."win_outcome" LIKE '%runs%' THEN 1 ELSE 0 END) AS "defended", ROUND(SUM(CASE WHEN "match_summary"."win_outcome" LIKE '%wickets%' THEN 1 ELSE 0 END) * 100.0 / NULLIF(COUNT(DISTINCT "match_summary"."match_id"), 0), 2) AS "chase_success_rate" FROM "ipl_pipeline"."sqlmesh__ipl_data"."ipl_data__match_summary__1402446713" AS "match_summary" GROUP BY "match_summary"."venue", "match_summary"."city" (base.py:2624)
2026-04-10 21:07:40,011 - MainThread - sqlmesh.core.state_sync.db.facade - INFO - Adding interval (2026-04-06 00:00:00, 2026-04-08 00:00:00) for snapshot SnapshotId<"ipl_pipeline"."ipl_data"."venue_stats": 3219890324> (facade.py:637)
2026-04-10 21:07:40,011 - MainThread - sqlmesh.core.state_sync.db.interval - INFO - Pushing intervals for snapshot SnapshotId<"ipl_pipeline"."ipl_data"."venue_stats": 3219890324> (interval.py:215)
2026-04-10 21:07:40,043 - MainThread - sqlmesh.core.plan.evaluator - INFO - Evaluating plan stage EnvironmentRecordUpdateStage (evaluator.py:123)
2026-04-10 21:07:40,043 - MainThread - sqlmesh.core.state_sync.db.facade - INFO - Promoting environment 'prod' (facade.py:167)
2026-04-10 21:07:40,065 - MainThread - sqlmesh.core.plan.evaluator - INFO - Evaluating plan stage UnpauseStage (evaluator.py:123)
2026-04-10 21:07:40,075 - MainThread - sqlmesh.core.plan.evaluator - INFO - Evaluating plan stage VirtualLayerUpdateStage (evaluator.py:123)
2026-04-10 21:07:40,075 - MainThread - sqlmesh.core.snapshot.evaluator - INFO - Creating schema 'ipl_pipeline.ipl_data' (evaluator.py:1449)
2026-04-10 21:07:40,075 - MainThread - sqlmesh.core.engine_adapter.base - INFO - Executing SQL: /* SQLMESH_PLAN: 951d33c8e94d4a6ca9f76474e91c65dd */ CREATE SCHEMA IF NOT EXISTS "ipl_pipeline"."ipl_data" (base.py:2624)
2026-04-10 21:07:40,075 - MainThread - sqlmesh.core.snapshot.evaluator - INFO - Listing data objects in schema ipl_pipeline.ipl_data (evaluator.py:1616)
2026-04-10 21:07:40,075 - MainThread - sqlmesh.core.engine_adapter.base - INFO - Executing SQL: /* SQLMESH_PLAN: 951d33c8e94d4a6ca9f76474e91c65dd */ SELECT CURRENT_CATALOG (base.py:2624)
2026-04-10 21:07:40,075 - MainThread - sqlmesh.core.engine_adapter.base - INFO - Executing SQL: /* SQLMESH_PLAN: 951d33c8e94d4a6ca9f76474e91c65dd */ SELECT CURRENT_CATALOG (base.py:2624)
2026-04-10 21:07:40,075 - MainThread - sqlmesh.core.engine_adapter.base - INFO - Executing SQL: /* SQLMESH_PLAN: 951d33c8e94d4a6ca9f76474e91c65dd */ SELECT table_name AS name, table_schema AS schema, CASE table_type WHEN 'BASE TABLE' THEN 'table' WHEN 'VIEW' THEN 'view' WHEN 'LOCAL TEMPORARY' THEN 'table' END AS type FROM system.information_schema.tables WHERE (table_catalog = 'ipl_pipeline' AND table_schema = 'ipl_data') AND table_name IN ('venue_stats', 'team_performance') (base.py:2624)
2026-04-10 21:07:40,091 - MainThread - sqlmesh.core.snapshot.evaluator - INFO - Updating view 'ipl_pipeline.ipl_data.team_performance' to point at table 'ipl_pipeline.sqlmesh__ipl_data.ipl_data__team_performance__202801577' (evaluator.py:1988)
2026-04-10 21:07:40,091 - MainThread - sqlmesh.core.engine_adapter.base - INFO - Executing SQL: /* SQLMESH_PLAN: 951d33c8e94d4a6ca9f76474e91c65dd */ CREATE OR REPLACE VIEW "ipl_pipeline"."ipl_data"."team_performance" AS SELECT * FROM "ipl_pipeline"."sqlmesh__ipl_data"."ipl_data__team_performance__202801577" (base.py:2624)
2026-04-10 21:07:40,091 - MainThread - sqlmesh.core.snapshot.evaluator - INFO - Updating view 'ipl_pipeline.ipl_data.venue_stats' to point at table 'ipl_pipeline.sqlmesh__ipl_data.ipl_data__venue_stats__3049989477' (evaluator.py:1988)
2026-04-10 21:07:40,091 - MainThread - sqlmesh.core.engine_adapter.base - INFO - Executing SQL: /* SQLMESH_PLAN: 951d33c8e94d4a6ca9f76474e91c65dd */ CREATE OR REPLACE VIEW "ipl_pipeline"."ipl_data"."venue_stats" AS SELECT * FROM "ipl_pipeline"."sqlmesh__ipl_data"."ipl_data__venue_stats__3049989477" (base.py:2624)
2026-04-10 21:07:40,103 - MainThread - sqlmesh.core.plan.evaluator - INFO - Evaluating plan stage FinalizeEnvironmentStage (evaluator.py:123)
2026-04-10 21:07:40,103 - MainThread - sqlmesh.core.state_sync.db.environment - INFO - Finalizing environment 'prod' (environment.py:141)
2026-04-10 21:07:40,158 - MainThread - root - INFO - Shutting down the event dispatcher (dispatcher.py:159)
