2026-04-09 19:19:45,795 - MainThread - sqlmesh.core.config.connection - INFO - Creating new DuckDB adapter for data files: {'ipl_pipeline.duckdb'} (connection.py:496)
2026-04-09 19:19:46,854 - MainThread - sqlmesh.core.config.connection - INFO - Creating new DuckDB adapter for in-memory database (connection.py:498)
2026-04-09 19:19:46,949 - MainThread - sqlmesh.core.config.connection - INFO - Using existing DuckDB adapter due to overlapping data file: ipl_pipeline.duckdb (connection.py:486)
2026-04-09 19:22:28,762 - MainThread - sqlmesh.core.plan.evaluator - INFO - Evaluating plan stage CreateSnapshotRecordsStage (evaluator.py:123)
2026-04-09 19:22:29,039 - MainThread - sqlmesh.core.plan.evaluator - INFO - Evaluating plan stage PhysicalLayerSchemaCreationStage (evaluator.py:123)
2026-04-09 19:22:29,041 - MainThread - sqlmesh.core.snapshot.evaluator - INFO - Creating schema 'ipl_pipeline.sqlmesh__sqlmesh_example' (evaluator.py:1449)
2026-04-09 19:22:29,041 - MainThread - sqlmesh.core.engine_adapter.base - INFO - Executing SQL: /* SQLMESH_PLAN: 807fcc0e56914becb573f6d8e0863c9a */ CREATE SCHEMA IF NOT EXISTS "ipl_pipeline"."sqlmesh__sqlmesh_example" (base.py:2624)
2026-04-09 19:22:29,041 - MainThread - sqlmesh.core.snapshot.evaluator - INFO - Creating schema 'ipl_pipeline.sqlmesh__ipl_data' (evaluator.py:1449)
2026-04-09 19:22:29,042 - MainThread - sqlmesh.core.engine_adapter.base - INFO - Executing SQL: /* SQLMESH_PLAN: 807fcc0e56914becb573f6d8e0863c9a */ CREATE SCHEMA IF NOT EXISTS "ipl_pipeline"."sqlmesh__ipl_data" (base.py:2624)
2026-04-09 19:22:29,042 - MainThread - sqlmesh.core.plan.evaluator - INFO - Evaluating plan stage BackfillStage (evaluator.py:123)
2026-04-09 19:22:29,045 - MainThread - sqlmesh.core.snapshot.evaluator - INFO - Listing data objects in schema ipl_pipeline.sqlmesh__ipl_data (evaluator.py:1616)
2026-04-09 19:22:29,045 - MainThread - sqlmesh.core.engine_adapter.base - INFO - Executing SQL: /* SQLMESH_PLAN: 807fcc0e56914becb573f6d8e0863c9a */ SELECT CURRENT_CATALOG (base.py:2624)
2026-04-09 19:22:29,046 - MainThread - sqlmesh.core.engine_adapter.base - INFO - Executing SQL: /* SQLMESH_PLAN: 807fcc0e56914becb573f6d8e0863c9a */ SELECT CURRENT_CATALOG (base.py:2624)
2026-04-09 19:22:29,047 - MainThread - sqlmesh.core.engine_adapter.base - INFO - Executing SQL: /* SQLMESH_PLAN: 807fcc0e56914becb573f6d8e0863c9a */ SELECT table_name AS name, table_schema AS schema, CASE table_type WHEN 'BASE TABLE' THEN 'table' WHEN 'VIEW' THEN 'view' WHEN 'LOCAL TEMPORARY' THEN 'table' END AS type FROM system.information_schema.tables WHERE (table_catalog = 'ipl_pipeline' AND table_schema = 'sqlmesh__ipl_data') AND table_name IN ('ipl_data__match_summary__1402446713') (base.py:2624)
2026-04-09 19:22:29,054 - MainThread - sqlmesh.core.snapshot.evaluator - INFO - Evaluating snapshot SnapshotId<"ipl_pipeline"."ipl_data"."match_summary": 4012518888> (evaluator.py:711)
2026-04-09 19:22:29,054 - MainThread - sqlmesh.core.snapshot.evaluator - INFO - Inserting data for snapshot SnapshotId<"ipl_pipeline"."ipl_data"."match_summary": 4012518888> (evaluator.py:952)
2026-04-09 19:22:29,058 - MainThread - sqlmesh.core.snapshot.evaluator - INFO - Inserting batch (2026-04-06 00:00:00, 2026-04-08 00:00:00) into ipl_pipeline.sqlmesh__ipl_data.ipl_data__match_summary__1402446713' (evaluator.py:984)
2026-04-09 19:22:29,058 - MainThread - sqlmesh.core.engine_adapter.base - INFO - Executing SQL: /* SQLMESH_PLAN: 807fcc0e56914becb573f6d8e0863c9a */ DESCRIBE "ipl_pipeline"."sqlmesh__ipl_data"."ipl_data__match_summary__1402446713" (base.py:2624)
2026-04-09 19:22:29,068 - MainThread - sqlmesh.core.engine_adapter.base - INFO - Executing SQL: /* SQLMESH_PLAN: 807fcc0e56914becb573f6d8e0863c9a */ SELECT CURRENT_CATALOG (base.py:2624)
2026-04-09 19:22:29,069 - MainThread - sqlmesh.core.engine_adapter.base - INFO - Executing SQL: /* SQLMESH_PLAN: 807fcc0e56914becb573f6d8e0863c9a */ SELECT type FROM DUCKDB_DATABASES() WHERE database_name = 'ipl_pipeline' (base.py:2624)
2026-04-09 19:22:29,071 - MainThread - sqlmesh.core.engine_adapter.base - INFO - Executing SQL: /* SQLMESH_PLAN: 807fcc0e56914becb573f6d8e0863c9a */ CREATE OR REPLACE TABLE "ipl_pipeline"."sqlmesh__ipl_data"."ipl_data__match_summary__1402446713" AS SELECT "match_id" AS "match_id", "season" AS "season", "date" AS "date", "venue" AS "venue", "city" AS "city", CASE WHEN "batting_team" = 'Royal Challengers Bengaluru' THEN 'Royal Challengers Bangalore' WHEN "batting_team" = 'Rising Pune Supergiant' THEN 'Rising Pune Supergiants' ELSE "batting_team" END AS "batting_team", CASE WHEN "bowling_team" = 'Royal Challengers Bengaluru' THEN 'Royal Challengers Bangalore' WHEN "bowling_team" = 'Rising Pune Supergiant' THEN 'Rising Pune Supergiants' ELSE "bowling_team" END AS "bowling_team", "toss_winner" AS "toss_winner", "toss_decision" AS "toss_decision", "match_won_by" AS "match_won_by", "win_outcome" AS "win_outcome", "player_of_match" AS "player_of_match", "stage" AS "stage" FROM "ipl_pipeline"."ipl_data"."ipl_deliveries" AS "ipl_deliveries" WHERE "innings" = 1 AND "over" = 0 AND "ball_no" = 0.1 (base.py:2624)
2026-04-09 19:22:29,096 - MainThread - sqlmesh.core.state_sync.db.facade - INFO - Adding interval (2026-04-06 00:00:00, 2026-04-08 00:00:00) for snapshot SnapshotId<"ipl_pipeline"."ipl_data"."match_summary": 4012518888> (facade.py:637)
2026-04-09 19:22:29,096 - MainThread - sqlmesh.core.state_sync.db.interval - INFO - Pushing intervals for snapshot SnapshotId<"ipl_pipeline"."ipl_data"."match_summary": 4012518888> (interval.py:215)
2026-04-09 19:22:29,118 - MainThread - sqlmesh.core.plan.evaluator - INFO - Evaluating plan stage EnvironmentRecordUpdateStage (evaluator.py:123)
2026-04-09 19:22:29,118 - MainThread - sqlmesh.core.state_sync.db.facade - INFO - Promoting environment 'prod' (facade.py:167)
2026-04-09 19:22:29,144 - MainThread - sqlmesh.core.plan.evaluator - INFO - Evaluating plan stage UnpauseStage (evaluator.py:123)
2026-04-09 19:22:29,156 - MainThread - sqlmesh.core.plan.evaluator - INFO - Evaluating plan stage VirtualLayerUpdateStage (evaluator.py:123)
2026-04-09 19:22:29,159 - MainThread - sqlmesh.core.snapshot.evaluator - INFO - Creating schema 'ipl_pipeline.ipl_data' (evaluator.py:1449)
2026-04-09 19:22:29,159 - MainThread - sqlmesh.core.engine_adapter.base - INFO - Executing SQL: /* SQLMESH_PLAN: 807fcc0e56914becb573f6d8e0863c9a */ CREATE SCHEMA IF NOT EXISTS "ipl_pipeline"."ipl_data" (base.py:2624)
2026-04-09 19:22:29,160 - MainThread - sqlmesh.core.snapshot.evaluator - INFO - Listing data objects in schema ipl_pipeline.ipl_data (evaluator.py:1616)
2026-04-09 19:22:29,160 - MainThread - sqlmesh.core.engine_adapter.base - INFO - Executing SQL: /* SQLMESH_PLAN: 807fcc0e56914becb573f6d8e0863c9a */ SELECT CURRENT_CATALOG (base.py:2624)
2026-04-09 19:22:29,160 - MainThread - sqlmesh.core.engine_adapter.base - INFO - Executing SQL: /* SQLMESH_PLAN: 807fcc0e56914becb573f6d8e0863c9a */ SELECT CURRENT_CATALOG (base.py:2624)
2026-04-09 19:22:29,163 - MainThread - sqlmesh.core.engine_adapter.base - INFO - Executing SQL: /* SQLMESH_PLAN: 807fcc0e56914becb573f6d8e0863c9a */ SELECT table_name AS name, table_schema AS schema, CASE table_type WHEN 'BASE TABLE' THEN 'table' WHEN 'VIEW' THEN 'view' WHEN 'LOCAL TEMPORARY' THEN 'table' END AS type FROM system.information_schema.tables WHERE (table_catalog = 'ipl_pipeline' AND table_schema = 'ipl_data') AND table_name IN ('match_summary') (base.py:2624)
2026-04-09 19:22:29,166 - MainThread - sqlmesh.core.snapshot.evaluator - INFO - Updating view 'ipl_pipeline.ipl_data.match_summary' to point at table 'ipl_pipeline.sqlmesh__ipl_data.ipl_data__match_summary__1402446713' (evaluator.py:1988)
2026-04-09 19:22:29,167 - MainThread - sqlmesh.core.engine_adapter.base - INFO - Executing SQL: /* SQLMESH_PLAN: 807fcc0e56914becb573f6d8e0863c9a */ CREATE OR REPLACE VIEW "ipl_pipeline"."ipl_data"."match_summary" AS SELECT * FROM "ipl_pipeline"."sqlmesh__ipl_data"."ipl_data__match_summary__1402446713" (base.py:2624)
2026-04-09 19:22:29,174 - MainThread - sqlmesh.core.plan.evaluator - INFO - Evaluating plan stage FinalizeEnvironmentStage (evaluator.py:123)
2026-04-09 19:22:29,175 - MainThread - sqlmesh.core.state_sync.db.environment - INFO - Finalizing environment 'prod' (environment.py:141)
2026-04-09 19:22:29,235 - MainThread - root - INFO - Shutting down the event dispatcher (dispatcher.py:159)
