2026-04-10 21:09:39,940 - MainThread - sqlmesh.core.config.connection - INFO - Creating new DuckDB adapter for data files: {'ipl_pipeline.duckdb'} (connection.py:496)
2026-04-10 21:09:40,799 - MainThread - sqlmesh.core.config.connection - INFO - Creating new DuckDB adapter for in-memory database (connection.py:498)
2026-04-10 21:09:40,831 - MainThread - sqlmesh.core.config.connection - INFO - Using existing DuckDB adapter due to overlapping data file: ipl_pipeline.duckdb (connection.py:486)
2026-04-10 21:09:43,607 - MainThread - sqlmesh.core.plan.evaluator - INFO - Evaluating plan stage CreateSnapshotRecordsStage (evaluator.py:123)
2026-04-10 21:09:43,636 - MainThread - sqlmesh.core.plan.evaluator - INFO - Evaluating plan stage PhysicalLayerSchemaCreationStage (evaluator.py:123)
2026-04-10 21:09:43,636 - MainThread - sqlmesh.core.snapshot.evaluator - INFO - Creating schema 'ipl_pipeline.sqlmesh__sqlmesh_example' (evaluator.py:1449)
2026-04-10 21:09:43,636 - MainThread - sqlmesh.core.engine_adapter.base - INFO - Executing SQL: /* SQLMESH_PLAN: 6b85786ce47447f9a3c272beed040faf */ CREATE SCHEMA IF NOT EXISTS "ipl_pipeline"."sqlmesh__sqlmesh_example" (base.py:2624)
2026-04-10 21:09:43,640 - MainThread - sqlmesh.core.snapshot.evaluator - INFO - Creating schema 'ipl_pipeline.sqlmesh__ipl_data' (evaluator.py:1449)
2026-04-10 21:09:43,640 - MainThread - sqlmesh.core.engine_adapter.base - INFO - Executing SQL: /* SQLMESH_PLAN: 6b85786ce47447f9a3c272beed040faf */ CREATE SCHEMA IF NOT EXISTS "ipl_pipeline"."sqlmesh__ipl_data" (base.py:2624)
2026-04-10 21:09:43,640 - MainThread - sqlmesh.core.plan.evaluator - INFO - Evaluating plan stage BackfillStage (evaluator.py:123)
2026-04-10 21:09:43,640 - MainThread - sqlmesh.core.snapshot.evaluator - INFO - Listing data objects in schema ipl_pipeline.sqlmesh__ipl_data (evaluator.py:1616)
2026-04-10 21:09:43,640 - MainThread - sqlmesh.core.engine_adapter.base - INFO - Executing SQL: /* SQLMESH_PLAN: 6b85786ce47447f9a3c272beed040faf */ SELECT CURRENT_CATALOG (base.py:2624)
2026-04-10 21:09:43,640 - MainThread - sqlmesh.core.engine_adapter.base - INFO - Executing SQL: /* SQLMESH_PLAN: 6b85786ce47447f9a3c272beed040faf */ SELECT CURRENT_CATALOG (base.py:2624)
2026-04-10 21:09:43,640 - MainThread - sqlmesh.core.engine_adapter.base - INFO - Executing SQL: /* SQLMESH_PLAN: 6b85786ce47447f9a3c272beed040faf */ SELECT table_name AS name, table_schema AS schema, CASE table_type WHEN 'BASE TABLE' THEN 'table' WHEN 'VIEW' THEN 'view' WHEN 'LOCAL TEMPORARY' THEN 'table' END AS type FROM system.information_schema.tables WHERE (table_catalog = 'ipl_pipeline' AND table_schema = 'sqlmesh__ipl_data') AND table_name IN ('ipl_data__batter_career__4057492200', 'ipl_data__powerplay_analysis__3674725442', 'ipl_data__bowler_career__2888952922') (base.py:2624)
2026-04-10 21:09:43,640 - MainThread - sqlmesh.core.snapshot.evaluator - INFO - Evaluating snapshot SnapshotId<"ipl_pipeline"."ipl_data"."batter_career": 681034459> (evaluator.py:711)
2026-04-10 21:09:43,640 - MainThread - sqlmesh.core.snapshot.evaluator - INFO - Inserting data for snapshot SnapshotId<"ipl_pipeline"."ipl_data"."batter_career": 681034459> (evaluator.py:952)
2026-04-10 21:09:43,640 - MainThread - sqlmesh.core.snapshot.evaluator - INFO - Inserting batch (2026-04-06 00:00:00, 2026-04-08 00:00:00) into ipl_pipeline.sqlmesh__ipl_data.ipl_data__batter_career__4057492200' (evaluator.py:984)
2026-04-10 21:09:43,640 - MainThread - sqlmesh.core.engine_adapter.base - INFO - Executing SQL: /* SQLMESH_PLAN: 6b85786ce47447f9a3c272beed040faf */ DESCRIBE "ipl_pipeline"."sqlmesh__ipl_data"."ipl_data__batter_career__4057492200" (base.py:2624)
2026-04-10 21:09:43,640 - MainThread - sqlmesh.core.engine_adapter.base - INFO - Executing SQL: /* SQLMESH_PLAN: 6b85786ce47447f9a3c272beed040faf */ SELECT CURRENT_CATALOG (base.py:2624)
2026-04-10 21:09:43,640 - MainThread - sqlmesh.core.engine_adapter.base - INFO - Executing SQL: /* SQLMESH_PLAN: 6b85786ce47447f9a3c272beed040faf */ SELECT type FROM DUCKDB_DATABASES() WHERE database_name = 'ipl_pipeline' (base.py:2624)
2026-04-10 21:09:43,656 - MainThread - sqlmesh.core.engine_adapter.base - INFO - Executing SQL: /* SQLMESH_PLAN: 6b85786ce47447f9a3c272beed040faf */ CREATE OR REPLACE TABLE "ipl_pipeline"."sqlmesh__ipl_data"."ipl_data__batter_career__4057492200" AS SELECT "batter" AS "batter", "season" AS "season", "batting_team" AS "batting_team", COUNT(DISTINCT "match_id") AS "matches", SUM("runs_batter") AS "total_runs", MAX("runs_batter") AS "highest_score", SUM(CASE WHEN "runs_batter" = 4 THEN 1 ELSE 0 END) AS "fours", SUM(CASE WHEN "runs_batter" = 6 THEN 1 ELSE 0 END) AS "sixes", COUNT(*) AS "balls_faced", ROUND(SUM("runs_batter") * 100.0 / NULLIF(COUNT(*), 0), 2) AS "strike_rate", ROUND(SUM("runs_batter") * 1.0 / NULLIF(COUNT(DISTINCT "match_id"), 0), 2) AS "avg_per_match" FROM "ipl_pipeline"."ipl_data"."ipl_deliveries" AS "ipl_deliveries" WHERE "valid_ball" = 1 GROUP BY "batter", "season", "batting_team" (base.py:2624)
2026-04-10 21:09:43,694 - MainThread - sqlmesh.core.state_sync.db.facade - INFO - Adding interval (2026-04-06 00:00:00, 2026-04-08 00:00:00) for snapshot SnapshotId<"ipl_pipeline"."ipl_data"."batter_career": 681034459> (facade.py:637)
2026-04-10 21:09:43,694 - MainThread - sqlmesh.core.state_sync.db.interval - INFO - Pushing intervals for snapshot SnapshotId<"ipl_pipeline"."ipl_data"."batter_career": 681034459> (interval.py:215)
2026-04-10 21:09:43,704 - MainThread - sqlmesh.core.snapshot.evaluator - INFO - Evaluating snapshot SnapshotId<"ipl_pipeline"."ipl_data"."bowler_career": 176866693> (evaluator.py:711)
2026-04-10 21:09:43,704 - MainThread - sqlmesh.core.snapshot.evaluator - INFO - Inserting data for snapshot SnapshotId<"ipl_pipeline"."ipl_data"."bowler_career": 176866693> (evaluator.py:952)
2026-04-10 21:09:43,719 - MainThread - sqlmesh.core.snapshot.evaluator - INFO - Inserting batch (2026-04-06 00:00:00, 2026-04-08 00:00:00) into ipl_pipeline.sqlmesh__ipl_data.ipl_data__bowler_career__2888952922' (evaluator.py:984)
2026-04-10 21:09:43,719 - MainThread - sqlmesh.core.engine_adapter.base - INFO - Executing SQL: /* SQLMESH_PLAN: 6b85786ce47447f9a3c272beed040faf */ DESCRIBE "ipl_pipeline"."sqlmesh__ipl_data"."ipl_data__bowler_career__2888952922" (base.py:2624)
2026-04-10 21:09:43,719 - MainThread - sqlmesh.core.engine_adapter.base - INFO - Executing SQL: /* SQLMESH_PLAN: 6b85786ce47447f9a3c272beed040faf */ SELECT CURRENT_CATALOG (base.py:2624)
2026-04-10 21:09:43,721 - MainThread - sqlmesh.core.engine_adapter.base - INFO - Executing SQL: /* SQLMESH_PLAN: 6b85786ce47447f9a3c272beed040faf */ SELECT type FROM DUCKDB_DATABASES() WHERE database_name = 'ipl_pipeline' (base.py:2624)
2026-04-10 21:09:43,721 - MainThread - sqlmesh.core.engine_adapter.base - INFO - Executing SQL: /* SQLMESH_PLAN: 6b85786ce47447f9a3c272beed040faf */ CREATE OR REPLACE TABLE "ipl_pipeline"."sqlmesh__ipl_data"."ipl_data__bowler_career__2888952922" AS SELECT "bowler" AS "bowler", "season" AS "season", "bowling_team" AS "bowling_team", COUNT(DISTINCT "match_id") AS "matches", COUNT(*) AS "balls_bowled", SUM("runs_bowler") AS "runs_conceded", SUM("bowler_wicket") AS "wickets", ROUND(SUM("runs_bowler") * 6.0 / NULLIF(COUNT(*), 0), 2) AS "economy", ROUND(SUM("runs_bowler") * 1.0 / NULLIF(SUM("bowler_wicket"), 0), 2) AS "bowling_avg", ROUND(COUNT(*) * 1.0 / NULLIF(SUM("bowler_wicket"), 0), 2) AS "strike_rate" FROM "ipl_pipeline"."ipl_data"."ipl_deliveries" AS "ipl_deliveries" WHERE "valid_ball" = 1 GROUP BY "bowler", "season", "bowling_team" (base.py:2624)
2026-04-10 21:09:43,750 - MainThread - sqlmesh.core.state_sync.db.facade - INFO - Adding interval (2026-04-06 00:00:00, 2026-04-08 00:00:00) for snapshot SnapshotId<"ipl_pipeline"."ipl_data"."bowler_career": 176866693> (facade.py:637)
2026-04-10 21:09:43,750 - MainThread - sqlmesh.core.state_sync.db.interval - INFO - Pushing intervals for snapshot SnapshotId<"ipl_pipeline"."ipl_data"."bowler_career": 176866693> (interval.py:215)
2026-04-10 21:09:43,769 - MainThread - sqlmesh.core.snapshot.evaluator - INFO - Evaluating snapshot SnapshotId<"ipl_pipeline"."ipl_data"."powerplay_analysis": 2203952589> (evaluator.py:711)
2026-04-10 21:09:43,769 - MainThread - sqlmesh.core.snapshot.evaluator - INFO - Inserting data for snapshot SnapshotId<"ipl_pipeline"."ipl_data"."powerplay_analysis": 2203952589> (evaluator.py:952)
2026-04-10 21:09:43,769 - MainThread - sqlmesh.core.snapshot.evaluator - INFO - Inserting batch (2026-04-06 00:00:00, 2026-04-08 00:00:00) into ipl_pipeline.sqlmesh__ipl_data.ipl_data__powerplay_analysis__3674725442' (evaluator.py:984)
2026-04-10 21:09:43,769 - MainThread - sqlmesh.core.engine_adapter.base - INFO - Executing SQL: /* SQLMESH_PLAN: 6b85786ce47447f9a3c272beed040faf */ DESCRIBE "ipl_pipeline"."sqlmesh__ipl_data"."ipl_data__powerplay_analysis__3674725442" (base.py:2624)
2026-04-10 21:09:43,769 - MainThread - sqlmesh.core.engine_adapter.base - INFO - Executing SQL: /* SQLMESH_PLAN: 6b85786ce47447f9a3c272beed040faf */ SELECT CURRENT_CATALOG (base.py:2624)
2026-04-10 21:09:43,769 - MainThread - sqlmesh.core.engine_adapter.base - INFO - Executing SQL: /* SQLMESH_PLAN: 6b85786ce47447f9a3c272beed040faf */ SELECT type FROM DUCKDB_DATABASES() WHERE database_name = 'ipl_pipeline' (base.py:2624)
2026-04-10 21:09:43,769 - MainThread - sqlmesh.core.engine_adapter.base - INFO - Executing SQL: /* SQLMESH_PLAN: 6b85786ce47447f9a3c272beed040faf */ CREATE OR REPLACE TABLE "ipl_pipeline"."sqlmesh__ipl_data"."ipl_data__powerplay_analysis__3674725442" AS SELECT "season" AS "season", "batting_team" AS "batting_team", "match_id" AS "match_id", SUM(CASE WHEN "over" BETWEEN 0 AND 5 THEN "runs_total" ELSE 0 END) AS "powerplay_runs", SUM(CASE WHEN "over" BETWEEN 0 AND 5 THEN "bowler_wicket" ELSE 0 END) AS "powerplay_wickets", SUM(CASE WHEN "over" BETWEEN 16 AND 19 THEN "runs_total" ELSE 0 END) AS "death_runs", SUM(CASE WHEN "over" BETWEEN 16 AND 19 THEN "bowler_wicket" ELSE 0 END) AS "death_wickets", SUM(CASE WHEN "over" BETWEEN 6 AND 15 THEN "runs_total" ELSE 0 END) AS "middle_runs", SUM(CASE WHEN "over" BETWEEN 6 AND 15 THEN "bowler_wicket" ELSE 0 END) AS "middle_wickets" FROM "ipl_pipeline"."ipl_data"."ipl_deliveries" AS "ipl_deliveries" WHERE "innings" = 1 GROUP BY "season", "batting_team", "match_id" (base.py:2624)
2026-04-10 21:09:43,792 - MainThread - sqlmesh.core.state_sync.db.facade - INFO - Adding interval (2026-04-06 00:00:00, 2026-04-08 00:00:00) for snapshot SnapshotId<"ipl_pipeline"."ipl_data"."powerplay_analysis": 2203952589> (facade.py:637)
2026-04-10 21:09:43,792 - MainThread - sqlmesh.core.state_sync.db.interval - INFO - Pushing intervals for snapshot SnapshotId<"ipl_pipeline"."ipl_data"."powerplay_analysis": 2203952589> (interval.py:215)
2026-04-10 21:09:43,804 - MainThread - sqlmesh.core.plan.evaluator - INFO - Evaluating plan stage EnvironmentRecordUpdateStage (evaluator.py:123)
2026-04-10 21:09:43,814 - MainThread - sqlmesh.core.state_sync.db.facade - INFO - Promoting environment 'prod' (facade.py:167)
2026-04-10 21:09:43,832 - MainThread - sqlmesh.core.plan.evaluator - INFO - Evaluating plan stage UnpauseStage (evaluator.py:123)
2026-04-10 21:09:43,847 - MainThread - sqlmesh.core.plan.evaluator - INFO - Evaluating plan stage VirtualLayerUpdateStage (evaluator.py:123)
2026-04-10 21:09:43,847 - MainThread - sqlmesh.core.snapshot.evaluator - INFO - Creating schema 'ipl_pipeline.ipl_data' (evaluator.py:1449)
2026-04-10 21:09:43,847 - MainThread - sqlmesh.core.engine_adapter.base - INFO - Executing SQL: /* SQLMESH_PLAN: 6b85786ce47447f9a3c272beed040faf */ CREATE SCHEMA IF NOT EXISTS "ipl_pipeline"."ipl_data" (base.py:2624)
2026-04-10 21:09:43,847 - MainThread - sqlmesh.core.snapshot.evaluator - INFO - Listing data objects in schema ipl_pipeline.ipl_data (evaluator.py:1616)
2026-04-10 21:09:43,847 - MainThread - sqlmesh.core.engine_adapter.base - INFO - Executing SQL: /* SQLMESH_PLAN: 6b85786ce47447f9a3c272beed040faf */ SELECT CURRENT_CATALOG (base.py:2624)
2026-04-10 21:09:43,847 - MainThread - sqlmesh.core.engine_adapter.base - INFO - Executing SQL: /* SQLMESH_PLAN: 6b85786ce47447f9a3c272beed040faf */ SELECT CURRENT_CATALOG (base.py:2624)
2026-04-10 21:09:43,847 - MainThread - sqlmesh.core.engine_adapter.base - INFO - Executing SQL: /* SQLMESH_PLAN: 6b85786ce47447f9a3c272beed040faf */ SELECT table_name AS name, table_schema AS schema, CASE table_type WHEN 'BASE TABLE' THEN 'table' WHEN 'VIEW' THEN 'view' WHEN 'LOCAL TEMPORARY' THEN 'table' END AS type FROM system.information_schema.tables WHERE (table_catalog = 'ipl_pipeline' AND table_schema = 'ipl_data') AND table_name IN ('batter_career', 'bowler_career', 'powerplay_analysis') (base.py:2624)
2026-04-10 21:09:43,847 - MainThread - sqlmesh.core.snapshot.evaluator - INFO - Updating view 'ipl_pipeline.ipl_data.batter_career' to point at table 'ipl_pipeline.sqlmesh__ipl_data.ipl_data__batter_career__4057492200' (evaluator.py:1988)
2026-04-10 21:09:43,847 - MainThread - sqlmesh.core.engine_adapter.base - INFO - Executing SQL: /* SQLMESH_PLAN: 6b85786ce47447f9a3c272beed040faf */ CREATE OR REPLACE VIEW "ipl_pipeline"."ipl_data"."batter_career" AS SELECT * FROM "ipl_pipeline"."sqlmesh__ipl_data"."ipl_data__batter_career__4057492200" (base.py:2624)
2026-04-10 21:09:43,847 - MainThread - sqlmesh.core.snapshot.evaluator - INFO - Updating view 'ipl_pipeline.ipl_data.bowler_career' to point at table 'ipl_pipeline.sqlmesh__ipl_data.ipl_data__bowler_career__2888952922' (evaluator.py:1988)
2026-04-10 21:09:43,862 - MainThread - sqlmesh.core.engine_adapter.base - INFO - Executing SQL: /* SQLMESH_PLAN: 6b85786ce47447f9a3c272beed040faf */ CREATE OR REPLACE VIEW "ipl_pipeline"."ipl_data"."bowler_career" AS SELECT * FROM "ipl_pipeline"."sqlmesh__ipl_data"."ipl_data__bowler_career__2888952922" (base.py:2624)
2026-04-10 21:09:43,862 - MainThread - sqlmesh.core.snapshot.evaluator - INFO - Updating view 'ipl_pipeline.ipl_data.powerplay_analysis' to point at table 'ipl_pipeline.sqlmesh__ipl_data.ipl_data__powerplay_analysis__3674725442' (evaluator.py:1988)
2026-04-10 21:09:43,862 - MainThread - sqlmesh.core.engine_adapter.base - INFO - Executing SQL: /* SQLMESH_PLAN: 6b85786ce47447f9a3c272beed040faf */ CREATE OR REPLACE VIEW "ipl_pipeline"."ipl_data"."powerplay_analysis" AS SELECT * FROM "ipl_pipeline"."sqlmesh__ipl_data"."ipl_data__powerplay_analysis__3674725442" (base.py:2624)
2026-04-10 21:09:43,862 - MainThread - sqlmesh.core.plan.evaluator - INFO - Evaluating plan stage FinalizeEnvironmentStage (evaluator.py:123)
2026-04-10 21:09:43,862 - MainThread - sqlmesh.core.state_sync.db.environment - INFO - Finalizing environment 'prod' (environment.py:141)
2026-04-10 21:09:43,938 - MainThread - root - INFO - Shutting down the event dispatcher (dispatcher.py:159)
