2026-04-15 20:54:01,061 - MainThread - sqlmesh.core.config.connection - INFO - Creating new DuckDB adapter for data files: {'ipl_pipeline.duckdb'} (connection.py:496)
2026-04-15 20:54:01,908 - MainThread - sqlmesh.core.config.connection - INFO - Creating new DuckDB adapter for in-memory database (connection.py:498)
2026-04-15 20:54:01,964 - MainThread - sqlmesh.core.config.connection - INFO - Using existing DuckDB adapter due to overlapping data file: ipl_pipeline.duckdb (connection.py:486)
2026-04-15 20:54:05,977 - MainThread - sqlmesh.core.plan.evaluator - INFO - Evaluating plan stage CreateSnapshotRecordsStage (evaluator.py:123)
2026-04-15 20:54:06,008 - MainThread - sqlmesh.core.plan.evaluator - INFO - Evaluating plan stage PhysicalLayerSchemaCreationStage (evaluator.py:123)
2026-04-15 20:54:06,012 - MainThread - sqlmesh.core.snapshot.evaluator - INFO - Creating schema 'ipl_pipeline.sqlmesh__sqlmesh_example' (evaluator.py:1449)
2026-04-15 20:54:06,012 - MainThread - sqlmesh.core.engine_adapter.base - INFO - Executing SQL: /* SQLMESH_PLAN: 2a36e9a5c4544a7e899adb8413ff0cf5 */ CREATE SCHEMA IF NOT EXISTS "ipl_pipeline"."sqlmesh__sqlmesh_example" (base.py:2624)
2026-04-15 20:54:06,012 - MainThread - sqlmesh.core.snapshot.evaluator - INFO - Creating schema 'ipl_pipeline.sqlmesh__ipl_data' (evaluator.py:1449)
2026-04-15 20:54:06,012 - MainThread - sqlmesh.core.engine_adapter.base - INFO - Executing SQL: /* SQLMESH_PLAN: 2a36e9a5c4544a7e899adb8413ff0cf5 */ CREATE SCHEMA IF NOT EXISTS "ipl_pipeline"."sqlmesh__ipl_data" (base.py:2624)
2026-04-15 20:54:06,015 - MainThread - sqlmesh.core.plan.evaluator - INFO - Evaluating plan stage BackfillStage (evaluator.py:123)
2026-04-15 20:54:06,015 - MainThread - sqlmesh.core.snapshot.evaluator - INFO - Listing data objects in schema ipl_pipeline.sqlmesh__ipl_data (evaluator.py:1616)
2026-04-15 20:54:06,015 - MainThread - sqlmesh.core.engine_adapter.base - INFO - Executing SQL: /* SQLMESH_PLAN: 2a36e9a5c4544a7e899adb8413ff0cf5 */ SELECT CURRENT_CATALOG (base.py:2624)
2026-04-15 20:54:06,015 - MainThread - sqlmesh.core.engine_adapter.base - INFO - Executing SQL: /* SQLMESH_PLAN: 2a36e9a5c4544a7e899adb8413ff0cf5 */ SELECT CURRENT_CATALOG (base.py:2624)
2026-04-15 20:54:06,019 - MainThread - sqlmesh.core.engine_adapter.base - INFO - Executing SQL: /* SQLMESH_PLAN: 2a36e9a5c4544a7e899adb8413ff0cf5 */ SELECT table_name AS name, table_schema AS schema, CASE table_type WHEN 'BASE TABLE' THEN 'table' WHEN 'VIEW' THEN 'view' WHEN 'LOCAL TEMPORARY' THEN 'table' END AS type FROM system.information_schema.tables WHERE (table_catalog = 'ipl_pipeline' AND table_schema = 'sqlmesh__ipl_data') AND table_name IN ('ipl_data__venue_stats__66457917') (base.py:2624)
2026-04-15 20:54:06,021 - MainThread - sqlmesh.core.snapshot.evaluator - INFO - Evaluating snapshot SnapshotId<"ipl_pipeline"."ipl_data"."venue_stats": 1585660842> (evaluator.py:711)
2026-04-15 20:54:06,021 - MainThread - sqlmesh.core.snapshot.evaluator - INFO - Inserting data for snapshot SnapshotId<"ipl_pipeline"."ipl_data"."venue_stats": 1585660842> (evaluator.py:952)
2026-04-15 20:54:06,028 - MainThread - sqlmesh.core.snapshot.evaluator - INFO - Inserting batch (2026-04-06 00:00:00, 2026-04-08 00:00:00) into ipl_pipeline.sqlmesh__ipl_data.ipl_data__venue_stats__66457917' (evaluator.py:984)
2026-04-15 20:54:06,028 - MainThread - sqlmesh.core.engine_adapter.base - INFO - Executing SQL: /* SQLMESH_PLAN: 2a36e9a5c4544a7e899adb8413ff0cf5 */ DESCRIBE "ipl_pipeline"."sqlmesh__ipl_data"."ipl_data__venue_stats__66457917" (base.py:2624)
2026-04-15 20:54:06,028 - MainThread - sqlmesh.core.engine_adapter.base - INFO - Executing SQL: /* SQLMESH_PLAN: 2a36e9a5c4544a7e899adb8413ff0cf5 */ SELECT CURRENT_CATALOG (base.py:2624)
2026-04-15 20:54:06,028 - MainThread - sqlmesh.core.engine_adapter.base - INFO - Executing SQL: /* SQLMESH_PLAN: 2a36e9a5c4544a7e899adb8413ff0cf5 */ SELECT type FROM DUCKDB_DATABASES() WHERE database_name = 'ipl_pipeline' (base.py:2624)
2026-04-15 20:54:06,044 - MainThread - sqlmesh.core.engine_adapter.base - INFO - Executing SQL: /* SQLMESH_PLAN: 2a36e9a5c4544a7e899adb8413ff0cf5 */ CREATE OR REPLACE TABLE "ipl_pipeline"."sqlmesh__ipl_data"."ipl_data__venue_stats__66457917" AS SELECT "match_summary"."venue" AS "venue", COUNT(DISTINCT "match_summary"."match_id") AS "total_matches", SUM(CASE WHEN "match_summary"."win_outcome" LIKE '%wickets%' THEN 1 ELSE 0 END) AS "chases_won", SUM(CASE WHEN "match_summary"."win_outcome" LIKE '%runs%' THEN 1 ELSE 0 END) AS "defended", ROUND(SUM(CASE WHEN "match_summary"."win_outcome" LIKE '%wickets%' THEN 1 ELSE 0 END) * 100.0 / NULLIF(COUNT(DISTINCT "match_summary"."match_id"), 0), 2) AS "chase_success_rate" FROM "ipl_pipeline"."sqlmesh__ipl_data"."ipl_data__match_summary__481398009" AS "match_summary" GROUP BY "match_summary"."venue" (base.py:2624)
2026-04-15 20:54:06,060 - MainThread - sqlmesh.core.state_sync.db.facade - INFO - Adding interval (2026-04-06 00:00:00, 2026-04-08 00:00:00) for snapshot SnapshotId<"ipl_pipeline"."ipl_data"."venue_stats": 1585660842> (facade.py:637)
2026-04-15 20:54:06,060 - MainThread - sqlmesh.core.state_sync.db.interval - INFO - Pushing intervals for snapshot SnapshotId<"ipl_pipeline"."ipl_data"."venue_stats": 1585660842> (interval.py:215)
2026-04-15 20:54:06,075 - MainThread - sqlmesh.core.plan.evaluator - INFO - Evaluating plan stage EnvironmentRecordUpdateStage (evaluator.py:123)
2026-04-15 20:54:06,075 - MainThread - sqlmesh.core.state_sync.db.facade - INFO - Promoting environment 'prod' (facade.py:167)
2026-04-15 20:54:06,110 - MainThread - sqlmesh.core.plan.evaluator - INFO - Evaluating plan stage UnpauseStage (evaluator.py:123)
2026-04-15 20:54:06,123 - MainThread - sqlmesh.core.plan.evaluator - INFO - Evaluating plan stage VirtualLayerUpdateStage (evaluator.py:123)
2026-04-15 20:54:06,127 - MainThread - sqlmesh.core.snapshot.evaluator - INFO - Creating schema 'ipl_pipeline.ipl_data' (evaluator.py:1449)
2026-04-15 20:54:06,127 - MainThread - sqlmesh.core.engine_adapter.base - INFO - Executing SQL: /* SQLMESH_PLAN: 2a36e9a5c4544a7e899adb8413ff0cf5 */ CREATE SCHEMA IF NOT EXISTS "ipl_pipeline"."ipl_data" (base.py:2624)
2026-04-15 20:54:06,127 - MainThread - sqlmesh.core.snapshot.evaluator - INFO - Listing data objects in schema ipl_pipeline.ipl_data (evaluator.py:1616)
2026-04-15 20:54:06,127 - MainThread - sqlmesh.core.engine_adapter.base - INFO - Executing SQL: /* SQLMESH_PLAN: 2a36e9a5c4544a7e899adb8413ff0cf5 */ SELECT CURRENT_CATALOG (base.py:2624)
2026-04-15 20:54:06,127 - MainThread - sqlmesh.core.engine_adapter.base - INFO - Executing SQL: /* SQLMESH_PLAN: 2a36e9a5c4544a7e899adb8413ff0cf5 */ SELECT CURRENT_CATALOG (base.py:2624)
2026-04-15 20:54:06,127 - MainThread - sqlmesh.core.engine_adapter.base - INFO - Executing SQL: /* SQLMESH_PLAN: 2a36e9a5c4544a7e899adb8413ff0cf5 */ SELECT table_name AS name, table_schema AS schema, CASE table_type WHEN 'BASE TABLE' THEN 'table' WHEN 'VIEW' THEN 'view' WHEN 'LOCAL TEMPORARY' THEN 'table' END AS type FROM system.information_schema.tables WHERE (table_catalog = 'ipl_pipeline' AND table_schema = 'ipl_data') AND table_name IN ('venue_stats') (base.py:2624)
2026-04-15 20:54:06,134 - MainThread - sqlmesh.core.snapshot.evaluator - INFO - Updating view 'ipl_pipeline.ipl_data.venue_stats' to point at table 'ipl_pipeline.sqlmesh__ipl_data.ipl_data__venue_stats__66457917' (evaluator.py:1988)
2026-04-15 20:54:06,134 - MainThread - sqlmesh.core.engine_adapter.base - INFO - Executing SQL: /* SQLMESH_PLAN: 2a36e9a5c4544a7e899adb8413ff0cf5 */ CREATE OR REPLACE VIEW "ipl_pipeline"."ipl_data"."venue_stats" AS SELECT * FROM "ipl_pipeline"."sqlmesh__ipl_data"."ipl_data__venue_stats__66457917" (base.py:2624)
2026-04-15 20:54:06,139 - MainThread - sqlmesh.core.plan.evaluator - INFO - Evaluating plan stage FinalizeEnvironmentStage (evaluator.py:123)
2026-04-15 20:54:06,139 - MainThread - sqlmesh.core.state_sync.db.environment - INFO - Finalizing environment 'prod' (environment.py:141)
2026-04-15 20:54:06,187 - MainThread - root - INFO - Shutting down the event dispatcher (dispatcher.py:159)
