2026-04-13 10:35:06,492 - MainThread - sqlmesh.core.config.connection - INFO - Creating new DuckDB adapter for data files: {'ipl_pipeline.duckdb'} (connection.py:496)
2026-04-13 10:35:07,796 - MainThread - sqlmesh.core.config.connection - INFO - Creating new DuckDB adapter for in-memory database (connection.py:498)
2026-04-13 10:35:07,872 - MainThread - sqlmesh.core.config.connection - INFO - Using existing DuckDB adapter due to overlapping data file: ipl_pipeline.duckdb (connection.py:486)
2026-04-13 10:35:33,184 - MainThread - sqlmesh.core.plan.evaluator - INFO - Evaluating plan stage CreateSnapshotRecordsStage (evaluator.py:123)
2026-04-13 10:35:33,214 - MainThread - sqlmesh.core.plan.evaluator - INFO - Evaluating plan stage PhysicalLayerSchemaCreationStage (evaluator.py:123)
2026-04-13 10:35:33,217 - MainThread - sqlmesh.core.snapshot.evaluator - INFO - Creating schema 'ipl_pipeline.sqlmesh__ipl_data' (evaluator.py:1449)
2026-04-13 10:35:33,217 - MainThread - sqlmesh.core.engine_adapter.base - INFO - Executing SQL: /* SQLMESH_PLAN: 38e4630dee3e4ae09a15aedf1f57222a */ CREATE SCHEMA IF NOT EXISTS "ipl_pipeline"."sqlmesh__ipl_data" (base.py:2624)
2026-04-13 10:35:33,218 - MainThread - sqlmesh.core.snapshot.evaluator - INFO - Creating schema 'ipl_pipeline.sqlmesh__sqlmesh_example' (evaluator.py:1449)
2026-04-13 10:35:33,218 - MainThread - sqlmesh.core.engine_adapter.base - INFO - Executing SQL: /* SQLMESH_PLAN: 38e4630dee3e4ae09a15aedf1f57222a */ CREATE SCHEMA IF NOT EXISTS "ipl_pipeline"."sqlmesh__sqlmesh_example" (base.py:2624)
2026-04-13 10:35:33,218 - MainThread - sqlmesh.core.plan.evaluator - INFO - Evaluating plan stage BackfillStage (evaluator.py:123)
2026-04-13 10:35:33,221 - MainThread - sqlmesh.core.snapshot.evaluator - INFO - Listing data objects in schema ipl_pipeline.sqlmesh__ipl_data (evaluator.py:1616)
2026-04-13 10:35:33,221 - MainThread - sqlmesh.core.engine_adapter.base - INFO - Executing SQL: /* SQLMESH_PLAN: 38e4630dee3e4ae09a15aedf1f57222a */ SELECT CURRENT_CATALOG (base.py:2624)
2026-04-13 10:35:33,221 - MainThread - sqlmesh.core.engine_adapter.base - INFO - Executing SQL: /* SQLMESH_PLAN: 38e4630dee3e4ae09a15aedf1f57222a */ SELECT CURRENT_CATALOG (base.py:2624)
2026-04-13 10:35:33,222 - MainThread - sqlmesh.core.engine_adapter.base - INFO - Executing SQL: /* SQLMESH_PLAN: 38e4630dee3e4ae09a15aedf1f57222a */ SELECT table_name AS name, table_schema AS schema, CASE table_type WHEN 'BASE TABLE' THEN 'table' WHEN 'VIEW' THEN 'view' WHEN 'LOCAL TEMPORARY' THEN 'table' END AS type FROM system.information_schema.tables WHERE (table_catalog = 'ipl_pipeline' AND table_schema = 'sqlmesh__ipl_data') AND table_name IN ('ipl_data__team_performance__1327928657', 'ipl_data__match_summary__3571401287', 'ipl_data__venue_stats__4143657373') (base.py:2624)
2026-04-13 10:35:33,228 - MainThread - sqlmesh.core.snapshot.evaluator - INFO - Evaluating snapshot SnapshotId<"ipl_pipeline"."ipl_data"."match_summary": 1378476902> (evaluator.py:711)
2026-04-13 10:35:33,229 - MainThread - sqlmesh.core.snapshot.evaluator - INFO - Inserting data for snapshot SnapshotId<"ipl_pipeline"."ipl_data"."match_summary": 1378476902> (evaluator.py:952)
2026-04-13 10:35:33,233 - MainThread - sqlmesh.core.snapshot.evaluator - INFO - Inserting batch (2026-04-06 00:00:00, 2026-04-08 00:00:00) into ipl_pipeline.sqlmesh__ipl_data.ipl_data__match_summary__3571401287' (evaluator.py:984)
2026-04-13 10:35:33,233 - MainThread - sqlmesh.core.engine_adapter.base - INFO - Executing SQL: /* SQLMESH_PLAN: 38e4630dee3e4ae09a15aedf1f57222a */ DESCRIBE "ipl_pipeline"."sqlmesh__ipl_data"."ipl_data__match_summary__3571401287" (base.py:2624)
2026-04-13 10:35:33,247 - MainThread - sqlmesh.core.engine_adapter.base - INFO - Executing SQL: /* SQLMESH_PLAN: 38e4630dee3e4ae09a15aedf1f57222a */ SELECT CURRENT_CATALOG (base.py:2624)
2026-04-13 10:35:33,248 - MainThread - sqlmesh.core.engine_adapter.base - INFO - Executing SQL: /* SQLMESH_PLAN: 38e4630dee3e4ae09a15aedf1f57222a */ SELECT type FROM DUCKDB_DATABASES() WHERE database_name = 'ipl_pipeline' (base.py:2624)
2026-04-13 10:35:33,250 - MainThread - sqlmesh.core.engine_adapter.base - INFO - Executing SQL: /* SQLMESH_PLAN: 38e4630dee3e4ae09a15aedf1f57222a */ CREATE OR REPLACE TABLE "ipl_pipeline"."sqlmesh__ipl_data"."ipl_data__match_summary__3571401287" AS SELECT "match_id" AS "match_id", "season" AS "season", "date" AS "date", "venue" AS "venue", "city" AS "city", CASE WHEN "batting_team" = 'Royal Challengers Bengaluru' THEN 'Royal Challengers Bangalore' WHEN "batting_team" = 'Rising Pune Supergiant' THEN 'Rising Pune Supergiants' ELSE "batting_team" END AS "batting_team", CASE WHEN "bowling_team" = 'Royal Challengers Bengaluru' THEN 'Royal Challengers Bangalore' WHEN "bowling_team" = 'Rising Pune Supergiant' THEN 'Rising Pune Supergiants' ELSE "bowling_team" END AS "bowling_team", "toss_winner" AS "toss_winner", "toss_decision" AS "toss_decision", CASE WHEN "match_won_by" = 'Royal Challengers Bengaluru' THEN 'Royal Challengers Bangalore' WHEN "match_won_by" = 'Rising Pune Supergiant' THEN 'Rising Pune Supergiants' ELSE "match_won_by" END AS "match_won_by", "win_outcome" AS "win_outcome", "player_of_match" AS "player_of_match", "stage" AS "stage" FROM "ipl_pipeline"."ipl_data"."ipl_deliveries" AS "ipl_deliveries" WHERE "innings" = 1 AND "over" = 0 AND "ball_no" = 0.1 (base.py:2624)
2026-04-13 10:35:33,277 - MainThread - sqlmesh.core.state_sync.db.facade - INFO - Adding interval (2026-04-06 00:00:00, 2026-04-08 00:00:00) for snapshot SnapshotId<"ipl_pipeline"."ipl_data"."match_summary": 1378476902> (facade.py:637)
2026-04-13 10:35:33,277 - MainThread - sqlmesh.core.state_sync.db.interval - INFO - Pushing intervals for snapshot SnapshotId<"ipl_pipeline"."ipl_data"."match_summary": 1378476902> (interval.py:215)
2026-04-13 10:35:33,296 - MainThread - sqlmesh.core.snapshot.evaluator - INFO - Evaluating snapshot SnapshotId<"ipl_pipeline"."ipl_data"."team_performance": 2240426548> (evaluator.py:711)
2026-04-13 10:35:33,296 - MainThread - sqlmesh.core.snapshot.evaluator - INFO - Inserting data for snapshot SnapshotId<"ipl_pipeline"."ipl_data"."team_performance": 2240426548> (evaluator.py:952)
2026-04-13 10:35:33,305 - MainThread - sqlmesh.core.snapshot.evaluator - INFO - Inserting batch (2026-04-06 00:00:00, 2026-04-08 00:00:00) into ipl_pipeline.sqlmesh__ipl_data.ipl_data__team_performance__1327928657' (evaluator.py:984)
2026-04-13 10:35:33,305 - MainThread - sqlmesh.core.engine_adapter.base - INFO - Executing SQL: /* SQLMESH_PLAN: 38e4630dee3e4ae09a15aedf1f57222a */ DESCRIBE "ipl_pipeline"."sqlmesh__ipl_data"."ipl_data__team_performance__1327928657" (base.py:2624)
2026-04-13 10:35:33,306 - MainThread - sqlmesh.core.engine_adapter.base - INFO - Executing SQL: /* SQLMESH_PLAN: 38e4630dee3e4ae09a15aedf1f57222a */ SELECT CURRENT_CATALOG (base.py:2624)
2026-04-13 10:35:33,307 - MainThread - sqlmesh.core.engine_adapter.base - INFO - Executing SQL: /* SQLMESH_PLAN: 38e4630dee3e4ae09a15aedf1f57222a */ SELECT type FROM DUCKDB_DATABASES() WHERE database_name = 'ipl_pipeline' (base.py:2624)
2026-04-13 10:35:33,308 - MainThread - sqlmesh.core.engine_adapter.base - INFO - Executing SQL: /* SQLMESH_PLAN: 38e4630dee3e4ae09a15aedf1f57222a */ CREATE OR REPLACE TABLE "ipl_pipeline"."sqlmesh__ipl_data"."ipl_data__team_performance__1327928657" AS SELECT "match_summary"."season" AS "season", "match_summary"."batting_team" AS "team", COUNT(DISTINCT "match_summary"."match_id") AS "matches_played", SUM(CASE WHEN "match_summary"."match_won_by" = "match_summary"."batting_team" THEN 1 ELSE 0 END) AS "matches_won", SUM(CASE WHEN "match_summary"."match_won_by" <> "match_summary"."batting_team" AND "match_summary"."win_outcome" <> 'no result' THEN 1 ELSE 0 END) AS "matches_lost", ROUND(SUM(CASE WHEN "match_summary"."match_won_by" = "match_summary"."batting_team" THEN 1 ELSE 0 END) * 100.0 / COUNT(DISTINCT "match_summary"."match_id"), 2) AS "win_percentage" FROM "ipl_pipeline"."sqlmesh__ipl_data"."ipl_data__match_summary__3571401287" AS "match_summary" GROUP BY "match_summary"."season", "match_summary"."batting_team" (base.py:2624)
2026-04-13 10:35:33,327 - MainThread - sqlmesh.core.state_sync.db.facade - INFO - Adding interval (2026-04-06 00:00:00, 2026-04-08 00:00:00) for snapshot SnapshotId<"ipl_pipeline"."ipl_data"."team_performance": 2240426548> (facade.py:637)
2026-04-13 10:35:33,327 - MainThread - sqlmesh.core.state_sync.db.interval - INFO - Pushing intervals for snapshot SnapshotId<"ipl_pipeline"."ipl_data"."team_performance": 2240426548> (interval.py:215)
2026-04-13 10:35:33,344 - MainThread - sqlmesh.core.snapshot.evaluator - INFO - Evaluating snapshot SnapshotId<"ipl_pipeline"."ipl_data"."venue_stats": 681451710> (evaluator.py:711)
2026-04-13 10:35:33,344 - MainThread - sqlmesh.core.snapshot.evaluator - INFO - Inserting data for snapshot SnapshotId<"ipl_pipeline"."ipl_data"."venue_stats": 681451710> (evaluator.py:952)
2026-04-13 10:35:33,349 - MainThread - sqlmesh.core.snapshot.evaluator - INFO - Inserting batch (2026-04-06 00:00:00, 2026-04-08 00:00:00) into ipl_pipeline.sqlmesh__ipl_data.ipl_data__venue_stats__4143657373' (evaluator.py:984)
2026-04-13 10:35:33,350 - MainThread - sqlmesh.core.engine_adapter.base - INFO - Executing SQL: /* SQLMESH_PLAN: 38e4630dee3e4ae09a15aedf1f57222a */ DESCRIBE "ipl_pipeline"."sqlmesh__ipl_data"."ipl_data__venue_stats__4143657373" (base.py:2624)
2026-04-13 10:35:33,350 - MainThread - sqlmesh.core.engine_adapter.base - INFO - Executing SQL: /* SQLMESH_PLAN: 38e4630dee3e4ae09a15aedf1f57222a */ SELECT CURRENT_CATALOG (base.py:2624)
2026-04-13 10:35:33,351 - MainThread - sqlmesh.core.engine_adapter.base - INFO - Executing SQL: /* SQLMESH_PLAN: 38e4630dee3e4ae09a15aedf1f57222a */ SELECT type FROM DUCKDB_DATABASES() WHERE database_name = 'ipl_pipeline' (base.py:2624)
2026-04-13 10:35:33,353 - MainThread - sqlmesh.core.engine_adapter.base - INFO - Executing SQL: /* SQLMESH_PLAN: 38e4630dee3e4ae09a15aedf1f57222a */ CREATE OR REPLACE TABLE "ipl_pipeline"."sqlmesh__ipl_data"."ipl_data__venue_stats__4143657373" AS SELECT "match_summary"."venue" AS "venue", "match_summary"."city" AS "city", COUNT(DISTINCT "match_summary"."match_id") AS "total_matches", SUM(CASE WHEN "match_summary"."win_outcome" LIKE '%wickets%' THEN 1 ELSE 0 END) AS "chases_won", SUM(CASE WHEN "match_summary"."win_outcome" LIKE '%runs%' THEN 1 ELSE 0 END) AS "defended", ROUND(SUM(CASE WHEN "match_summary"."win_outcome" LIKE '%wickets%' THEN 1 ELSE 0 END) * 100.0 / NULLIF(COUNT(DISTINCT "match_summary"."match_id"), 0), 2) AS "chase_success_rate" FROM "ipl_pipeline"."sqlmesh__ipl_data"."ipl_data__match_summary__3571401287" AS "match_summary" GROUP BY "match_summary"."venue", "match_summary"."city" (base.py:2624)
2026-04-13 10:35:33,366 - MainThread - sqlmesh.core.state_sync.db.facade - INFO - Adding interval (2026-04-06 00:00:00, 2026-04-08 00:00:00) for snapshot SnapshotId<"ipl_pipeline"."ipl_data"."venue_stats": 681451710> (facade.py:637)
2026-04-13 10:35:33,366 - MainThread - sqlmesh.core.state_sync.db.interval - INFO - Pushing intervals for snapshot SnapshotId<"ipl_pipeline"."ipl_data"."venue_stats": 681451710> (interval.py:215)
2026-04-13 10:35:33,385 - MainThread - sqlmesh.core.plan.evaluator - INFO - Evaluating plan stage EnvironmentRecordUpdateStage (evaluator.py:123)
2026-04-13 10:35:33,385 - MainThread - sqlmesh.core.state_sync.db.facade - INFO - Promoting environment 'prod' (facade.py:167)
2026-04-13 10:35:33,411 - MainThread - sqlmesh.core.plan.evaluator - INFO - Evaluating plan stage UnpauseStage (evaluator.py:123)
2026-04-13 10:35:33,421 - MainThread - sqlmesh.core.plan.evaluator - INFO - Evaluating plan stage VirtualLayerUpdateStage (evaluator.py:123)
2026-04-13 10:35:33,425 - MainThread - sqlmesh.core.snapshot.evaluator - INFO - Creating schema 'ipl_pipeline.ipl_data' (evaluator.py:1449)
2026-04-13 10:35:33,425 - MainThread - sqlmesh.core.engine_adapter.base - INFO - Executing SQL: /* SQLMESH_PLAN: 38e4630dee3e4ae09a15aedf1f57222a */ CREATE SCHEMA IF NOT EXISTS "ipl_pipeline"."ipl_data" (base.py:2624)
2026-04-13 10:35:33,426 - MainThread - sqlmesh.core.snapshot.evaluator - INFO - Listing data objects in schema ipl_pipeline.ipl_data (evaluator.py:1616)
2026-04-13 10:35:33,426 - MainThread - sqlmesh.core.engine_adapter.base - INFO - Executing SQL: /* SQLMESH_PLAN: 38e4630dee3e4ae09a15aedf1f57222a */ SELECT CURRENT_CATALOG (base.py:2624)
2026-04-13 10:35:33,426 - MainThread - sqlmesh.core.engine_adapter.base - INFO - Executing SQL: /* SQLMESH_PLAN: 38e4630dee3e4ae09a15aedf1f57222a */ SELECT CURRENT_CATALOG (base.py:2624)
2026-04-13 10:35:33,427 - MainThread - sqlmesh.core.engine_adapter.base - INFO - Executing SQL: /* SQLMESH_PLAN: 38e4630dee3e4ae09a15aedf1f57222a */ SELECT table_name AS name, table_schema AS schema, CASE table_type WHEN 'BASE TABLE' THEN 'table' WHEN 'VIEW' THEN 'view' WHEN 'LOCAL TEMPORARY' THEN 'table' END AS type FROM system.information_schema.tables WHERE (table_catalog = 'ipl_pipeline' AND table_schema = 'ipl_data') AND table_name IN ('match_summary', 'venue_stats', 'team_performance') (base.py:2624)
2026-04-13 10:35:33,430 - MainThread - sqlmesh.core.snapshot.evaluator - INFO - Updating view 'ipl_pipeline.ipl_data.match_summary' to point at table 'ipl_pipeline.sqlmesh__ipl_data.ipl_data__match_summary__3571401287' (evaluator.py:1988)
2026-04-13 10:35:33,430 - MainThread - sqlmesh.core.engine_adapter.base - INFO - Executing SQL: /* SQLMESH_PLAN: 38e4630dee3e4ae09a15aedf1f57222a */ CREATE OR REPLACE VIEW "ipl_pipeline"."ipl_data"."match_summary" AS SELECT * FROM "ipl_pipeline"."sqlmesh__ipl_data"."ipl_data__match_summary__3571401287" (base.py:2624)
2026-04-13 10:35:33,436 - MainThread - sqlmesh.core.snapshot.evaluator - INFO - Updating view 'ipl_pipeline.ipl_data.team_performance' to point at table 'ipl_pipeline.sqlmesh__ipl_data.ipl_data__team_performance__1327928657' (evaluator.py:1988)
2026-04-13 10:35:33,436 - MainThread - sqlmesh.core.engine_adapter.base - INFO - Executing SQL: /* SQLMESH_PLAN: 38e4630dee3e4ae09a15aedf1f57222a */ CREATE OR REPLACE VIEW "ipl_pipeline"."ipl_data"."team_performance" AS SELECT * FROM "ipl_pipeline"."sqlmesh__ipl_data"."ipl_data__team_performance__1327928657" (base.py:2624)
2026-04-13 10:35:33,440 - MainThread - sqlmesh.core.snapshot.evaluator - INFO - Updating view 'ipl_pipeline.ipl_data.venue_stats' to point at table 'ipl_pipeline.sqlmesh__ipl_data.ipl_data__venue_stats__4143657373' (evaluator.py:1988)
2026-04-13 10:35:33,442 - MainThread - sqlmesh.core.engine_adapter.base - INFO - Executing SQL: /* SQLMESH_PLAN: 38e4630dee3e4ae09a15aedf1f57222a */ CREATE OR REPLACE VIEW "ipl_pipeline"."ipl_data"."venue_stats" AS SELECT * FROM "ipl_pipeline"."sqlmesh__ipl_data"."ipl_data__venue_stats__4143657373" (base.py:2624)
2026-04-13 10:35:33,448 - MainThread - sqlmesh.core.plan.evaluator - INFO - Evaluating plan stage FinalizeEnvironmentStage (evaluator.py:123)
2026-04-13 10:35:33,448 - MainThread - sqlmesh.core.state_sync.db.environment - INFO - Finalizing environment 'prod' (environment.py:141)
2026-04-13 10:35:33,517 - MainThread - root - INFO - Shutting down the event dispatcher (dispatcher.py:159)
